<?xml version="1.0" encoding="utf-8"?><testsuites name="pytest tests"><testsuite name="pytest" errors="0" failures="0" skipped="0" tests="573" time="5.187" timestamp="2026-08-24T19:58:41.740931+00:00" hostname="runnervm6iq3x"><testcase classname="tests.test_protocol_conformance" name="test_rc6_candidate_manifest_and_release_record_are_exact_non_release_evidence" time="0.004" /><testcase classname="tests.test_protocol_conformance" name="test_rc6_in_scope_vector_inventory_is_exhaustive" time="0.002" /><testcase classname="tests.test_protocol_conformance" name="test_rc6_host_policy_identity_matches_build_driver_contract" time="0.001" /><testcase classname="tests.test_protocol_conformance" name="test_rc6_generated_schema_case_is_consumed[agent-skill-v6.schema.json:agent-skill-v6/valid.json]" time="0.017" /><testcase classname="tests.test_protocol_conformance" name="test_rc6_generated_schema_case_is_consumed[agent-skill-v6.schema.json:agent-skill-v6/invalid.json]" time="0.003" /><testcase classname="tests.test_protocol_conformance" name="test_rc6_generated_schema_case_is_consumed[agent-skill-v6.schema.json:agent-skill-v6/invalid-build-missing-driver.json]" time="0.004" /><testcase classname="tests.test_protocol_conformance" name="test_rc6_generated_schema_case_is_consumed[agent-skill-v6.schema.json:agent-skill-v6/invalid-build-missing-source-dir.json]" time="0.004" /><testcase classname="tests.test_protocol_conformance" name="test_rc6_generated_schema_case_is_consumed[agent-skill-v6.schema.json:agent-skill-v6/invalid-build-root-dot.json]" time="0.004" /><testcase classname="tests.test_protocol_conformance" name="test_rc6_generated_schema_case_is_consumed[agent-skill-v6.schema.json:agent-skill-v6/invalid-build-source-dir-dot.json]" time="0.005" /><testcase classname="tests.test_protocol_conformance" name="test_rc6_generated_schema_case_is_consumed[agent-skill-v6.schema.json:agent-skill-v6/invalid-build-unsupported-driver.json]" time="0.005" /><testcase classname="tests.test_protocol_conformance" name="test_rc6_generated_schema_case_is_consumed[agent-skill-v6.schema.json:agent-skill-v6/invalid-build-mixed-script.json]" time="0.005" /><testcase classname="tests.test_protocol_conformance" name="test_rc6_generated_schema_case_is_consumed[agent-skill-v6.schema.json:agent-skill-v6/invalid-build-mixed-system.json]" time="0.004" /><testcase classname="tests.test_protocol_conformance" name="test_rc6_generated_schema_case_is_consumed[agent-skill-v6.schema.json:agent-skill-v6/invalid-build-args.json]" time="0.005" /><testcase classname="tests.test_protocol_conformance" name="test_rc6_generated_schema_case_is_consumed[agent-skill-v6.schema.json:agent-skill-v6/invalid-build-env.json]" time="0.005" /><testcase classname="tests.test_protocol_conformance" name="test_rc6_generated_schema_case_is_consumed[agent-skill-v6.schema.json:agent-skill-v6/invalid-build-flags.json]" time="0.005" /><testcase classname="tests.test_protocol_conformance" name="test_rc6_generated_schema_case_is_consumed[agent-skill-v6.schema.json:agent-skill-v6/invalid-build-hooks.json]" time="0.005" /><testcase classname="tests.test_protocol_conformance" name="test_rc6_generated_schema_case_is_consumed[agent-skill-v6.schema.json:agent-skill-v6/invalid-build-output.json]" time="0.004" /><testcase classname="tests.test_protocol_conformance" name="test_rc6_generated_schema_case_is_consumed[agent-skill-v6.schema.json:agent-skill-v6/invalid-build-scripts.json]" time="0.004" /><testcase classname="tests.test_protocol_conformance" name="test_rc6_generated_schema_case_is_consumed[agent-skill-v6.schema.json:agent-skill-v6/invalid-build-tags.json]" time="0.004" /><testcase classname="tests.test_protocol_conformance" name="test_rc6_generated_schema_case_is_consumed[agent-skill-v6.schema.json:agent-skill-v6/invalid-build-toolchain.json]" time="0.004" /><testcase classname="tests.test_protocol_conformance" name="test_rc6_generated_schema_case_is_consumed[agent-skill-v6.schema.json:agent-skill-v6/invalid-v7-build-repositories.json]" time="0.004" /><testcase classname="tests.test_protocol_conformance" name="test_rc6_generated_schema_case_is_consumed[agent-skill-v6.schema.json:agent-skill-v6/invalid-v7-top-level-repository.json]" time="0.004" /><testcase classname="tests.test_protocol_conformance" name="test_rc6_generated_schema_case_is_consumed[agent-skill-v6.schema.json:agent-skill-v6/invalid-v7-top-level-target.json]" time="0.004" /><testcase classname="tests.test_protocol_conformance" name="test_rc6_generated_schema_case_is_consumed[agent-skill-v6.schema.json:agent-skill-v6/invalid-v7-top-level-driver.json]" time="0.004" /><testcase classname="tests.test_protocol_conformance" name="test_rc6_generated_schema_case_is_consumed[agent-skill-v6.schema.json:agent-skill-v6/invalid-v7-command-repository.json]" time="0.004" /><testcase classname="tests.test_protocol_conformance" name="test_rc6_generated_schema_case_is_consumed[agent-skill-v6.schema.json:agent-skill-v6/invalid-v7-command-target.json]" time="0.004" /><testcase classname="tests.test_protocol_conformance" name="test_rc6_generated_schema_case_is_consumed[agent-skill-v6.schema.json:agent-skill-v6/invalid-v7-command-driver.json]" time="0.006" /><testcase classname="tests.test_protocol_conformance" name="test_rc6_generated_schema_case_is_consumed[agent-skill-v6.schema.json:agent-skill-v6/invalid-v8-top-level-execution-policy.json]" time="0.004" /><testcase classname="tests.test_protocol_conformance" name="test_rc6_generated_schema_case_is_consumed[agent-skill-v6.schema.json:agent-skill-v6/invalid-v8-top-level-interpreter.json]" time="0.004" /><testcase classname="tests.test_protocol_conformance" name="test_rc6_generated_schema_case_is_consumed[agent-skill-v6.schema.json:agent-skill-v6/invalid-v8-command-execution-policy.json]" time="0.004" /><testcase classname="tests.test_protocol_conformance" name="test_rc6_generated_schema_case_is_consumed[agent-skill-v6.schema.json:agent-skill-v6/invalid-v8-command-interpreter.json]" time="0.004" /><testcase classname="tests.test_protocol_conformance" name="test_rc6_generated_schema_case_is_consumed[build-receipt-v1.schema.json:build-receipt-v1/valid.json]" time="0.005" /><testcase classname="tests.test_protocol_conformance" name="test_rc6_generated_schema_case_is_consumed[build-receipt-v1.schema.json:build-receipt-v1/invalid.json]" time="0.002" /><testcase classname="tests.test_protocol_conformance" name="test_rc6_generated_schema_case_is_consumed[build-receipt-v1.schema.json:build-receipt-v1/invalid-missing-input.json]" time="0.002" /><testcase classname="tests.test_protocol_conformance" name="test_rc6_generated_schema_case_is_consumed[build-receipt-v1.schema.json:build-receipt-v1/invalid-missing-artifact.json]" time="0.002" /><testcase classname="tests.test_protocol_conformance" name="test_rc6_generated_schema_case_is_consumed[build-receipt-v1.schema.json:build-receipt-v1/invalid-driver-mismatch.json]" time="0.003" /><testcase classname="tests.test_protocol_conformance" name="test_rc6_generated_schema_case_is_consumed[build-receipt-v1.schema.json:build-receipt-v1/invalid-build-source-algorithm.json]" time="0.002" /><testcase classname="tests.test_protocol_conformance" name="test_rc6_generated_schema_case_is_consumed[build-receipt-v1.schema.json:build-receipt-v1/invalid-toolchain-algorithm.json]" time="0.002" /><testcase classname="tests.test_protocol_conformance" name="test_rc6_generated_schema_case_is_consumed[build-receipt-v1.schema.json:build-receipt-v1/invalid-policy-mismatch.json]" time="0.002" /><testcase classname="tests.test_protocol_conformance" name="test_rc6_generated_schema_case_is_consumed[build-receipt-v1.schema.json:build-receipt-v1/invalid-hardened-execution-policy.json]" time="0.002" /><testcase classname="tests.test_protocol_conformance" name="test_rc6_generated_schema_case_is_consumed[build-receipt-v1.schema.json:build-receipt-v1/invalid-missing-execution-policy.json]" time="0.002" /><testcase classname="tests.test_protocol_conformance" name="test_rc6_generated_schema_case_is_consumed[build-receipt-v1.schema.json:build-receipt-v1/invalid-artifact-hash.json]" time="0.002" /><testcase classname="tests.test_protocol_conformance" name="test_rc6_generated_schema_case_is_consumed[build-receipt-v1.schema.json:build-receipt-v1/invalid-unknown-input-field.json]" time="0.002" /><testcase classname="tests.test_protocol_conformance" name="test_rc6_generated_schema_case_is_consumed[build-receipt-v1.schema.json:build-receipt-v1/invalid-self-asserted-trusted.json]" time="0.002" /><testcase classname="tests.test_protocol_conformance" name="test_rc6_generated_schema_case_is_consumed[build-receipt-v1.schema.json:build-receipt-v1/invalid-self-asserted-provenance.json]" time="0.002" /><testcase classname="tests.test_protocol_conformance" name="test_rc6_generated_schema_case_is_consumed[build-receipt-v1.schema.json:build-receipt-v1/invalid-self-asserted-manager-created.json]" time="0.002" /><testcase classname="tests.test_protocol_conformance" name="test_rc6_generated_schema_case_is_consumed[build-receipt-v1.schema.json:build-receipt-v1/invalid-physical-cache-path.json]" time="0.002" /><testcase classname="tests.test_protocol_conformance" name="test_rc6_generated_schema_case_is_consumed[build-receipt-v1.schema.json:build-receipt-v1/invalid-physical-receipt-path.json]" time="0.002" /><testcase classname="tests.test_protocol_conformance" name="test_rc6_generated_schema_case_is_consumed[build-receipt-v1.schema.json:build-receipt-v1/invalid-physical-lock-path.json]" time="0.003" /><testcase classname="tests.test_protocol_conformance" name="test_rc6_generated_schema_case_is_consumed[conformance-claim-v1.schema.json:conformance-claim-v1/valid.json]" time="0.005" /><testcase classname="tests.test_protocol_conformance" name="test_rc6_generated_schema_case_is_consumed[conformance-claim-v1.schema.json:conformance-claim-v1/invalid.json]" time="0.002" /><testcase classname="tests.test_protocol_conformance" name="test_rc6_generated_schema_case_is_consumed[conformance-claim-v2.schema.json:conformance-claim-v2/valid.json]" time="0.005" /><testcase classname="tests.test_protocol_conformance" name="test_rc6_generated_schema_case_is_consumed[conformance-claim-v2.schema.json:conformance-claim-v2/invalid.json]" time="0.002" /><testcase classname="tests.test_protocol_conformance" name="test_rc6_generated_schema_case_is_consumed[conformance-claim-v2.schema.json:conformance-claim-v2/invalid-protocol-version-rc3.json]" time="0.002" /><testcase classname="tests.test_protocol_conformance" name="test_rc6_generated_schema_case_is_consumed[conformance-claim-v2.schema.json:conformance-claim-v2/invalid-schema-version-1.json]" time="0.002" /><testcase classname="tests.test_protocol_conformance" name="test_rc6_generated_schema_case_is_consumed[conformance-claim-v2.schema.json:conformance-claim-v2/invalid-duplicate-classes.json]" time="0.002" /><testcase classname="tests.test_protocol_conformance" name="test_rc6_generated_schema_case_is_consumed[conformance-claim-v2.schema.json:conformance-claim-v2/invalid-result-fail.json]" time="0.002" /><testcase classname="tests.test_protocol_conformance" name="test_rc6_generated_schema_case_is_consumed[conformance-claim-v2.schema.json:conformance-claim-v2/invalid-unknown-field.json]" time="0.002" /><testcase classname="tests.test_protocol_conformance" name="test_rc6_generated_schema_case_is_consumed[conformance-claim-v3.schema.json:conformance-claim-v3/valid.json]" time="0.008" /><testcase classname="tests.test_protocol_conformance" name="test_rc6_generated_schema_case_is_consumed[conformance-claim-v3.schema.json:conformance-claim-v3/invalid.json]" time="0.002" /><testcase classname="tests.test_protocol_conformance" name="test_rc6_generated_schema_case_is_consumed[conformance-claim-v3.schema.json:conformance-claim-v3/valid-macos-only.json]" time="0.002" /><testcase classname="tests.test_protocol_conformance" name="test_rc6_generated_schema_case_is_consumed[conformance-claim-v3.schema.json:conformance-claim-v3/invalid-linux-unqualified.json]" time="0.002" /><testcase classname="tests.test_protocol_conformance" name="test_rc6_generated_schema_case_is_consumed[conformance-claim-v3.schema.json:conformance-claim-v3/invalid-rc4.json]" time="0.002" /><testcase classname="tests.test_protocol_conformance" name="test_rc6_generated_schema_case_is_consumed[conformance-claim-v3.schema.json:conformance-claim-v3/invalid-duplicate-platform.json]" time="0.002" /><testcase classname="tests.test_protocol_conformance" name="test_rc6_generated_schema_case_is_consumed[conformance-claim-v3.schema.json:conformance-claim-v3/invalid-duplicate-driver-assertion.json]" time="0.002" /><testcase classname="tests.test_protocol_conformance" name="test_rc6_generated_schema_case_is_consumed[conformance-claim-v3.schema.json:conformance-claim-v3/invalid-driver-platform-outside-claim.json]" time="0.002" /><testcase classname="tests.test_protocol_conformance" name="test_rc6_generated_schema_case_is_consumed[conformance-claim-v3.schema.json:conformance-claim-v3/invalid-generic-driver.json]" time="0.002" /><testcase classname="tests.test_protocol_conformance" name="test_rc6_generated_schema_case_is_consumed[conformance-claim-v3.schema.json:conformance-claim-v3/invalid-language-mismatch.json]" time="0.002" /><testcase classname="tests.test_protocol_conformance" name="test_rc6_generated_schema_case_is_consumed[conformance-claim-v3.schema.json:conformance-claim-v3/invalid-hardened-execution-policy.json]" time="0.002" /><testcase classname="tests.test_protocol_conformance" name="test_rc6_generated_schema_case_is_consumed[conformance-claim-v3.schema.json:conformance-claim-v3/invalid-missing-execution-policy.json]" time="0.002" /><testcase classname="tests.test_protocol_conformance" name="test_rc6_generated_schema_case_is_consumed[conformance-claim-v3.schema.json:conformance-claim-v3/invalid-unknown-field.json]" time="0.002" /><testcase classname="tests.test_protocol_conformance" name="test_rc6_generated_schema_case_is_consumed[csk-skill-v6.schema.json:csk-skill-v6/valid.json]" time="0.007" /><testcase classname="tests.test_protocol_conformance" name="test_rc6_generated_schema_case_is_consumed[csk-skill-v6.schema.json:csk-skill-v6/invalid.json]" time="0.003" /><testcase classname="tests.test_protocol_conformance" name="test_rc6_generated_schema_case_is_consumed[csk-skill-v6.schema.json:csk-skill-v6/invalid-build-missing-driver.json]" time="0.004" /><testcase classname="tests.test_protocol_conformance" name="test_rc6_generated_schema_case_is_consumed[csk-skill-v6.schema.json:csk-skill-v6/invalid-build-missing-source-dir.json]" time="0.004" /><testcase classname="tests.test_protocol_conformance" name="test_rc6_generated_schema_case_is_consumed[csk-skill-v6.schema.json:csk-skill-v6/invalid-build-root-dot.json]" time="0.004" /><testcase classname="tests.test_protocol_conformance" name="test_rc6_generated_schema_case_is_consumed[csk-skill-v6.schema.json:csk-skill-v6/invalid-build-source-dir-dot.json]" time="0.004" /><testcase classname="tests.test_protocol_conformance" name="test_rc6_generated_schema_case_is_consumed[csk-skill-v6.schema.json:csk-skill-v6/invalid-build-unsupported-driver.json]" time="0.004" /><testcase classname="tests.test_protocol_conformance" name="test_rc6_generated_schema_case_is_consumed[csk-skill-v6.schema.json:csk-skill-v6/invalid-build-mixed-script.json]" time="0.004" /><testcase classname="tests.test_protocol_conformance" name="test_rc6_generated_schema_case_is_consumed[csk-skill-v6.schema.json:csk-skill-v6/invalid-build-mixed-system.json]" time="0.004" /><testcase classname="tests.test_protocol_conformance" name="test_rc6_generated_schema_case_is_consumed[csk-skill-v6.schema.json:csk-skill-v6/invalid-build-args.json]" time="0.004" /><testcase classname="tests.test_protocol_conformance" name="test_rc6_generated_schema_case_is_consumed[csk-skill-v6.schema.json:csk-skill-v6/invalid-build-env.json]" time="0.004" /><testcase classname="tests.test_protocol_conformance" name="test_rc6_generated_schema_case_is_consumed[csk-skill-v6.schema.json:csk-skill-v6/invalid-build-flags.json]" time="0.004" /><testcase classname="tests.test_protocol_conformance" name="test_rc6_generated_schema_case_is_consumed[csk-skill-v6.schema.json:csk-skill-v6/invalid-build-hooks.json]" time="0.004" /><testcase classname="tests.test_protocol_conformance" name="test_rc6_generated_schema_case_is_consumed[csk-skill-v6.schema.json:csk-skill-v6/invalid-build-output.json]" time="0.004" /><testcase classname="tests.test_protocol_conformance" name="test_rc6_generated_schema_case_is_consumed[csk-skill-v6.schema.json:csk-skill-v6/invalid-build-scripts.json]" time="0.004" /><testcase classname="tests.test_protocol_conformance" name="test_rc6_generated_schema_case_is_consumed[csk-skill-v6.schema.json:csk-skill-v6/invalid-build-tags.json]" time="0.004" /><testcase classname="tests.test_protocol_conformance" name="test_rc6_generated_schema_case_is_consumed[csk-skill-v6.schema.json:csk-skill-v6/invalid-build-toolchain.json]" time="0.004" /><testcase classname="tests.test_protocol_conformance" name="test_rc6_generated_schema_case_is_consumed[csk-skill-v6.schema.json:csk-skill-v6/invalid-v7-build-repositories.json]" time="0.005" /><testcase classname="tests.test_protocol_conformance" name="test_rc6_generated_schema_case_is_consumed[csk-skill-v6.schema.json:csk-skill-v6/invalid-v7-top-level-repository.json]" time="0.004" /><testcase classname="tests.test_protocol_conformance" name="test_rc6_generated_schema_case_is_consumed[csk-skill-v6.schema.json:csk-skill-v6/invalid-v7-top-level-target.json]" time="0.004" /><testcase classname="tests.test_protocol_conformance" name="test_rc6_generated_schema_case_is_consumed[csk-skill-v6.schema.json:csk-skill-v6/invalid-v7-top-level-driver.json]" time="0.005" /><testcase classname="tests.test_protocol_conformance" name="test_rc6_generated_schema_case_is_consumed[csk-skill-v6.schema.json:csk-skill-v6/invalid-v7-command-repository.json]" time="0.004" /><testcase classname="tests.test_protocol_conformance" name="test_rc6_generated_schema_case_is_consumed[csk-skill-v6.schema.json:csk-skill-v6/invalid-v7-command-target.json]" time="0.005" /><testcase classname="tests.test_protocol_conformance" name="test_rc6_generated_schema_case_is_consumed[csk-skill-v6.schema.json:csk-skill-v6/invalid-v7-command-driver.json]" time="0.004" /><testcase classname="tests.test_protocol_conformance" name="test_rc6_generated_schema_case_is_consumed[csk-skill-v6.schema.json:csk-skill-v6/invalid-v8-top-level-execution-policy.json]" time="0.004" /><testcase classname="tests.test_protocol_conformance" name="test_rc6_generated_schema_case_is_consumed[csk-skill-v6.schema.json:csk-skill-v6/invalid-v8-top-level-interpreter.json]" time="0.004" /><testcase classname="tests.test_protocol_conformance" name="test_rc6_generated_schema_case_is_consumed[csk-skill-v6.schema.json:csk-skill-v6/invalid-v8-command-execution-policy.json]" time="0.004" /><testcase classname="tests.test_protocol_conformance" name="test_rc6_generated_schema_case_is_consumed[csk-skill-v6.schema.json:csk-skill-v6/invalid-v8-command-interpreter.json]" time="0.004" /><testcase classname="tests.test_protocol_conformance" name="test_rc6_generated_schema_case_is_consumed[install-marker-v2.schema.json:install-marker-v2/valid.json]" time="0.025" /><testcase classname="tests.test_protocol_conformance" name="test_rc6_generated_schema_case_is_consumed[install-marker-v2.schema.json:install-marker-v2/invalid.json]" time="0.002" /><testcase classname="tests.test_protocol_conformance" name="test_rc6_generated_schema_case_is_consumed[install-marker-v2.schema.json:install-marker-v2/valid-empty-builds.json]" time="0.003" /><testcase classname="tests.test_protocol_conformance" name="test_rc6_generated_schema_case_is_consumed[install-marker-v2.schema.json:install-marker-v2/valid-multiple-builds.json]" time="0.005" /><testcase classname="tests.test_protocol_conformance" name="test_rc6_generated_schema_case_is_consumed[install-marker-v2.schema.json:install-marker-v2/invalid-missing-build-roots.json]" time="0.003" /><testcase classname="tests.test_protocol_conformance" name="test_rc6_generated_schema_case_is_consumed[install-marker-v2.schema.json:install-marker-v2/invalid-missing-build-source.json]" time="0.004" /><testcase classname="tests.test_protocol_conformance" name="test_rc6_generated_schema_case_is_consumed[install-marker-v2.schema.json:install-marker-v2/invalid-build-source-with-empty-builds.json]" time="0.003" /><testcase classname="tests.test_protocol_conformance" name="test_rc6_generated_schema_case_is_consumed[install-marker-v2.schema.json:install-marker-v2/invalid-unknown-top-level.json]" time="0.003" /><testcase classname="tests.test_protocol_conformance" name="test_rc6_generated_schema_case_is_consumed[install-marker-v2.schema.json:install-marker-v2/invalid-unknown-build-field.json]" time="0.003" /><testcase classname="tests.test_protocol_conformance" name="test_rc6_generated_schema_case_is_consumed[install-marker-v2.schema.json:install-marker-v2/invalid-driver-mismatch.json]" time="0.003" /><testcase classname="tests.test_protocol_conformance" name="test_rc6_generated_schema_case_is_consumed[install-marker-v2.schema.json:install-marker-v2/invalid-build-source-algorithm.json]" time="0.002" /><testcase classname="tests.test_protocol_conformance" name="test_rc6_generated_schema_case_is_consumed[install-marker-v2.schema.json:install-marker-v2/invalid-skill-schema-version.json]" time="0.003" /><testcase classname="tests.test_protocol_conformance" name="test_rc6_generated_schema_case_is_consumed[install-marker-v2.schema.json:install-marker-v2/invalid-receipt-hash.json]" time="0.003" /><testcase classname="tests.test_protocol_conformance" name="test_rc6_generated_schema_case_is_consumed[install-marker-v2.schema.json:install-marker-v2/invalid-artifact-path.json]" time="0.003" /><testcase classname="tests.test_protocol_conformance" name="test_rc6_expected_build_driver_artifact_matches_manifest[build-input.ccj.json]" time="0.002" /><testcase classname="tests.test_protocol_conformance" name="test_rc6_expected_build_driver_artifact_matches_manifest[build-source-sha256.txt]" time="0.002" /><testcase classname="tests.test_protocol_conformance" name="test_rc6_expected_build_driver_artifact_matches_manifest[build-source.preimage.bin]" time="0.002" /><testcase classname="tests.test_protocol_conformance" name="test_rc6_expected_build_driver_artifact_matches_manifest[cache-key.txt]" time="0.002" /><testcase classname="tests.test_protocol_conformance" name="test_rc6_expected_build_driver_artifact_matches_manifest[context_files.json]" time="0.002" /><testcase classname="tests.test_protocol_conformance" name="test_rc6_expected_build_driver_artifact_matches_manifest[context_sha256.txt]" time="0.002" /><testcase classname="tests.test_protocol_conformance" name="test_rc6_expected_build_driver_artifact_matches_manifest[marker.json]" time="0.002" /><testcase classname="tests.test_protocol_conformance" name="test_rc6_expected_build_driver_artifact_matches_manifest[receipt-sha256.txt]" time="0.002" /><testcase classname="tests.test_protocol_conformance" name="test_rc6_expected_build_driver_artifact_matches_manifest[receipt.ccj.json]" time="0.002" /><testcase classname="tests.test_protocol_conformance" name="test_rc6_expected_build_driver_artifact_matches_manifest[toolchain-sha256.txt]" time="0.002" /><testcase classname="tests.test_protocol_conformance" name="test_rc6_expected_build_driver_artifact_matches_manifest[toolchain.preimage.bin]" time="0.002" /><testcase classname="tests.test_protocol_conformance" name="test_rc6_expected_build_driver_tree_is_byte_exact" time="0.004" /><testcase classname="tests.test_protocol_conformance" name="test_rc6_build_driver_positive_case[schema-6-mixed-script-and-build-commands]" time="0.002" /><testcase classname="tests.test_protocol_conformance" name="test_rc6_build_driver_positive_case[build-root-excluded-from-agent-context]" time="0.007" /><testcase classname="tests.test_protocol_conformance" name="test_rc6_build_driver_positive_case[valid-standard-library-only-main]" time="0.004" /><testcase classname="tests.test_protocol_conformance" name="test_rc6_build_driver_positive_case[valid-vendor-only-main-with-transitive-embed]" time="0.003" /><testcase classname="tests.test_protocol_conformance" name="test_rc6_build_driver_positive_case[fixed-environment-and-five-direct-argv-forms]" time="0.024" /><testcase classname="tests.test_protocol_conformance" name="test_rc6_build_driver_positive_case[portable-execution-policy-is-required-input]" time="0.002" /><testcase classname="tests.test_protocol_conformance" name="test_rc6_build_driver_positive_case[protected-cache-hit]" time="0.002" /><testcase classname="tests.test_protocol_conformance" name="test_rc6_build_driver_positive_case[compiler-free-dry-run-miss]" time="0.002" /><testcase classname="tests.test_protocol_conformance" name="test_rc6_build_driver_rejection_case[schema-5-build-command]" time="0.003" /><testcase classname="tests.test_protocol_conformance" name="test_rc6_build_driver_rejection_case[unknown-driver]" time="0.003" /><testcase classname="tests.test_protocol_conformance" name="test_rc6_build_driver_rejection_case[forbidden-args]" time="0.003" /><testcase classname="tests.test_protocol_conformance" name="test_rc6_build_driver_rejection_case[forbidden-env]" time="0.003" /><testcase classname="tests.test_protocol_conformance" name="test_rc6_build_driver_rejection_case[forbidden-output]" time="0.003" /><testcase classname="tests.test_protocol_conformance" name="test_rc6_build_driver_rejection_case[forbidden-toolchain]" time="0.003" /><testcase classname="tests.test_protocol_conformance" name="test_rc6_build_driver_rejection_case[forbidden-hooks]" time="0.003" /><testcase classname="tests.test_protocol_conformance" name="test_rc6_build_driver_rejection_case[mixed-script-build-shape]" time="0.003" /><testcase classname="tests.test_protocol_conformance" name="test_rc6_build_driver_rejection_case[missing-build-roots]" time="0.003" /><testcase classname="tests.test_protocol_conformance" name="test_rc6_build_driver_rejection_case[missing-build-root-directory]" time="0.003" /><testcase classname="tests.test_protocol_conformance" name="test_rc6_build_driver_rejection_case[unused-build-root]" time="0.004" /><testcase classname="tests.test_protocol_conformance" name="test_rc6_build_driver_rejection_case[overlapping-build-roots]" time="0.003" /><testcase classname="tests.test_protocol_conformance" name="test_rc6_build_driver_rejection_case[runtime-overlapping-build-root]" time="0.003" /><testcase classname="tests.test_protocol_conformance" name="test_rc6_build_driver_rejection_case[root-build-root]" time="0.003" /><testcase classname="tests.test_protocol_conformance" name="test_rc6_build_driver_rejection_case[build-root-symlink]" time="0.003" /><testcase classname="tests.test_protocol_conformance" name="test_rc6_build_driver_rejection_case[build-root-special-file]" time="0.004" /><testcase classname="tests.test_protocol_conformance" name="test_rc6_build_driver_rejection_case[root-source-dir]" time="0.004" /><testcase classname="tests.test_protocol_conformance" name="test_rc6_build_driver_rejection_case[escaped-source-dir]" time="0.004" /><testcase classname="tests.test_protocol_conformance" name="test_rc6_build_driver_rejection_case[source-outside-root]" time="0.004" /><testcase classname="tests.test_protocol_conformance" name="test_rc6_build_driver_rejection_case[source-link]" time="0.003" /><testcase classname="tests.test_protocol_conformance" name="test_rc6_build_driver_rejection_case[source-special-file]" time="0.003" /><testcase classname="tests.test_protocol_conformance" name="test_rc6_build_driver_rejection_case[source-not-directory]" time="0.003" /><testcase classname="tests.test_protocol_conformance" name="test_rc6_build_driver_rejection_case[missing-root-go-mod]" time="0.003" /><testcase classname="tests.test_protocol_conformance" name="test_rc6_build_driver_rejection_case[nested-module]" time="0.004" /><testcase classname="tests.test_protocol_conformance" name="test_rc6_build_driver_rejection_case[non-main-package]" time="0.003" /><testcase classname="tests.test_protocol_conformance" name="test_rc6_build_driver_rejection_case[multiple-packages]" time="0.003" /><testcase classname="tests.test_protocol_conformance" name="test_rc6_build_driver_rejection_case[missing-vendored-dependency]" time="0.003" /><testcase classname="tests.test_protocol_conformance" name="test_rc6_build_driver_rejection_case[inconsistent-vendor-modules]" time="0.004" /><testcase classname="tests.test_protocol_conformance" name="test_rc6_build_driver_rejection_case[workspace-only-dependency]" time="0.003" /><testcase classname="tests.test_protocol_conformance" name="test_rc6_build_driver_rejection_case[toolchain-switch-request]" time="0.003" /><testcase classname="tests.test_protocol_conformance" name="test_rc6_build_driver_rejection_case[unsupported-go-pre-1-23]" time="0.002" /><testcase classname="tests.test_protocol_conformance" name="test_rc6_build_driver_rejection_case[unsupported-go-future-family]" time="0.010" /><testcase classname="tests.test_protocol_conformance" name="test_rc6_build_driver_rejection_case[cgo-only-package]" time="0.003" /><testcase classname="tests.test_protocol_conformance" name="test_rc6_build_driver_rejection_case[native-c-input]" time="0.003" /><testcase classname="tests.test_protocol_conformance" name="test_rc6_build_driver_rejection_case[native-cxx-input]" time="0.003" /><testcase classname="tests.test_protocol_conformance" name="test_rc6_build_driver_rejection_case[native-swig-input]" time="0.002" /><testcase classname="tests.test_protocol_conformance" name="test_rc6_build_driver_rejection_case[root-syso]" time="0.002" /><testcase classname="tests.test_protocol_conformance" name="test_rc6_build_driver_rejection_case[transitive-syso]" time="0.003" /><testcase classname="tests.test_protocol_conformance" name="test_rc6_build_driver_rejection_case[root-assembly-absolute-include]" time="0.003" /><testcase classname="tests.test_protocol_conformance" name="test_rc6_build_driver_rejection_case[transitive-assembly-escaping-include]" time="0.003" /><testcase classname="tests.test_protocol_conformance" name="test_rc6_build_driver_rejection_case[escaped-embed-input]" time="0.003" /><testcase classname="tests.test_protocol_conformance" name="test_rc6_build_driver_rejection_case[cgo-import-dynamic]" time="0.003" /><testcase classname="tests.test_protocol_conformance" name="test_rc6_build_driver_rejection_case[attempted-go-generate]" time="0.003" /><testcase classname="tests.test_protocol_conformance" name="test_rc6_build_driver_rejection_case[default-pgo]" time="0.004" /><testcase classname="tests.test_protocol_conformance" name="test_rc6_build_driver_rejection_case[poisoned-path]" time="0.003" /><testcase classname="tests.test_protocol_conformance" name="test_rc6_build_driver_rejection_case[inherited-goflags-toolexec]" time="0.002" /><testcase classname="tests.test_protocol_conformance" name="test_rc6_build_driver_rejection_case[inherited-goenv]" time="0.002" /><testcase classname="tests.test_protocol_conformance" name="test_rc6_build_driver_rejection_case[inherited-gowork]" time="0.002" /><testcase classname="tests.test_protocol_conformance" name="test_rc6_build_driver_rejection_case[vcs-metadata]" time="0.002" /><testcase classname="tests.test_protocol_conformance" name="test_rc6_build_driver_rejection_case[repository-local-fake-go]" time="0.003" /><testcase classname="tests.test_protocol_conformance" name="test_rc6_build_driver_rejection_case[telemetry-command-failure]" time="0.009" /><testcase classname="tests.test_protocol_conformance" name="test_rc6_build_driver_rejection_case[telemetry-private-dir-escape]" time="0.012" /><testcase classname="tests.test_protocol_conformance" name="test_rc6_build_driver_rejection_case[external-link-required]" time="0.002" /><testcase classname="tests.test_protocol_conformance" name="test_rc6_build_driver_rejection_case[libgcc-fallback-attempt]" time="0.002" /><testcase classname="tests.test_protocol_conformance" name="test_rc6_build_driver_rejection_case[child-outside-goroot-tools]" time="0.003" /><testcase classname="tests.test_protocol_conformance" name="test_rc6_build_driver_rejection_case[wrong-go-executable-path]" time="0.003" /><testcase classname="tests.test_protocol_conformance" name="test_rc6_build_driver_rejection_case[toolchain-digest-mismatch]" time="0.014" /><testcase classname="tests.test_protocol_conformance" name="test_rc6_build_driver_rejection_case[cache-key-mismatch]" time="0.002" /><testcase classname="tests.test_protocol_conformance" name="test_rc6_build_driver_rejection_case[cache-wrong-target]" time="0.002" /><testcase classname="tests.test_protocol_conformance" name="test_rc6_build_driver_rejection_case[cache-wrong-toolchain]" time="0.002" /><testcase classname="tests.test_protocol_conformance" name="test_rc6_build_driver_rejection_case[cache-wrong-policy]" time="0.002" /><testcase classname="tests.test_protocol_conformance" name="test_rc6_build_driver_rejection_case[cache-wrong-build-source]" time="0.002" /><testcase classname="tests.test_protocol_conformance" name="test_rc6_build_driver_rejection_case[receipt-hash-mismatch]" time="0.002" /><testcase classname="tests.test_protocol_conformance" name="test_rc6_build_driver_rejection_case[artifact-hash-mismatch]" time="0.078" /><testcase classname="tests.test_protocol_conformance" name="test_rc6_build_driver_rejection_case[artifact-size-mismatch]" time="0.045" /><testcase classname="tests.test_protocol_conformance" name="test_rc6_build_driver_rejection_case[artifact-path-mismatch]" time="0.003" /><testcase classname="tests.test_protocol_conformance" name="test_rc6_build_driver_rejection_case[noncanonical-receipt-whitespace]" time="0.002" /><testcase classname="tests.test_protocol_conformance" name="test_rc6_build_driver_rejection_case[noncanonical-receipt-trailing-lf]" time="0.002" /><testcase classname="tests.test_protocol_conformance" name="test_rc6_build_driver_rejection_case[partial-cache-entry]" time="0.044" /><testcase classname="tests.test_protocol_conformance" name="test_rc6_build_driver_rejection_case[artifact-link]" time="0.048" /><testcase classname="tests.test_protocol_conformance" name="test_rc6_build_driver_rejection_case[artifact-special-file]" time="0.046" /><testcase classname="tests.test_protocol_conformance" name="test_rc6_build_driver_rejection_case[concurrent-publisher-different-bytes]" time="0.070" /><testcase classname="tests.test_protocol_conformance" name="test_rc6_build_driver_rejection_case[self-consistent-forged-receipt-outside-protected-state]" time="0.013" /><testcase classname="tests.test_protocol_conformance" name="test_rc6_build_driver_rejection_case[marker-embed-build-source-regression]" time="0.008" /><testcase classname="tests.test_protocol_conformance" name="test_rc6_build_driver_rejection_case[build-root-content-in-context]" time="0.011" /><testcase classname="tests.test_protocol_conformance" name="test_rc6_build_driver_rejection_case[legacy-rc4-input-without-execution-policy]" time="0.002" /><testcase classname="tests.test_protocol_conformance" name="test_rc6_build_driver_rejection_case[reserved-hardened-execution-policy]" time="0.002" /><testcase classname="tests.test_protocol_conformance" name="test_rc6_build_driver_rejection_condition_is_exact[schema-5-build-command]" time="0.002" /><testcase classname="tests.test_protocol_conformance" name="test_rc6_build_driver_rejection_condition_is_exact[unknown-driver]" time="0.002" /><testcase classname="tests.test_protocol_conformance" name="test_rc6_build_driver_rejection_condition_is_exact[forbidden-args]" time="0.002" /><testcase classname="tests.test_protocol_conformance" name="test_rc6_build_driver_rejection_condition_is_exact[forbidden-env]" time="0.002" /><testcase classname="tests.test_protocol_conformance" name="test_rc6_build_driver_rejection_condition_is_exact[forbidden-output]" time="0.002" /><testcase classname="tests.test_protocol_conformance" name="test_rc6_build_driver_rejection_condition_is_exact[forbidden-toolchain]" time="0.002" /><testcase classname="tests.test_protocol_conformance" name="test_rc6_build_driver_rejection_condition_is_exact[forbidden-hooks]" time="0.002" /><testcase classname="tests.test_protocol_conformance" name="test_rc6_build_driver_rejection_condition_is_exact[mixed-script-build-shape]" time="0.002" /><testcase classname="tests.test_protocol_conformance" name="test_rc6_build_driver_rejection_condition_is_exact[missing-build-roots]" time="0.002" /><testcase classname="tests.test_protocol_conformance" name="test_rc6_build_driver_rejection_condition_is_exact[missing-build-root-directory]" time="0.002" /><testcase classname="tests.test_protocol_conformance" name="test_rc6_build_driver_rejection_condition_is_exact[unused-build-root]" time="0.002" /><testcase classname="tests.test_protocol_conformance" name="test_rc6_build_driver_rejection_condition_is_exact[overlapping-build-roots]" time="0.002" /><testcase classname="tests.test_protocol_conformance" name="test_rc6_build_driver_rejection_condition_is_exact[runtime-overlapping-build-root]" time="0.002" /><testcase classname="tests.test_protocol_conformance" name="test_rc6_build_driver_rejection_condition_is_exact[root-build-root]" time="0.002" /><testcase classname="tests.test_protocol_conformance" name="test_rc6_build_driver_rejection_condition_is_exact[build-root-symlink]" time="0.002" /><testcase classname="tests.test_protocol_conformance" name="test_rc6_build_driver_rejection_condition_is_exact[build-root-special-file]" time="0.002" /><testcase classname="tests.test_protocol_conformance" name="test_rc6_build_driver_rejection_condition_is_exact[root-source-dir]" time="0.002" /><testcase classname="tests.test_protocol_conformance" name="test_rc6_build_driver_rejection_condition_is_exact[escaped-source-dir]" time="0.002" /><testcase classname="tests.test_protocol_conformance" name="test_rc6_build_driver_rejection_condition_is_exact[source-outside-root]" time="0.002" /><testcase classname="tests.test_protocol_conformance" name="test_rc6_build_driver_rejection_condition_is_exact[source-link]" time="0.002" /><testcase classname="tests.test_protocol_conformance" name="test_rc6_build_driver_rejection_condition_is_exact[source-special-file]" time="0.002" /><testcase classname="tests.test_protocol_conformance" name="test_rc6_build_driver_rejection_condition_is_exact[source-not-directory]" time="0.002" /><testcase classname="tests.test_protocol_conformance" name="test_rc6_build_driver_rejection_condition_is_exact[missing-root-go-mod]" time="0.002" /><testcase classname="tests.test_protocol_conformance" name="test_rc6_build_driver_rejection_condition_is_exact[nested-module]" time="0.002" /><testcase classname="tests.test_protocol_conformance" name="test_rc6_build_driver_rejection_condition_is_exact[non-main-package]" time="0.002" /><testcase classname="tests.test_protocol_conformance" name="test_rc6_build_driver_rejection_condition_is_exact[multiple-packages]" time="0.002" /><testcase classname="tests.test_protocol_conformance" name="test_rc6_build_driver_rejection_condition_is_exact[missing-vendored-dependency]" time="0.002" /><testcase classname="tests.test_protocol_conformance" name="test_rc6_build_driver_rejection_condition_is_exact[inconsistent-vendor-modules]" time="0.002" /><testcase classname="tests.test_protocol_conformance" name="test_rc6_build_driver_rejection_condition_is_exact[workspace-only-dependency]" time="0.002" /><testcase classname="tests.test_protocol_conformance" name="test_rc6_build_driver_rejection_condition_is_exact[toolchain-switch-request]" time="0.002" /><testcase classname="tests.test_protocol_conformance" name="test_rc6_build_driver_rejection_condition_is_exact[unsupported-go-pre-1-23]" time="0.002" /><testcase classname="tests.test_protocol_conformance" name="test_rc6_build_driver_rejection_condition_is_exact[unsupported-go-future-family]" time="0.002" /><testcase classname="tests.test_protocol_conformance" name="test_rc6_build_driver_rejection_condition_is_exact[cgo-only-package]" time="0.002" /><testcase classname="tests.test_protocol_conformance" name="test_rc6_build_driver_rejection_condition_is_exact[native-c-input]" time="0.002" /><testcase classname="tests.test_protocol_conformance" name="test_rc6_build_driver_rejection_condition_is_exact[native-cxx-input]" time="0.002" /><testcase classname="tests.test_protocol_conformance" name="test_rc6_build_driver_rejection_condition_is_exact[native-swig-input]" time="0.002" /><testcase classname="tests.test_protocol_conformance" name="test_rc6_build_driver_rejection_condition_is_exact[root-syso]" time="0.002" /><testcase classname="tests.test_protocol_conformance" name="test_rc6_build_driver_rejection_condition_is_exact[transitive-syso]" time="0.002" /><testcase classname="tests.test_protocol_conformance" name="test_rc6_build_driver_rejection_condition_is_exact[root-assembly-absolute-include]" time="0.002" /><testcase classname="tests.test_protocol_conformance" name="test_rc6_build_driver_rejection_condition_is_exact[transitive-assembly-escaping-include]" time="0.002" /><testcase classname="tests.test_protocol_conformance" name="test_rc6_build_driver_rejection_condition_is_exact[escaped-embed-input]" time="0.002" /><testcase classname="tests.test_protocol_conformance" name="test_rc6_build_driver_rejection_condition_is_exact[cgo-import-dynamic]" time="0.002" /><testcase classname="tests.test_protocol_conformance" name="test_rc6_build_driver_rejection_condition_is_exact[attempted-go-generate]" time="0.002" /><testcase classname="tests.test_protocol_conformance" name="test_rc6_build_driver_rejection_condition_is_exact[default-pgo]" time="0.002" /><testcase classname="tests.test_protocol_conformance" name="test_rc6_build_driver_rejection_condition_is_exact[poisoned-path]" time="0.002" /><testcase classname="tests.test_protocol_conformance" name="test_rc6_build_driver_rejection_condition_is_exact[inherited-goflags-toolexec]" time="0.002" /><testcase classname="tests.test_protocol_conformance" name="test_rc6_build_driver_rejection_condition_is_exact[inherited-goenv]" time="0.002" /><testcase classname="tests.test_protocol_conformance" name="test_rc6_build_driver_rejection_condition_is_exact[inherited-gowork]" time="0.002" /><testcase classname="tests.test_protocol_conformance" name="test_rc6_build_driver_rejection_condition_is_exact[vcs-metadata]" time="0.002" /><testcase classname="tests.test_protocol_conformance" name="test_rc6_build_driver_rejection_condition_is_exact[repository-local-fake-go]" time="0.002" /><testcase classname="tests.test_protocol_conformance" name="test_rc6_build_driver_rejection_condition_is_exact[telemetry-command-failure]" time="0.002" /><testcase classname="tests.test_protocol_conformance" name="test_rc6_build_driver_rejection_condition_is_exact[telemetry-private-dir-escape]" time="0.002" /><testcase classname="tests.test_protocol_conformance" name="test_rc6_build_driver_rejection_condition_is_exact[external-link-required]" time="0.002" /><testcase classname="tests.test_protocol_conformance" name="test_rc6_build_driver_rejection_condition_is_exact[libgcc-fallback-attempt]" time="0.002" /><testcase classname="tests.test_protocol_conformance" name="test_rc6_build_driver_rejection_condition_is_exact[child-outside-goroot-tools]" time="0.002" /><testcase classname="tests.test_protocol_conformance" name="test_rc6_build_driver_rejection_condition_is_exact[wrong-go-executable-path]" time="0.002" /><testcase classname="tests.test_protocol_conformance" name="test_rc6_build_driver_rejection_condition_is_exact[toolchain-digest-mismatch]" time="0.002" /><testcase classname="tests.test_protocol_conformance" name="test_rc6_build_driver_rejection_condition_is_exact[cache-key-mismatch]" time="0.002" /><testcase classname="tests.test_protocol_conformance" name="test_rc6_build_driver_rejection_condition_is_exact[cache-wrong-target]" time="0.002" /><testcase classname="tests.test_protocol_conformance" name="test_rc6_build_driver_rejection_condition_is_exact[cache-wrong-toolchain]" time="0.002" /><testcase classname="tests.test_protocol_conformance" name="test_rc6_build_driver_rejection_condition_is_exact[cache-wrong-policy]" time="0.002" /><testcase classname="tests.test_protocol_conformance" name="test_rc6_build_driver_rejection_condition_is_exact[cache-wrong-build-source]" time="0.002" /><testcase classname="tests.test_protocol_conformance" name="test_rc6_build_driver_rejection_condition_is_exact[receipt-hash-mismatch]" time="0.002" /><testcase classname="tests.test_protocol_conformance" name="test_rc6_build_driver_rejection_condition_is_exact[artifact-hash-mismatch]" time="0.002" /><testcase classname="tests.test_protocol_conformance" name="test_rc6_build_driver_rejection_condition_is_exact[artifact-size-mismatch]" time="0.002" /><testcase classname="tests.test_protocol_conformance" name="test_rc6_build_driver_rejection_condition_is_exact[artifact-path-mismatch]" time="0.002" /><testcase classname="tests.test_protocol_conformance" name="test_rc6_build_driver_rejection_condition_is_exact[noncanonical-receipt-whitespace]" time="0.002" /><testcase classname="tests.test_protocol_conformance" name="test_rc6_build_driver_rejection_condition_is_exact[noncanonical-receipt-trailing-lf]" time="0.002" /><testcase classname="tests.test_protocol_conformance" name="test_rc6_build_driver_rejection_condition_is_exact[partial-cache-entry]" time="0.002" /><testcase classname="tests.test_protocol_conformance" name="test_rc6_build_driver_rejection_condition_is_exact[artifact-link]" time="0.002" /><testcase classname="tests.test_protocol_conformance" name="test_rc6_build_driver_rejection_condition_is_exact[artifact-special-file]" time="0.002" /><testcase classname="tests.test_protocol_conformance" name="test_rc6_build_driver_rejection_condition_is_exact[concurrent-publisher-different-bytes]" time="0.002" /><testcase classname="tests.test_protocol_conformance" name="test_rc6_build_driver_rejection_condition_is_exact[build-root-content-in-context]" time="0.002" /><testcase classname="tests.test_protocol_conformance" name="test_rc6_build_driver_rejection_condition_is_exact[legacy-rc4-input-without-execution-policy]" time="0.002" /><testcase classname="tests.test_protocol_conformance" name="test_rc6_build_driver_rejection_condition_is_exact[reserved-hardened-execution-policy]" time="0.002" /><testcase classname="tests.test_protocol_conformance" name="test_rc6_build_driver_rejection_compares_every_observed_field[schema-5-build-command]" time="0.009" /><testcase classname="tests.test_protocol_conformance" name="test_rc6_build_driver_rejection_compares_every_observed_field[unknown-driver]" time="0.009" /><testcase classname="tests.test_protocol_conformance" name="test_rc6_build_driver_rejection_compares_every_observed_field[forbidden-args]" time="0.009" /><testcase classname="tests.test_protocol_conformance" name="test_rc6_build_driver_rejection_compares_every_observed_field[forbidden-env]" time="0.009" /><testcase classname="tests.test_protocol_conformance" name="test_rc6_build_driver_rejection_compares_every_observed_field[forbidden-output]" time="0.009" /><testcase classname="tests.test_protocol_conformance" name="test_rc6_build_driver_rejection_compares_every_observed_field[forbidden-toolchain]" time="0.022" /><testcase classname="tests.test_protocol_conformance" name="test_rc6_build_driver_rejection_compares_every_observed_field[forbidden-hooks]" time="0.009" /><testcase classname="tests.test_protocol_conformance" name="test_rc6_build_driver_rejection_compares_every_observed_field[mixed-script-build-shape]" time="0.009" /><testcase classname="tests.test_protocol_conformance" name="test_rc6_build_driver_rejection_compares_every_observed_field[missing-build-roots]" time="0.009" /><testcase classname="tests.test_protocol_conformance" name="test_rc6_build_driver_rejection_compares_every_observed_field[missing-build-root-directory]" time="0.009" /><testcase classname="tests.test_protocol_conformance" name="test_rc6_build_driver_rejection_compares_every_observed_field[unused-build-root]" time="0.010" /><testcase classname="tests.test_protocol_conformance" name="test_rc6_build_driver_rejection_compares_every_observed_field[overlapping-build-roots]" time="0.010" /><testcase classname="tests.test_protocol_conformance" name="test_rc6_build_driver_rejection_compares_every_observed_field[runtime-overlapping-build-root]" time="0.011" /><testcase classname="tests.test_protocol_conformance" name="test_rc6_build_driver_rejection_compares_every_observed_field[root-build-root]" time="0.010" /><testcase classname="tests.test_protocol_conformance" name="test_rc6_build_driver_rejection_compares_every_observed_field[build-root-symlink]" time="0.010" /><testcase classname="tests.test_protocol_conformance" name="test_rc6_build_driver_rejection_compares_every_observed_field[build-root-special-file]" time="0.010" /><testcase classname="tests.test_protocol_conformance" name="test_rc6_build_driver_rejection_compares_every_observed_field[root-source-dir]" time="0.009" /><testcase classname="tests.test_protocol_conformance" name="test_rc6_build_driver_rejection_compares_every_observed_field[escaped-source-dir]" time="0.009" /><testcase classname="tests.test_protocol_conformance" name="test_rc6_build_driver_rejection_compares_every_observed_field[source-outside-root]" time="0.009" /><testcase classname="tests.test_protocol_conformance" name="test_rc6_build_driver_rejection_compares_every_observed_field[source-link]" time="0.010" /><testcase classname="tests.test_protocol_conformance" name="test_rc6_build_driver_rejection_compares_every_observed_field[source-special-file]" time="0.010" /><testcase classname="tests.test_protocol_conformance" name="test_rc6_build_driver_rejection_compares_every_observed_field[source-not-directory]" time="0.010" /><testcase classname="tests.test_protocol_conformance" name="test_rc6_build_driver_rejection_compares_every_observed_field[missing-root-go-mod]" time="0.010" /><testcase classname="tests.test_protocol_conformance" name="test_rc6_build_driver_rejection_compares_every_observed_field[nested-module]" time="0.011" /><testcase classname="tests.test_protocol_conformance" name="test_rc6_build_driver_rejection_compares_every_observed_field[non-main-package]" time="0.006" /><testcase classname="tests.test_protocol_conformance" name="test_rc6_build_driver_rejection_compares_every_observed_field[multiple-packages]" time="0.006" /><testcase classname="tests.test_protocol_conformance" name="test_rc6_build_driver_rejection_compares_every_observed_field[missing-vendored-dependency]" time="0.009" /><testcase classname="tests.test_protocol_conformance" name="test_rc6_build_driver_rejection_compares_every_observed_field[inconsistent-vendor-modules]" time="0.013" /><testcase classname="tests.test_protocol_conformance" name="test_rc6_build_driver_rejection_compares_every_observed_field[workspace-only-dependency]" time="0.009" /><testcase classname="tests.test_protocol_conformance" name="test_rc6_build_driver_rejection_compares_every_observed_field[toolchain-switch-request]" time="0.007" /><testcase classname="tests.test_protocol_conformance" name="test_rc6_build_driver_rejection_compares_every_observed_field[unsupported-go-pre-1-23]" time="0.003" /><testcase classname="tests.test_protocol_conformance" name="test_rc6_build_driver_rejection_compares_every_observed_field[unsupported-go-future-family]" time="0.037" /><testcase classname="tests.test_protocol_conformance" name="test_rc6_build_driver_rejection_compares_every_observed_field[cgo-only-package]" time="0.007" /><testcase classname="tests.test_protocol_conformance" name="test_rc6_build_driver_rejection_compares_every_observed_field[native-c-input]" time="0.006" /><testcase classname="tests.test_protocol_conformance" name="test_rc6_build_driver_rejection_compares_every_observed_field[native-cxx-input]" time="0.007" /><testcase classname="tests.test_protocol_conformance" name="test_rc6_build_driver_rejection_compares_every_observed_field[native-swig-input]" time="0.006" /><testcase classname="tests.test_protocol_conformance" name="test_rc6_build_driver_rejection_compares_every_observed_field[root-syso]" time="0.007" /><testcase classname="tests.test_protocol_conformance" name="test_rc6_build_driver_rejection_compares_every_observed_field[transitive-syso]" time="0.009" /><testcase classname="tests.test_protocol_conformance" name="test_rc6_build_driver_rejection_compares_every_observed_field[root-assembly-absolute-include]" time="0.007" /><testcase classname="tests.test_protocol_conformance" name="test_rc6_build_driver_rejection_compares_every_observed_field[transitive-assembly-escaping-include]" time="0.010" /><testcase classname="tests.test_protocol_conformance" name="test_rc6_build_driver_rejection_compares_every_observed_field[escaped-embed-input]" time="0.008" /><testcase classname="tests.test_protocol_conformance" name="test_rc6_build_driver_rejection_compares_every_observed_field[cgo-import-dynamic]" time="0.007" /><testcase classname="tests.test_protocol_conformance" name="test_rc6_build_driver_rejection_compares_every_observed_field[attempted-go-generate]" time="0.007" /><testcase classname="tests.test_protocol_conformance" name="test_rc6_build_driver_rejection_compares_every_observed_field[default-pgo]" time="0.008" /><testcase classname="tests.test_protocol_conformance" name="test_rc6_build_driver_rejection_compares_every_observed_field[poisoned-path]" time="0.006" /><testcase classname="tests.test_protocol_conformance" name="test_rc6_build_driver_rejection_compares_every_observed_field[inherited-goflags-toolexec]" time="0.005" /><testcase classname="tests.test_protocol_conformance" name="test_rc6_build_driver_rejection_compares_every_observed_field[inherited-goenv]" time="0.004" /><testcase classname="tests.test_protocol_conformance" name="test_rc6_build_driver_rejection_compares_every_observed_field[inherited-gowork]" time="0.004" /><testcase classname="tests.test_protocol_conformance" name="test_rc6_build_driver_rejection_compares_every_observed_field[vcs-metadata]" time="0.004" /><testcase classname="tests.test_protocol_conformance" name="test_rc6_build_driver_rejection_compares_every_observed_field[repository-local-fake-go]" time="0.007" /><testcase classname="tests.test_protocol_conformance" name="test_rc6_build_driver_rejection_compares_every_observed_field[telemetry-command-failure]" time="0.032" /><testcase classname="tests.test_protocol_conformance" name="test_rc6_build_driver_rejection_compares_every_observed_field[telemetry-private-dir-escape]" time="0.049" /><testcase classname="tests.test_protocol_conformance" name="test_rc6_build_driver_rejection_compares_every_observed_field[external-link-required]" time="0.004" /><testcase classname="tests.test_protocol_conformance" name="test_rc6_build_driver_rejection_compares_every_observed_field[libgcc-fallback-attempt]" time="0.004" /><testcase classname="tests.test_protocol_conformance" name="test_rc6_build_driver_rejection_compares_every_observed_field[child-outside-goroot-tools]" time="0.008" /><testcase classname="tests.test_protocol_conformance" name="test_rc6_build_driver_rejection_compares_every_observed_field[wrong-go-executable-path]" time="0.006" /><testcase classname="tests.test_protocol_conformance" name="test_rc6_build_driver_rejection_compares_every_observed_field[toolchain-digest-mismatch]" time="0.054" /><testcase classname="tests.test_protocol_conformance" name="test_rc6_build_driver_rejection_compares_every_observed_field[cache-key-mismatch]" time="0.006" /><testcase classname="tests.test_protocol_conformance" name="test_rc6_build_driver_rejection_compares_every_observed_field[cache-wrong-target]" time="0.006" /><testcase classname="tests.test_protocol_conformance" name="test_rc6_build_driver_rejection_compares_every_observed_field[cache-wrong-toolchain]" time="0.005" /><testcase classname="tests.test_protocol_conformance" name="test_rc6_build_driver_rejection_compares_every_observed_field[cache-wrong-policy]" time="0.005" /><testcase classname="tests.test_protocol_conformance" name="test_rc6_build_driver_rejection_compares_every_observed_field[cache-wrong-build-source]" time="0.006" /><testcase classname="tests.test_protocol_conformance" name="test_rc6_build_driver_rejection_compares_every_observed_field[receipt-hash-mismatch]" time="0.005" /><testcase classname="tests.test_protocol_conformance" name="test_rc6_build_driver_rejection_compares_every_observed_field[artifact-hash-mismatch]" time="0.189" /><testcase classname="tests.test_protocol_conformance" name="test_rc6_build_driver_rejection_compares_every_observed_field[artifact-size-mismatch]" time="0.200" /><testcase classname="tests.test_protocol_conformance" name="test_rc6_build_driver_rejection_compares_every_observed_field[artifact-path-mismatch]" time="0.006" /><testcase classname="tests.test_protocol_conformance" name="test_rc6_build_driver_rejection_compares_every_observed_field[noncanonical-receipt-whitespace]" time="0.007" /><testcase classname="tests.test_protocol_conformance" name="test_rc6_build_driver_rejection_compares_every_observed_field[noncanonical-receipt-trailing-lf]" time="0.006" /><testcase classname="tests.test_protocol_conformance" name="test_rc6_build_driver_rejection_compares_every_observed_field[partial-cache-entry]" time="0.176" /><testcase classname="tests.test_protocol_conformance" name="test_rc6_build_driver_rejection_compares_every_observed_field[artifact-link]" time="0.187" /><testcase classname="tests.test_protocol_conformance" name="test_rc6_build_driver_rejection_compares_every_observed_field[artifact-special-file]" time="0.191" /><testcase classname="tests.test_protocol_conformance" name="test_rc6_build_driver_rejection_compares_every_observed_field[concurrent-publisher-different-bytes]" time="0.266" /><testcase classname="tests.test_protocol_conformance" name="test_rc6_build_driver_rejection_compares_every_observed_field[self-consistent-forged-receipt-outside-protected-state]" time="0.056" /><testcase classname="tests.test_protocol_conformance" name="test_rc6_build_driver_rejection_compares_every_observed_field[marker-embed-build-source-regression]" time="0.041" /><testcase classname="tests.test_protocol_conformance" name="test_rc6_build_driver_rejection_compares_every_observed_field[build-root-content-in-context]" time="0.035" /><testcase classname="tests.test_protocol_conformance" name="test_rc6_build_driver_rejection_compares_every_observed_field[legacy-rc4-input-without-execution-policy]" time="0.007" /><testcase classname="tests.test_protocol_conformance" name="test_rc6_build_driver_rejection_compares_every_observed_field[reserved-hardened-execution-policy]" time="0.006" /><testcase classname="tests.test_protocol_conformance" name="test_rc6_unknown_driver_rejects_unrelated_skill_spec_error" time="0.004" /><testcase classname="tests.test_protocol_conformance" name="test_rc6_wrong_go_executable_rejects_wrong_toolchain_code" time="0.003" /><testcase classname="tests.test_protocol_conformance" name="test_rc6_artifact_hash_mismatch_reaches_mutated_cache_inspection" time="0.050" /><testcase classname="tests.test_protocol_conformance" name="test_rc6_build_source_case[fixture-exact-build-source]" time="0.019" /><testcase classname="tests.test_protocol_conformance" name="test_rc6_build_source_case[domain-prefix-ordering-framing-empty-binary-and-root-marker]" time="0.009" /><testcase classname="tests.test_protocol_conformance" name="test_rc6_build_source_case[mode-and-timestamp-are-non-inputs]" time="0.009" /><testcase classname="tests.test_protocol_conformance" name="test_rc6_build_source_case[invalid-unicode-build-source-path]" time="0.087" /><testcase classname="tests.test_protocol_conformance" name="test_rc6_build_source_case[duplicate-build-source-path]" time="0.002" /><testcase classname="tests.test_protocol_conformance" name="test_rc6_build_source_case[build-source-symbolic-link]" time="0.003" /><testcase classname="tests.test_protocol_conformance" name="test_rc6_build_source_case[build-source-special-file]" time="0.003" /><testcase classname="tests.test_protocol_conformance" name="test_rc6_build_source_case[build-source-mutation-during-use]" time="0.003" /><testcase classname="tests.test_protocol_conformance" name="test_rc6_build_source_case[legacy-nul-stream-structural-collision]" time="0.002" /><testcase classname="tests.test_protocol_conformance" name="test_rc6_build_source_case[root-marker-bytes-are-build-input]" time="0.001" /><testcase classname="tests.test_protocol_conformance" name="test_rc6_toolchain_case[unsorted-directories-files-and-internal-link]" time="0.003" /><testcase classname="tests.test_protocol_conformance" name="test_rc6_toolchain_case[crlf-version-normalizes-to-lf-identity]" time="0.002" /><testcase classname="tests.test_protocol_conformance" name="test_rc6_toolchain_case[toolchain-mode-and-timestamp-are-non-inputs]" time="0.006" /><testcase classname="tests.test_protocol_conformance" name="test_rc6_toolchain_case[toolchain-version-missing-terminal-lf]" time="0.002" /><testcase classname="tests.test_protocol_conformance" name="test_rc6_toolchain_case[toolchain-version-multiple-terminal-newlines]" time="0.002" /><testcase classname="tests.test_protocol_conformance" name="test_rc6_toolchain_case[invalid-unicode-toolchain-path]" time="0.002" /><testcase classname="tests.test_protocol_conformance" name="test_rc6_toolchain_case[duplicate-toolchain-path]" time="0.002" /><testcase classname="tests.test_protocol_conformance" name="test_rc6_toolchain_case[escaping-toolchain-link]" time="0.002" /><testcase classname="tests.test_protocol_conformance" name="test_rc6_toolchain_case[absolute-toolchain-link]" time="0.002" /><testcase classname="tests.test_protocol_conformance" name="test_rc6_toolchain_case[dangling-toolchain-link]" time="0.002" /><testcase classname="tests.test_protocol_conformance" name="test_rc6_toolchain_case[selected-go-outside-goroot]" time="0.003" /><testcase classname="tests.test_protocol_conformance" name="test_rc6_toolchain_case[toolchain-tree-mutation-during-use]" time="0.003" /><testcase classname="tests.test_protocol_conformance" name="test_rc6_execution_policy_cache_identity_is_non_alias[legacy_rc4_without_execution_policy]" time="0.002" /><testcase classname="tests.test_protocol_conformance" name="test_rc6_execution_policy_cache_identity_is_non_alias[portable]" time="0.002" /><testcase classname="tests.test_protocol_conformance" name="test_rc6_execution_policy_cache_identity_is_non_alias[reserved_hardened]" time="0.002" /><testcase classname="tests.test_protocol_conformance" name="test_rc6_execution_policy_cache_keys_are_three_distinct_identities" time="0.001" /><testcase classname="tests.test_protocol_conformance" name="test_rc6_mandatory_portable_control[fixed-offline-vendored-go]" time="0.001" /><testcase classname="tests.test_protocol_conformance" name="test_rc6_mandatory_portable_control[fixed-argument-vectors]" time="0.001" /><testcase classname="tests.test_protocol_conformance" name="test_rc6_mandatory_portable_control[fixed-empty-environment]" time="0.002" /><testcase classname="tests.test_protocol_conformance" name="test_rc6_mandatory_portable_control[fixed-manager-selected-process-graph]" time="0.002" /><testcase classname="tests.test_protocol_conformance" name="test_rc6_mandatory_portable_control[identity-verified-manager-owned-worker]" time="0.002" /><testcase classname="tests.test_protocol_conformance" name="test_rc6_mandatory_portable_control[pre-launch-worker-identity-verification]" time="0.002" /><testcase classname="tests.test_protocol_conformance" name="test_rc6_mandatory_portable_control[post-exec-identity-reverification]" time="0.002" /><testcase classname="tests.test_protocol_conformance" name="test_rc6_mandatory_portable_control[frozen-source-snapshot-integrity]" time="0.002" /><testcase classname="tests.test_protocol_conformance" name="test_rc6_mandatory_portable_control[manager-private-staging-roots]" time="0.002" /><testcase classname="tests.test_protocol_conformance" name="test_rc6_mandatory_portable_control[manager-derived-output-path]" time="0.002" /><testcase classname="tests.test_protocol_conformance" name="test_rc6_mandatory_portable_control[bounded-wall-clock-deadline]" time="0.002" /><testcase classname="tests.test_protocol_conformance" name="test_rc6_mandatory_portable_control[bounded-combined-output]" time="0.002" /><testcase classname="tests.test_protocol_conformance" name="test_rc6_mandatory_portable_control[bounded-artifact-size]" time="0.002" /><testcase classname="tests.test_protocol_conformance" name="test_rc6_mandatory_portable_control[closed-standard-input-and-descriptors]" time="0.002" /><testcase classname="tests.test_protocol_conformance" name="test_rc6_mandatory_portable_control[worker-domain-teardown]" time="0.002" /><testcase classname="tests.test_protocol_conformance" name="test_rc6_mandatory_portable_control[no-artifact-execution]" time="0.002" /><testcase classname="tests.test_protocol_conformance" name="test_rc6_mandatory_portable_control[inventory-native-controls-applied]" time="0.002" /><testcase classname="tests.test_protocol_conformance" name="test_rc6_mandatory_portable_control[closed-capability-evidence-record]" time="0.002" /><testcase classname="tests.test_protocol_conformance" name="test_rc6_identity_and_protocol_failure_is_closed[pre-launch-identity-mismatch]" time="0.001" /><testcase classname="tests.test_protocol_conformance" name="test_rc6_identity_and_protocol_failure_is_closed[worker-executable-symlink-substitution]" time="0.002" /><testcase classname="tests.test_protocol_conformance" name="test_rc6_identity_and_protocol_failure_is_closed[worker-executable-replaced-between-checks]" time="0.002" /><testcase classname="tests.test_protocol_conformance" name="test_rc6_identity_and_protocol_failure_is_closed[worker-identity-proof-mismatch]" time="0.002" /><testcase classname="tests.test_protocol_conformance" name="test_rc6_identity_and_protocol_failure_is_closed[post-build-toolchain-identity-mismatch]" time="0.002" /><testcase classname="tests.test_protocol_conformance" name="test_rc6_identity_and_protocol_failure_is_closed[post-build-source-snapshot-mutated]" time="0.003" /><testcase classname="tests.test_protocol_conformance" name="test_rc6_identity_and_protocol_failure_is_closed[unexpected-program-started-below-the-worker]" time="0.002" /><testcase classname="tests.test_protocol_conformance" name="test_rc6_identity_and_protocol_failure_is_closed[build-permit-before-complete-list-validation]" time="0.002" /><testcase classname="tests.test_protocol_conformance" name="test_rc6_identity_and_protocol_failure_is_closed[replayed-session-nonce]" time="0.002" /><testcase classname="tests.test_protocol_conformance" name="test_rc6_identity_and_protocol_failure_is_closed[out-of-order-protocol-message]" time="0.002" /><testcase classname="tests.test_protocol_conformance" name="test_rc6_identity_and_protocol_failure_is_closed[oversize-protocol-message]" time="0.002" /><testcase classname="tests.test_protocol_conformance" name="test_rc6_identity_and_protocol_failure_is_closed[unknown-protocol-message-kind]" time="0.002" /><testcase classname="tests.test_protocol_conformance" name="test_rc6_identity_and_protocol_failure_is_closed[second-build-request-in-one-session]" time="0.002" /><testcase classname="tests.test_protocol_conformance" name="test_rc6_identity_and_protocol_failure_is_closed[mandatory-control-cannot-be-applied]" time="0.002" /><testcase classname="tests.test_protocol_conformance" name="test_rc6_package_influence_failure_is_closed[package-selected-executable]" time="0.002" /><testcase classname="tests.test_protocol_conformance" name="test_rc6_package_influence_failure_is_closed[package-selected-argv]" time="0.002" /><testcase classname="tests.test_protocol_conformance" name="test_rc6_package_influence_failure_is_closed[package-selected-environment]" time="0.002" /><testcase classname="tests.test_protocol_conformance" name="test_rc6_package_influence_failure_is_closed[package-selected-output-path]" time="0.002" /><testcase classname="tests.test_protocol_conformance" name="test_rc6_package_influence_failure_is_closed[package-selected-flags]" time="0.002" /><testcase classname="tests.test_protocol_conformance" name="test_rc6_package_influence_failure_is_closed[package-selected-hooks]" time="0.002" /><testcase classname="tests.test_protocol_conformance" name="test_rc6_package_influence_failure_is_closed[package-selected-plugins]" time="0.002" /><testcase classname="tests.test_protocol_conformance" name="test_rc6_package_influence_failure_is_closed[package-selected-generators]" time="0.002" /><testcase classname="tests.test_protocol_conformance" name="test_rc6_capability_evidence_case[available-native-control-is-applied]" time="0.002" /><testcase classname="tests.test_protocol_conformance" name="test_rc6_capability_evidence_case[unavailable-native-control-does-not-reject]" time="0.002" /><testcase classname="tests.test_protocol_conformance" name="test_rc6_capability_evidence_case[capability-evidence-is-not-cache-input]" time="0.002" /><testcase classname="tests.test_protocol_conformance" name="test_rc6_capability_evidence_case[unavailable-control-cannot-be-reported-as-applied]" time="0.002" /><testcase classname="tests.test_protocol_conformance" name="test_rc6_capability_evidence_case[available-control-cannot-be-reported-as-unavailable]" time="0.002" /><testcase classname="tests.test_protocol_conformance" name="test_rc6_capability_evidence_case[unknown-native-control-is-rejected]" time="0.002" /><testcase classname="tests.test_protocol_conformance" name="test_rc6_capability_evidence_case[missing-native-control-entry-is-rejected]" time="0.002" /><testcase classname="tests.test_protocol_conformance" name="test_rc6_capability_evidence_case[duplicate-native-control-entry-is-rejected]" time="0.002" /><testcase classname="tests.test_protocol_conformance" name="test_rc6_capability_evidence_case[unknown-evidence-record-version-is-rejected]" time="0.002" /><testcase classname="tests.test_protocol_conformance" name="test_rc6_capability_evidence_case[hardened-guarantee-claimed-under-portable-policy]" time="0.002" /><testcase classname="tests.test_protocol_conformance" name="test_rc6_capability_evidence_case[hardened-execution-policy-in-evidence-record]" time="0.002" /><testcase classname="tests.test_protocol_conformance" name="test_rc6_deferred_hardened_capability_guard[total-network-denial]" time="0.002" /><testcase classname="tests.test_protocol_conformance" name="test_rc6_deferred_hardened_capability_guard[read-only-source-and-toolchain]" time="0.002" /><testcase classname="tests.test_protocol_conformance" name="test_rc6_deferred_hardened_capability_guard[private-build-root-only-writes]" time="0.002" /><testcase classname="tests.test_protocol_conformance" name="test_rc6_deferred_hardened_capability_guard[hard-aggregate-descendant-resource-bounds]" time="0.002" /><testcase classname="tests.test_protocol_conformance" name="test_rc6_deferred_hardened_capability_guard[exact-executable-allowlisting]" time="0.002" /><testcase classname="tests.test_protocol_conformance" name="test_rc6_deferred_hardened_capability_guard[fail-closed-capability-preflight]" time="0.002" /><testcase classname="tests.test_protocol_conformance" name="test_rc6_failure_boundary_outcome[missing_deferred_hardened_capability]" time="0.002" /><testcase classname="tests.test_protocol_conformance" name="test_rc6_failure_boundary_outcome[missing_mandatory_portable_control]" time="0.002" /><testcase classname="tests.test_protocol_conformance" name="test_rc6_failure_boundary_outcome[unavailable_inventory_native_control]" time="0.002" /><testcase classname="tests.test_protocol_conformance" name="test_rc6_native_control_inventory_entry_is_exact[descendant-domain-termination]" time="0.001" /><testcase classname="tests.test_protocol_conformance" name="test_rc6_native_control_inventory_entry_is_exact[active-process-count-limit]" time="0.002" /><testcase classname="tests.test_protocol_conformance" name="test_rc6_native_control_inventory_entry_is_exact[aggregate-memory-limit]" time="0.002" /><testcase classname="tests.test_protocol_conformance" name="test_rc6_native_control_inventory_entry_is_exact[per-file-size-limit]" time="0.002" /><testcase classname="tests.test_protocol_conformance" name="test_rc6_native_control_inventory_entry_is_exact[inherited-handle-restriction]" time="0.002" /><testcase classname="tests.test_protocol_conformance" name="test_rc6_native_control_inventory_is_closed_and_exhaustive" time="0.002" /><testcase classname="tests.test_protocol_conformance" name="test_rc6_claim_versions_remain_separate" time="0.002" /><testcase classname="tests.test_protocol_conformance" name="test_rc6_claim_v3_schema_stays_on_rc5_and_requires_build_drivers" time="0.002" /><testcase classname="tests.test_protocol_conformance" name="test_rc6_claim_qualification_rule[schema-valid-is-not-qualified]" time="0.002" /><testcase classname="tests.test_protocol_conformance" name="test_rc6_claim_qualification_rule[driver-platform-subset]" time="0.004" /><testcase classname="tests.test_protocol_conformance" name="test_rc6_claim_qualification_rule[no-generic-driver]" time="0.002" /><testcase classname="tests.test_protocol_conformance" name="test_rc6_claim_qualification_rule[no-unevidenced-platform]" time="0.002" /><testcase classname="tests.test_protocol_conformance" name="test_rc6_claim_platform_qualification[linux]" time="0.002" /><testcase classname="tests.test_protocol_conformance" name="test_rc6_claim_platform_qualification[macos]" time="0.002" /><testcase classname="tests.test_protocol_conformance" name="test_rc6_claim_platform_qualification[windows]" time="0.002" /><testcase classname="tests.test_protocol_conformance" name="test_shared_fixture_legacy_marker_v1_stays_readable" time="0.002" /><testcase classname="tests.test_protocol_conformance" name="test_shared_fixture_context_hash_and_marker" time="0.006" /><testcase classname="tests.test_protocol_conformance" name="test_skill_manifest_resolution_vectors[case0]" time="0.002" /><testcase classname="tests.test_protocol_conformance" name="test_skill_manifest_resolution_vectors[case1]" time="0.002" /><testcase classname="tests.test_protocol_conformance" name="test_skill_manifest_resolution_vectors[case2]" time="0.002" /><testcase classname="tests.test_protocol_conformance" name="test_skill_manifest_resolution_vectors[case3]" time="0.002" /><testcase classname="tests.test_protocol_conformance" name="test_skill_manifest_resolution_vectors[case4]" time="0.002" /><testcase classname="tests.test_protocol_conformance" name="test_skill_manifest_resolution_vectors[case5]" time="0.002" /><testcase classname="tests.test_protocol_conformance" name="test_skill_manifest_resolution_vectors[case6]" time="0.002" /><testcase classname="tests.test_protocol_conformance" name="test_skill_manifest_resolution_vectors[case7]" time="0.002" /><testcase classname="tests.test_protocol_conformance" name="test_ccj_positive_vectors[case0]" time="0.002" /><testcase classname="tests.test_protocol_conformance" name="test_ccj_positive_vectors[case1]" time="0.002" /><testcase classname="tests.test_protocol_conformance" name="test_ccj_positive_vectors[case2]" time="0.002" /><testcase classname="tests.test_protocol_conformance" name="test_ccj_rejection_vectors[case0]" time="0.002" /><testcase classname="tests.test_protocol_conformance" name="test_ccj_rejection_vectors[case1]" time="0.002" /><testcase classname="tests.test_protocol_conformance" name="test_ccj_rejection_vectors[case2]" time="0.002" /><testcase classname="tests.test_protocol_conformance" name="test_ccj_rejection_vectors[case3]" time="0.002" /><testcase classname="tests.test_protocol_conformance" name="test_ccj_rejection_vectors[case4]" time="0.002" /><testcase classname="tests.test_protocol_conformance" name="test_source_identity_vectors[case0]" time="0.002" /><testcase classname="tests.test_protocol_conformance" name="test_source_identity_vectors[case1]" time="0.002" /><testcase classname="tests.test_protocol_conformance" name="test_source_identity_vectors[case2]" time="0.002" /><testcase classname="tests.test_protocol_conformance" name="test_source_identity_vectors[case3]" time="0.002" /><testcase classname="tests.test_protocol_conformance" name="test_source_identity_vectors[case4]" time="0.002" /><testcase classname="tests.test_protocol_conformance" name="test_source_identity_vectors[case5]" time="0.002" /><testcase classname="tests.test_protocol_conformance" name="test_source_identity_vectors[case6]" time="0.002" /><testcase classname="tests.test_protocol_conformance" name="test_source_identity_vectors[case7]" time="0.002" /><testcase classname="tests.test_protocol_conformance" name="test_source_identity_vectors[case8]" time="0.002" /><testcase classname="tests.test_protocol_conformance" name="test_source_identity_vectors[case9]" time="0.002" /><testcase classname="tests.test_protocol_conformance" name="test_identifier_vectors[case0]" time="0.002" /><testcase classname="tests.test_protocol_conformance" name="test_identifier_vectors[case1]" time="0.002" /><testcase classname="tests.test_protocol_conformance" name="test_identifier_vectors[case2]" time="0.002" /><testcase classname="tests.test_protocol_conformance" name="test_identifier_vectors[case3]" time="0.002" /><testcase classname="tests.test_protocol_conformance" name="test_identifier_vectors[case4]" time="0.002" /><testcase classname="tests.test_protocol_conformance" name="test_identifier_vectors[case5]" time="0.002" /><testcase classname="tests.test_protocol_conformance" name="test_identifier_vectors[case6]" time="0.002" /><testcase classname="tests.test_protocol_conformance" name="test_identifier_vectors[case7]" time="0.002" /><testcase classname="tests.test_protocol_conformance" name="test_identifier_vectors[case8]" time="0.002" /><testcase classname="tests.test_protocol_conformance" name="test_identifier_vectors[case9]" time="0.002" /><testcase classname="tests.test_protocol_conformance" name="test_identifier_vectors[case10]" time="0.002" /><testcase classname="tests.test_protocol_conformance" name="test_identifier_vectors[case11]" time="0.002" /><testcase classname="tests.test_protocol_conformance" name="test_identifier_vectors[case12]" time="0.002" /><testcase classname="tests.test_protocol_conformance" name="test_locale_selector_vectors[case0]" time="0.002" /><testcase classname="tests.test_protocol_conformance" name="test_locale_selector_vectors[case1]" time="0.002" /><testcase classname="tests.test_protocol_conformance" name="test_locale_selector_vectors[case2]" time="0.002" /><testcase classname="tests.test_protocol_conformance" name="test_locale_selector_vectors[case3]" time="0.002" /><testcase classname="tests.test_protocol_conformance" name="test_locale_selector_vectors[case4]" time="0.004" /><testcase classname="tests.test_protocol_conformance" name="test_locale_selector_vectors[case5]" time="0.002" /><testcase classname="tests.test_protocol_conformance" name="test_locale_selector_vectors[case6]" time="0.002" /><testcase classname="tests.test_protocol_conformance" name="test_locale_selector_vectors[case7]" time="0.002" /><testcase classname="tests.test_protocol_conformance" name="test_locale_selector_vectors[case8]" time="0.002" /><testcase classname="tests.test_protocol_conformance" name="test_locale_selector_vectors[case9]" time="0.002" /><testcase classname="tests.test_protocol_conformance" name="test_manager_config_vectors[case0]" time="0.002" /><testcase classname="tests.test_protocol_conformance" name="test_manager_config_vectors[case1]" time="0.002" /><testcase classname="tests.test_protocol_conformance" name="test_manager_config_vectors[case2]" time="0.002" /><testcase classname="tests.test_protocol_conformance" name="test_manager_config_vectors[case3]" time="0.002" /><testcase classname="tests.test_protocol_conformance" name="test_manager_config_vectors[case4]" time="0.002" /><testcase classname="tests.test_protocol_conformance" name="test_manager_config_vectors[case5]" time="0.002" /><testcase classname="tests.test_protocol_conformance" name="test_manager_config_vectors[case6]" time="0.002" /><testcase classname="tests.test_protocol_conformance" name="test_manager_config_vectors[case7]" time="0.002" /><testcase classname="tests.test_protocol_conformance" name="test_manager_config_vectors[case8]" time="0.002" /><testcase classname="tests.test_protocol_conformance" name="test_manager_config_vectors[case9]" time="0.002" /><testcase classname="tests.test_protocol_conformance" name="test_manager_config_vectors[case10]" time="0.002" /><testcase classname="tests.test_protocol_conformance" name="test_manager_config_vectors[case11]" time="0.002" /><testcase classname="tests.test_protocol_conformance" name="test_manager_config_vectors[case12]" time="0.002" /><testcase classname="tests.test_protocol_conformance" name="test_manager_config_vectors[case13]" time="0.002" /><testcase classname="tests.test_protocol_conformance" name="test_manager_config_vectors[case14]" time="0.002" /><testcase classname="tests.test_protocol_conformance" name="test_portable_path_vectors[case0]" time="0.002" /><testcase classname="tests.test_protocol_conformance" name="test_portable_path_vectors[case1]" time="0.002" /><testcase classname="tests.test_protocol_conformance" name="test_portable_path_vectors[case2]" time="0.002" /><testcase classname="tests.test_protocol_conformance" name="test_portable_path_vectors[case3]" time="0.002" /><testcase classname="tests.test_protocol_conformance" name="test_portable_path_vectors[case4]" time="0.002" /><testcase classname="tests.test_protocol_conformance" name="test_portable_path_vectors[case5]" time="0.002" /><testcase classname="tests.test_protocol_conformance" name="test_portable_path_vectors[case6]" time="0.002" /><testcase classname="tests.test_protocol_conformance" name="test_portable_path_vectors[case7]" time="0.002" /><testcase classname="tests.test_protocol_conformance" name="test_portable_path_vectors[case8]" time="0.002" /><testcase classname="tests.test_protocol_conformance" name="test_portable_path_vectors[case9]" time="0.002" /><testcase classname="tests.test_protocol_conformance" name="test_portable_path_vectors[case10]" time="0.002" /><testcase classname="tests.test_protocol_conformance" name="test_portable_path_vectors[case11]" time="0.002" /><testcase classname="tests.test_protocol_conformance" name="test_portable_path_vectors[case12]" time="0.002" /><testcase classname="tests.test_protocol_conformance" name="test_portable_path_vectors[case13]" time="0.002" /><testcase classname="tests.test_protocol_conformance" name="test_portable_path_vectors[case14]" time="0.002" /><testcase classname="tests.test_protocol_conformance" name="test_portable_path_vectors[case15]" time="0.002" /><testcase classname="tests.test_protocol_conformance" name="test_portable_path_vectors[case16]" time="0.002" /><testcase classname="tests.test_protocol_conformance" name="test_portable_path_vectors[case17]" time="0.002" /><testcase classname="tests.test_protocol_conformance" name="test_closure_order_and_cycle_vectors" time="0.002" /><testcase classname="tests.test_protocol_conformance" name="test_shared_registry_signatures_and_deny_wins" time="0.027" /><testcase classname="tests.test_protocol_conformance" name="test_shared_registry_snapshot_signature" time="0.007" /><testcase classname="tests.test_protocol_conformance" name="test_registry_client_retry_vectors[case0]" time="0.002" /><testcase classname="tests.test_protocol_conformance" name="test_registry_client_retry_vectors[case1]" time="0.002" /><testcase classname="tests.test_protocol_conformance" name="test_registry_client_retry_vectors[case2]" time="0.002" /><testcase classname="tests.test_protocol_conformance" name="test_registry_client_retry_vectors[case3]" time="0.002" /><testcase classname="tests.test_protocol_conformance" name="test_registry_client_retry_vectors[case4]" time="0.002" /><testcase classname="tests.test_protocol_conformance" name="test_registry_client_retry_vectors[case5]" time="0.002" /><testcase classname="tests.test_protocol_conformance" name="test_registry_client_retry_vectors[case6]" time="0.002" /><testcase classname="tests.test_protocol_conformance" name="test_registry_client_retry_execution_policy" time="0.003" /><testcase classname="tests.test_protocol_conformance" name="test_registry_client_snapshot_transition_vectors[case0]" time="0.016" /><testcase classname="tests.test_protocol_conformance" name="test_registry_client_snapshot_transition_vectors[case1]" time="0.012" /><testcase classname="tests.test_protocol_conformance" name="test_registry_client_snapshot_transition_vectors[case2]" time="0.012" /><testcase classname="tests.test_protocol_conformance" name="test_registry_client_snapshot_transition_vectors[case3]" time="0.011" /><testcase classname="tests.test_protocol_conformance" name="test_registry_client_pagination_rejection_vectors[case0]" time="0.002" /><testcase classname="tests.test_protocol_conformance" name="test_registry_client_pagination_rejection_vectors[case1]" time="0.002" /><testcase classname="tests.test_protocol_conformance" name="test_registry_client_pagination_rejection_vectors[case2]" time="0.009" /><testcase classname="tests.test_protocol_conformance" name="test_registry_client_pagination_rejection_vectors[case3]" time="0.008" /><testcase classname="tests.test_protocol_conformance" name="test_registry_client_rollback_state_vectors[case0]" time="0.008" /><testcase classname="tests.test_protocol_conformance" name="test_registry_client_rollback_state_vectors[case1]" time="0.008" /><testcase classname="tests.test_protocol_conformance" name="test_registry_client_rollback_state_vectors[case2]" time="0.008" /><testcase classname="tests.test_protocol_conformance" name="test_registry_client_rollback_state_vectors[case3]" time="0.003" /></testsuite></testsuites>