mode: set
github.com/relux-works/curator/internal/swiftpmsource/capture.go:28.93,29.159 1 1
github.com/relux-works/curator/internal/swiftpmsource/capture.go:29.159,31.3 1 0
github.com/relux-works/curator/internal/swiftpmsource/capture.go:32.2,33.93 2 1
github.com/relux-works/curator/internal/swiftpmsource/capture.go:33.93,35.3 1 0
github.com/relux-works/curator/internal/swiftpmsource/capture.go:36.2,36.63 1 1
github.com/relux-works/curator/internal/swiftpmsource/capture.go:36.63,38.3 1 1
github.com/relux-works/curator/internal/swiftpmsource/capture.go:39.2,39.59 1 1
github.com/relux-works/curator/internal/swiftpmsource/capture.go:39.59,41.3 1 1
github.com/relux-works/curator/internal/swiftpmsource/capture.go:43.2,44.16 2 1
github.com/relux-works/curator/internal/swiftpmsource/capture.go:44.16,46.3 1 1
github.com/relux-works/curator/internal/swiftpmsource/capture.go:47.2,48.16 2 1
github.com/relux-works/curator/internal/swiftpmsource/capture.go:48.16,50.3 1 0
github.com/relux-works/curator/internal/swiftpmsource/capture.go:51.2,52.16 2 1
github.com/relux-works/curator/internal/swiftpmsource/capture.go:52.16,54.3 1 0
github.com/relux-works/curator/internal/swiftpmsource/capture.go:55.2,56.16 2 1
github.com/relux-works/curator/internal/swiftpmsource/capture.go:56.16,58.3 1 0
github.com/relux-works/curator/internal/swiftpmsource/capture.go:59.2,70.16 5 1
github.com/relux-works/curator/internal/swiftpmsource/capture.go:70.16,72.3 1 0
github.com/relux-works/curator/internal/swiftpmsource/capture.go:73.2,74.54 2 1
github.com/relux-works/curator/internal/swiftpmsource/capture.go:74.54,76.3 1 0
github.com/relux-works/curator/internal/swiftpmsource/capture.go:78.2,79.16 2 1
github.com/relux-works/curator/internal/swiftpmsource/capture.go:79.16,81.3 1 1
github.com/relux-works/curator/internal/swiftpmsource/capture.go:82.2,86.32 5 1
github.com/relux-works/curator/internal/swiftpmsource/capture.go:86.32,88.3 1 0
github.com/relux-works/curator/internal/swiftpmsource/capture.go:89.2,89.112 1 1
github.com/relux-works/curator/internal/swiftpmsource/capture.go:89.112,91.3 1 1
github.com/relux-works/curator/internal/swiftpmsource/capture.go:93.2,96.25 4 1
github.com/relux-works/curator/internal/swiftpmsource/capture.go:96.25,97.69 1 1
github.com/relux-works/curator/internal/swiftpmsource/capture.go:97.69,99.4 1 0
github.com/relux-works/curator/internal/swiftpmsource/capture.go:101.2,101.25 1 1
github.com/relux-works/curator/internal/swiftpmsource/capture.go:101.25,102.29 1 1
github.com/relux-works/curator/internal/swiftpmsource/capture.go:102.29,104.4 1 0
github.com/relux-works/curator/internal/swiftpmsource/capture.go:105.3,106.81 2 1
github.com/relux-works/curator/internal/swiftpmsource/capture.go:106.81,108.4 1 0
github.com/relux-works/curator/internal/swiftpmsource/capture.go:109.3,110.24 2 1
github.com/relux-works/curator/internal/swiftpmsource/capture.go:110.24,112.4 1 0
github.com/relux-works/curator/internal/swiftpmsource/capture.go:113.3,113.32 1 1
github.com/relux-works/curator/internal/swiftpmsource/capture.go:113.32,115.4 1 0
github.com/relux-works/curator/internal/swiftpmsource/capture.go:116.3,116.69 1 1
github.com/relux-works/curator/internal/swiftpmsource/capture.go:116.69,118.4 1 0
github.com/relux-works/curator/internal/swiftpmsource/capture.go:119.3,122.91 4 1
github.com/relux-works/curator/internal/swiftpmsource/capture.go:124.2,125.16 2 1
github.com/relux-works/curator/internal/swiftpmsource/capture.go:125.16,127.3 1 0
github.com/relux-works/curator/internal/swiftpmsource/capture.go:128.2,129.16 2 1
github.com/relux-works/curator/internal/swiftpmsource/capture.go:129.16,131.3 1 0
github.com/relux-works/curator/internal/swiftpmsource/capture.go:133.2,135.32 3 1
github.com/relux-works/curator/internal/swiftpmsource/capture.go:135.32,137.3 1 1
github.com/relux-works/curator/internal/swiftpmsource/capture.go:138.2,138.73 1 1
github.com/relux-works/curator/internal/swiftpmsource/capture.go:138.73,140.3 1 1
github.com/relux-works/curator/internal/swiftpmsource/capture.go:141.2,142.165 2 1
github.com/relux-works/curator/internal/swiftpmsource/capture.go:142.165,144.3 1 0
github.com/relux-works/curator/internal/swiftpmsource/capture.go:145.2,148.37 4 1
github.com/relux-works/curator/internal/swiftpmsource/capture.go:148.37,151.71 3 1
github.com/relux-works/curator/internal/swiftpmsource/capture.go:151.71,152.73 1 1
github.com/relux-works/curator/internal/swiftpmsource/capture.go:152.73,153.13 1 1
github.com/relux-works/curator/internal/swiftpmsource/capture.go:155.4,156.15 2 1
github.com/relux-works/curator/internal/swiftpmsource/capture.go:156.15,158.5 1 0
github.com/relux-works/curator/internal/swiftpmsource/capture.go:159.4,160.82 2 1
github.com/relux-works/curator/internal/swiftpmsource/capture.go:160.82,162.5 1 0
github.com/relux-works/curator/internal/swiftpmsource/capture.go:163.4,164.25 2 1
github.com/relux-works/curator/internal/swiftpmsource/capture.go:164.25,166.5 1 1
github.com/relux-works/curator/internal/swiftpmsource/capture.go:167.4,167.57 1 1
github.com/relux-works/curator/internal/swiftpmsource/capture.go:167.57,169.5 1 1
github.com/relux-works/curator/internal/swiftpmsource/capture.go:170.4,170.71 1 1
github.com/relux-works/curator/internal/swiftpmsource/capture.go:170.71,171.65 1 1
github.com/relux-works/curator/internal/swiftpmsource/capture.go:171.65,173.6 1 0
github.com/relux-works/curator/internal/swiftpmsource/capture.go:175.4,176.25 2 1
github.com/relux-works/curator/internal/swiftpmsource/capture.go:176.25,178.5 1 1
github.com/relux-works/curator/internal/swiftpmsource/capture.go:179.4,180.26 2 1
github.com/relux-works/curator/internal/swiftpmsource/capture.go:180.26,182.5 1 0
github.com/relux-works/curator/internal/swiftpmsource/capture.go:183.4,183.87 1 1
github.com/relux-works/curator/internal/swiftpmsource/capture.go:183.87,185.5 1 0
github.com/relux-works/curator/internal/swiftpmsource/capture.go:186.4,187.24 2 1
github.com/relux-works/curator/internal/swiftpmsource/capture.go:187.24,189.5 1 0
github.com/relux-works/curator/internal/swiftpmsource/capture.go:190.4,194.67 5 1
github.com/relux-works/curator/internal/swiftpmsource/capture.go:194.67,196.5 1 0
github.com/relux-works/curator/internal/swiftpmsource/capture.go:197.4,197.66 1 1
github.com/relux-works/curator/internal/swiftpmsource/capture.go:197.66,199.5 1 0
github.com/relux-works/curator/internal/swiftpmsource/capture.go:200.4,202.149 3 1
github.com/relux-works/curator/internal/swiftpmsource/capture.go:202.149,204.5 1 0
github.com/relux-works/curator/internal/swiftpmsource/capture.go:205.4,205.37 1 1
github.com/relux-works/curator/internal/swiftpmsource/capture.go:208.2,208.32 1 1
github.com/relux-works/curator/internal/swiftpmsource/capture.go:208.32,209.33 1 1
github.com/relux-works/curator/internal/swiftpmsource/capture.go:209.33,211.4 1 1
github.com/relux-works/curator/internal/swiftpmsource/capture.go:213.2,213.42 1 1
github.com/relux-works/curator/internal/swiftpmsource/capture.go:213.42,213.94 1 1
github.com/relux-works/curator/internal/swiftpmsource/capture.go:215.2,215.69 1 1
github.com/relux-works/curator/internal/swiftpmsource/capture.go:215.69,217.3 1 0
github.com/relux-works/curator/internal/swiftpmsource/capture.go:218.2,219.16 2 1
github.com/relux-works/curator/internal/swiftpmsource/capture.go:219.16,221.3 1 0
github.com/relux-works/curator/internal/swiftpmsource/capture.go:222.2,223.16 2 1
github.com/relux-works/curator/internal/swiftpmsource/capture.go:223.16,225.3 1 0
github.com/relux-works/curator/internal/swiftpmsource/capture.go:226.2,226.45 1 1
github.com/relux-works/curator/internal/swiftpmsource/capture.go:226.45,228.10 2 1
github.com/relux-works/curator/internal/swiftpmsource/capture.go:228.10,230.4 1 0
github.com/relux-works/curator/internal/swiftpmsource/capture.go:231.3,231.76 1 1
github.com/relux-works/curator/internal/swiftpmsource/capture.go:233.2,236.16 3 1
github.com/relux-works/curator/internal/swiftpmsource/capture.go:236.16,238.3 1 0
github.com/relux-works/curator/internal/swiftpmsource/capture.go:239.2,241.16 3 1
github.com/relux-works/curator/internal/swiftpmsource/capture.go:241.16,243.3 1 0
github.com/relux-works/curator/internal/swiftpmsource/capture.go:245.2,249.32 5 1
github.com/relux-works/curator/internal/swiftpmsource/capture.go:249.32,252.3 2 1
github.com/relux-works/curator/internal/swiftpmsource/capture.go:253.2,254.16 2 1
github.com/relux-works/curator/internal/swiftpmsource/capture.go:254.16,256.3 1 0
github.com/relux-works/curator/internal/swiftpmsource/capture.go:257.2,258.16 2 1
github.com/relux-works/curator/internal/swiftpmsource/capture.go:258.16,260.3 1 0
github.com/relux-works/curator/internal/swiftpmsource/capture.go:261.2,262.16 2 1
github.com/relux-works/curator/internal/swiftpmsource/capture.go:262.16,264.3 1 0
github.com/relux-works/curator/internal/swiftpmsource/capture.go:265.2,266.16 2 1
github.com/relux-works/curator/internal/swiftpmsource/capture.go:266.16,268.3 1 0
github.com/relux-works/curator/internal/swiftpmsource/capture.go:269.2,270.535 2 1
github.com/relux-works/curator/internal/swiftpmsource/capture.go:273.132,275.16 2 1
github.com/relux-works/curator/internal/swiftpmsource/capture.go:275.16,277.3 1 0
github.com/relux-works/curator/internal/swiftpmsource/capture.go:278.2,279.16 2 1
github.com/relux-works/curator/internal/swiftpmsource/capture.go:279.16,281.3 1 0
github.com/relux-works/curator/internal/swiftpmsource/capture.go:282.2,283.16 2 1
github.com/relux-works/curator/internal/swiftpmsource/capture.go:283.16,285.3 1 0
github.com/relux-works/curator/internal/swiftpmsource/capture.go:286.2,287.22 2 1
github.com/relux-works/curator/internal/swiftpmsource/capture.go:287.22,290.3 2 0
github.com/relux-works/curator/internal/swiftpmsource/capture.go:291.2,291.50 1 1
github.com/relux-works/curator/internal/swiftpmsource/capture.go:291.50,293.3 1 0
github.com/relux-works/curator/internal/swiftpmsource/capture.go:294.2,295.16 2 1
github.com/relux-works/curator/internal/swiftpmsource/capture.go:295.16,297.3 1 0
github.com/relux-works/curator/internal/swiftpmsource/capture.go:298.2,299.16 2 1
github.com/relux-works/curator/internal/swiftpmsource/capture.go:299.16,301.3 1 0
github.com/relux-works/curator/internal/swiftpmsource/capture.go:302.2,303.16 2 1
github.com/relux-works/curator/internal/swiftpmsource/capture.go:303.16,305.3 1 0
github.com/relux-works/curator/internal/swiftpmsource/capture.go:306.2,307.562 2 1
github.com/relux-works/curator/internal/swiftpmsource/capture.go:316.86,318.93 2 1
github.com/relux-works/curator/internal/swiftpmsource/capture.go:318.93,319.21 1 1
github.com/relux-works/curator/internal/swiftpmsource/capture.go:319.21,321.4 1 0
github.com/relux-works/curator/internal/swiftpmsource/capture.go:322.3,322.39 1 1
github.com/relux-works/curator/internal/swiftpmsource/capture.go:322.39,324.4 1 1
github.com/relux-works/curator/internal/swiftpmsource/capture.go:325.3,326.80 2 1
github.com/relux-works/curator/internal/swiftpmsource/capture.go:326.80,328.4 1 0
github.com/relux-works/curator/internal/swiftpmsource/capture.go:329.3,330.17 2 1
github.com/relux-works/curator/internal/swiftpmsource/capture.go:330.17,332.4 1 0
github.com/relux-works/curator/internal/swiftpmsource/capture.go:333.3,335.13 3 1
github.com/relux-works/curator/internal/swiftpmsource/capture.go:337.2,337.16 1 1
github.com/relux-works/curator/internal/swiftpmsource/capture.go:337.16,339.3 1 0
github.com/relux-works/curator/internal/swiftpmsource/capture.go:340.2,340.40 1 1
github.com/relux-works/curator/internal/swiftpmsource/capture.go:340.40,340.80 1 1
github.com/relux-works/curator/internal/swiftpmsource/capture.go:341.2,342.33 2 1
github.com/relux-works/curator/internal/swiftpmsource/capture.go:342.33,344.3 1 1
github.com/relux-works/curator/internal/swiftpmsource/capture.go:345.2,346.23 2 1
github.com/relux-works/curator/internal/swiftpmsource/capture.go:349.180,351.33 2 1
github.com/relux-works/curator/internal/swiftpmsource/capture.go:351.33,353.3 1 1
github.com/relux-works/curator/internal/swiftpmsource/capture.go:354.2,354.522 1 1
github.com/relux-works/curator/internal/swiftpmsource/capture.go:357.255,359.16 2 1
github.com/relux-works/curator/internal/swiftpmsource/capture.go:359.16,361.3 1 0
github.com/relux-works/curator/internal/swiftpmsource/capture.go:362.2,363.16 2 1
github.com/relux-works/curator/internal/swiftpmsource/capture.go:363.16,365.3 1 0
github.com/relux-works/curator/internal/swiftpmsource/capture.go:366.2,367.132 2 1
github.com/relux-works/curator/internal/swiftpmsource/capture.go:367.132,369.3 1 1
github.com/relux-works/curator/internal/swiftpmsource/capture.go:370.2,370.349 1 1
github.com/relux-works/curator/internal/swiftpmsource/capture.go:373.66,378.16 5 1
github.com/relux-works/curator/internal/swiftpmsource/capture.go:378.16,380.3 1 1
github.com/relux-works/curator/internal/swiftpmsource/capture.go:381.2,381.50 1 1
github.com/relux-works/curator/internal/swiftpmsource/capture.go:381.50,383.3 1 1
github.com/relux-works/curator/internal/swiftpmsource/capture.go:384.2,385.16 2 1
github.com/relux-works/curator/internal/swiftpmsource/capture.go:385.16,387.3 1 0
github.com/relux-works/curator/internal/swiftpmsource/capture.go:388.2,388.14 1 1
github.com/relux-works/curator/internal/swiftpmsource/capture.go:388.14,389.59 1 1
github.com/relux-works/curator/internal/swiftpmsource/capture.go:389.59,391.4 1 0
github.com/relux-works/curator/internal/swiftpmsource/capture.go:393.2,393.21 1 1
github.com/relux-works/curator/internal/swiftpmsource/capture.go:393.21,394.80 1 1
github.com/relux-works/curator/internal/swiftpmsource/capture.go:394.80,396.4 1 0
github.com/relux-works/curator/internal/swiftpmsource/capture.go:398.2,398.16 1 1
github.com/relux-works/curator/internal/swiftpmsource/capture.go:398.16,399.61 1 1
github.com/relux-works/curator/internal/swiftpmsource/capture.go:399.61,401.4 1 0
github.com/relux-works/curator/internal/swiftpmsource/capture.go:403.2,403.12 1 1
github.com/relux-works/curator/internal/swiftpmsource/capture.go:406.82,407.68 1 1
github.com/relux-works/curator/internal/swiftpmsource/capture.go:407.68,409.3 1 1
github.com/relux-works/curator/internal/swiftpmsource/capture.go:410.2,410.13 1 1
github.com/relux-works/curator/internal/swiftpmsource/capture.go:413.203,415.16 2 1
github.com/relux-works/curator/internal/swiftpmsource/capture.go:415.16,417.3 1 0
github.com/relux-works/curator/internal/swiftpmsource/capture.go:418.2,419.16 2 1
github.com/relux-works/curator/internal/swiftpmsource/capture.go:419.16,421.3 1 0
github.com/relux-works/curator/internal/swiftpmsource/capture.go:422.2,423.16 2 1
github.com/relux-works/curator/internal/swiftpmsource/capture.go:423.16,425.3 1 0
github.com/relux-works/curator/internal/swiftpmsource/capture.go:426.2,427.22 2 1
github.com/relux-works/curator/internal/swiftpmsource/capture.go:427.22,429.3 1 1
github.com/relux-works/curator/internal/swiftpmsource/capture.go:430.2,431.26 2 1
github.com/relux-works/curator/internal/swiftpmsource/capture.go:431.26,433.3 1 0
github.com/relux-works/curator/internal/swiftpmsource/capture.go:434.2,436.98 3 1
github.com/relux-works/curator/internal/swiftpmsource/capture.go:436.98,438.3 1 0
github.com/relux-works/curator/internal/swiftpmsource/capture.go:439.2,440.25 2 1
github.com/relux-works/curator/internal/swiftpmsource/capture.go:440.25,442.3 1 0
github.com/relux-works/curator/internal/swiftpmsource/capture.go:443.2,444.23 2 1
github.com/relux-works/curator/internal/swiftpmsource/capture.go:444.23,446.3 1 0
github.com/relux-works/curator/internal/swiftpmsource/capture.go:447.2,449.22 3 1
github.com/relux-works/curator/internal/swiftpmsource/capture.go:449.22,451.3 1 1
github.com/relux-works/curator/internal/swiftpmsource/capture.go:452.2,453.52 2 1
github.com/relux-works/curator/internal/swiftpmsource/capture.go:453.52,455.3 1 0
github.com/relux-works/curator/internal/swiftpmsource/capture.go:456.2,457.16 2 1
github.com/relux-works/curator/internal/swiftpmsource/capture.go:457.16,459.3 1 0
github.com/relux-works/curator/internal/swiftpmsource/capture.go:460.2,460.103 1 1
github.com/relux-works/curator/internal/swiftpmsource/capture.go:463.201,465.2 1 1
github.com/relux-works/curator/internal/swiftpmsource/capture.go:467.245,469.16 2 1
github.com/relux-works/curator/internal/swiftpmsource/capture.go:469.16,471.3 1 0
github.com/relux-works/curator/internal/swiftpmsource/capture.go:472.2,473.84 2 1
github.com/relux-works/curator/internal/swiftpmsource/capture.go:473.84,475.3 1 1
github.com/relux-works/curator/internal/swiftpmsource/capture.go:476.2,476.95 1 1
github.com/relux-works/curator/internal/swiftpmsource/capture.go:476.95,478.3 1 0
github.com/relux-works/curator/internal/swiftpmsource/capture.go:479.2,479.40 1 1
github.com/relux-works/curator/internal/swiftpmsource/capture.go:479.40,481.3 1 1
github.com/relux-works/curator/internal/swiftpmsource/capture.go:482.2,483.16 2 1
github.com/relux-works/curator/internal/swiftpmsource/capture.go:483.16,485.3 1 0
github.com/relux-works/curator/internal/swiftpmsource/capture.go:486.2,486.31 1 1
github.com/relux-works/curator/internal/swiftpmsource/capture.go:486.31,488.3 1 0
github.com/relux-works/curator/internal/swiftpmsource/capture.go:489.2,492.16 4 1
github.com/relux-works/curator/internal/swiftpmsource/capture.go:492.16,494.3 1 1
github.com/relux-works/curator/internal/swiftpmsource/capture.go:495.2,495.65 1 1
github.com/relux-works/curator/internal/swiftpmsource/capture.go:495.65,497.3 1 0
github.com/relux-works/curator/internal/swiftpmsource/capture.go:498.2,499.16 2 1
github.com/relux-works/curator/internal/swiftpmsource/capture.go:499.16,501.3 1 0
github.com/relux-works/curator/internal/swiftpmsource/capture.go:502.2,502.341 1 1
github.com/relux-works/curator/internal/swiftpmsource/capture.go:505.255,507.16 2 1
github.com/relux-works/curator/internal/swiftpmsource/capture.go:507.16,509.3 1 0
github.com/relux-works/curator/internal/swiftpmsource/capture.go:510.2,510.58 1 1
github.com/relux-works/curator/internal/swiftpmsource/capture.go:510.58,511.36 1 1
github.com/relux-works/curator/internal/swiftpmsource/capture.go:511.36,512.12 1 1
github.com/relux-works/curator/internal/swiftpmsource/capture.go:514.3,516.123 3 1
github.com/relux-works/curator/internal/swiftpmsource/capture.go:516.123,518.4 1 0
github.com/relux-works/curator/internal/swiftpmsource/capture.go:519.3,520.73 2 1
github.com/relux-works/curator/internal/swiftpmsource/capture.go:520.73,522.4 1 0
github.com/relux-works/curator/internal/swiftpmsource/capture.go:523.3,524.66 2 1
github.com/relux-works/curator/internal/swiftpmsource/capture.go:524.66,525.58 1 0
github.com/relux-works/curator/internal/swiftpmsource/capture.go:525.58,527.5 1 0
github.com/relux-works/curator/internal/swiftpmsource/capture.go:528.4,528.12 1 0
github.com/relux-works/curator/internal/swiftpmsource/capture.go:530.3,531.26 2 1
github.com/relux-works/curator/internal/swiftpmsource/capture.go:531.26,533.4 1 0
github.com/relux-works/curator/internal/swiftpmsource/capture.go:534.3,535.25 2 1
github.com/relux-works/curator/internal/swiftpmsource/capture.go:535.25,537.4 1 0
github.com/relux-works/curator/internal/swiftpmsource/capture.go:538.3,538.71 1 1
github.com/relux-works/curator/internal/swiftpmsource/capture.go:538.71,540.4 1 0
github.com/relux-works/curator/internal/swiftpmsource/capture.go:541.3,544.125 4 1
github.com/relux-works/curator/internal/swiftpmsource/capture.go:544.125,546.4 1 0
github.com/relux-works/curator/internal/swiftpmsource/capture.go:548.2,548.12 1 1
github.com/relux-works/curator/internal/swiftpmsource/capture.go:551.169,561.2 9 1
github.com/relux-works/curator/internal/swiftpmsource/capture.go:563.139,573.2 9 1
github.com/relux-works/curator/internal/swiftpmsource/capture.go:575.30,577.2 1 1
github.com/relux-works/curator/internal/swiftpmsource/capture.go:579.85,581.16 2 1
github.com/relux-works/curator/internal/swiftpmsource/capture.go:581.16,583.3 1 0
github.com/relux-works/curator/internal/swiftpmsource/capture.go:584.2,586.39 3 1
github.com/relux-works/curator/internal/swiftpmsource/capture.go:586.39,588.21 2 1
github.com/relux-works/curator/internal/swiftpmsource/capture.go:588.21,589.30 1 1
github.com/relux-works/curator/internal/swiftpmsource/capture.go:589.30,590.13 1 1
github.com/relux-works/curator/internal/swiftpmsource/capture.go:592.4,592.18 1 0
github.com/relux-works/curator/internal/swiftpmsource/capture.go:594.3,595.42 2 1
github.com/relux-works/curator/internal/swiftpmsource/capture.go:595.42,597.4 1 0
github.com/relux-works/curator/internal/swiftpmsource/capture.go:599.2,599.16 1 1
github.com/relux-works/curator/internal/swiftpmsource/capture.go:599.16,601.3 1 0
github.com/relux-works/curator/internal/swiftpmsource/capture.go:602.2,602.12 1 1
github.com/relux-works/curator/internal/swiftpmsource/capture.go:607.74,609.20 2 1
github.com/relux-works/curator/internal/swiftpmsource/capture.go:609.20,611.3 1 1
github.com/relux-works/curator/internal/swiftpmsource/capture.go:612.2,613.9 2 1
github.com/relux-works/curator/internal/swiftpmsource/capture.go:613.9,615.3 1 0
github.com/relux-works/curator/internal/swiftpmsource/capture.go:616.2,619.29 4 1
github.com/relux-works/curator/internal/swiftpmsource/capture.go:619.29,621.46 2 1
github.com/relux-works/curator/internal/swiftpmsource/capture.go:621.46,623.12 2 1
github.com/relux-works/curator/internal/swiftpmsource/capture.go:625.3,626.35 2 1
github.com/relux-works/curator/internal/swiftpmsource/capture.go:626.35,627.12 1 1
github.com/relux-works/curator/internal/swiftpmsource/capture.go:629.3,630.102 2 1
github.com/relux-works/curator/internal/swiftpmsource/capture.go:630.102,632.4 1 1
github.com/relux-works/curator/internal/swiftpmsource/capture.go:634.2,634.20 1 1
github.com/relux-works/curator/internal/swiftpmsource/capture.go:634.20,636.3 1 1
github.com/relux-works/curator/internal/swiftpmsource/capture.go:637.2,637.10 1 1
github.com/relux-works/curator/internal/swiftpmsource/capture.go:637.10,639.3 1 1
github.com/relux-works/curator/internal/swiftpmsource/capture.go:640.2,640.80 1 1
github.com/relux-works/curator/internal/swiftpmsource/capture.go:643.68,649.93 3 1
github.com/relux-works/curator/internal/swiftpmsource/capture.go:649.93,650.21 1 1
github.com/relux-works/curator/internal/swiftpmsource/capture.go:650.21,652.4 1 0
github.com/relux-works/curator/internal/swiftpmsource/capture.go:653.3,653.39 1 1
github.com/relux-works/curator/internal/swiftpmsource/capture.go:653.39,655.4 1 1
github.com/relux-works/curator/internal/swiftpmsource/capture.go:656.3,656.39 1 1
github.com/relux-works/curator/internal/swiftpmsource/capture.go:656.39,658.4 1 0
github.com/relux-works/curator/internal/swiftpmsource/capture.go:659.3,660.45 2 1
github.com/relux-works/curator/internal/swiftpmsource/capture.go:660.45,662.4 1 0
github.com/relux-works/curator/internal/swiftpmsource/capture.go:663.3,664.17 2 1
github.com/relux-works/curator/internal/swiftpmsource/capture.go:664.17,666.4 1 0
github.com/relux-works/curator/internal/swiftpmsource/capture.go:667.3,671.13 5 1
github.com/relux-works/curator/internal/swiftpmsource/capture.go:673.2,673.16 1 1
github.com/relux-works/curator/internal/swiftpmsource/capture.go:673.16,675.3 1 0
github.com/relux-works/curator/internal/swiftpmsource/capture.go:676.2,676.41 1 1
github.com/relux-works/curator/internal/swiftpmsource/capture.go:676.41,676.83 1 1
github.com/relux-works/curator/internal/swiftpmsource/capture.go:677.2,678.30 2 1
github.com/relux-works/curator/internal/swiftpmsource/capture.go:678.30,681.3 2 1
github.com/relux-works/curator/internal/swiftpmsource/capture.go:682.2,683.23 2 1
github.com/relux-works/curator/internal/swiftpmsource/capture.go:686.57,689.123 3 1
github.com/relux-works/curator/internal/swiftpmsource/capture.go:689.123,691.3 1 0
github.com/relux-works/curator/internal/swiftpmsource/capture.go:692.2,694.137 3 1
github.com/relux-works/curator/internal/swiftpmsource/capture.go:694.137,696.3 1 1
github.com/relux-works/curator/internal/swiftpmsource/capture.go:697.2,697.212 1 1
github.com/relux-works/curator/internal/swiftpmsource/capture.go:697.212,699.3 1 1
github.com/relux-works/curator/internal/swiftpmsource/capture.go:700.2,700.105 1 1
github.com/relux-works/curator/internal/swiftpmsource/capture.go:700.105,702.3 1 0
github.com/relux-works/curator/internal/swiftpmsource/capture.go:703.2,703.62 1 1
github.com/relux-works/curator/internal/swiftpmsource/capture.go:703.62,705.3 1 1
github.com/relux-works/curator/internal/swiftpmsource/capture.go:706.2,706.12 1 1
github.com/relux-works/curator/internal/swiftpmsource/capture.go:709.49,710.93 1 1
github.com/relux-works/curator/internal/swiftpmsource/capture.go:710.93,711.21 1 1
github.com/relux-works/curator/internal/swiftpmsource/capture.go:711.21,713.4 1 0
github.com/relux-works/curator/internal/swiftpmsource/capture.go:714.3,716.63 3 1
github.com/relux-works/curator/internal/swiftpmsource/capture.go:716.63,718.4 1 0
github.com/relux-works/curator/internal/swiftpmsource/capture.go:719.3,719.20 1 1
github.com/relux-works/curator/internal/swiftpmsource/capture.go:719.20,721.4 1 1
github.com/relux-works/curator/internal/swiftpmsource/capture.go:722.3,723.52 2 1
github.com/relux-works/curator/internal/swiftpmsource/capture.go:723.52,725.4 1 1
github.com/relux-works/curator/internal/swiftpmsource/capture.go:726.3,726.32 1 1
github.com/relux-works/curator/internal/swiftpmsource/capture.go:726.32,728.4 1 0
github.com/relux-works/curator/internal/swiftpmsource/capture.go:729.3,730.17 2 1
github.com/relux-works/curator/internal/swiftpmsource/capture.go:730.17,732.4 1 0
github.com/relux-works/curator/internal/swiftpmsource/capture.go:733.3,734.180 2 1
github.com/relux-works/curator/internal/swiftpmsource/capture.go:734.180,736.4 1 0
github.com/relux-works/curator/internal/swiftpmsource/capture.go:737.3,737.13 1 1
github.com/relux-works/curator/internal/swiftpmsource/capture.go:741.54,743.68 2 1
github.com/relux-works/curator/internal/swiftpmsource/capture.go:743.68,745.3 1 0
github.com/relux-works/curator/internal/swiftpmsource/capture.go:746.2,746.22 1 1
github.com/relux-works/curator/internal/swiftpmsource/capture.go:748.64,750.16 2 1
github.com/relux-works/curator/internal/swiftpmsource/capture.go:750.16,751.13 1 0
github.com/relux-works/curator/internal/swiftpmsource/capture.go:753.2,753.14 1 1
github.com/relux-works/curator/internal/swiftpmsource/capture.go:755.48,758.20 3 1
github.com/relux-works/curator/internal/swiftpmsource/capture.go:758.20,760.3 1 0
github.com/relux-works/curator/internal/swiftpmsource/capture.go:761.2,761.26 1 1
github.com/relux-works/curator/internal/swiftpmsource/capture.go:761.26,763.17 2 1
github.com/relux-works/curator/internal/swiftpmsource/capture.go:763.17,765.4 1 0
github.com/relux-works/curator/internal/swiftpmsource/capture.go:766.3,766.13 1 1
github.com/relux-works/curator/internal/swiftpmsource/capture.go:768.2,768.18 1 1
github.com/relux-works/curator/internal/swiftpmsource/capture.go:770.38,771.19 1 1
github.com/relux-works/curator/internal/swiftpmsource/capture.go:771.19,772.18 1 1
github.com/relux-works/curator/internal/swiftpmsource/capture.go:772.18,774.4 1 1
github.com/relux-works/curator/internal/swiftpmsource/capture.go:775.3,775.18 1 1
github.com/relux-works/curator/internal/swiftpmsource/capture.go:775.18,777.4 1 1
github.com/relux-works/curator/internal/swiftpmsource/capture.go:779.2,779.10 1 1
github.com/relux-works/curator/internal/swiftpmsource/capture.go:781.60,783.38 2 1
github.com/relux-works/curator/internal/swiftpmsource/capture.go:783.38,783.64 1 1
github.com/relux-works/curator/internal/swiftpmsource/capture.go:784.2,785.28 2 1
github.com/relux-works/curator/internal/swiftpmsource/capture.go:785.28,786.57 1 1
github.com/relux-works/curator/internal/swiftpmsource/capture.go:786.57,788.4 1 1
github.com/relux-works/curator/internal/swiftpmsource/capture.go:790.2,790.15 1 1
github.com/relux-works/curator/internal/swiftpmsource/capture.go:792.40,794.27 2 1
github.com/relux-works/curator/internal/swiftpmsource/capture.go:794.27,796.3 1 1
github.com/relux-works/curator/internal/swiftpmsource/capture.go:797.2,797.12 1 1
github.com/relux-works/curator/internal/swiftpmsource/capture.go:799.45,801.27 2 1
github.com/relux-works/curator/internal/swiftpmsource/capture.go:801.27,803.3 1 1
github.com/relux-works/curator/internal/swiftpmsource/capture.go:804.2,804.12 1 1
github.com/relux-works/curator/internal/swiftpmsource/capture.go:806.60,808.27 2 1
github.com/relux-works/curator/internal/swiftpmsource/capture.go:808.27,810.3 1 1
github.com/relux-works/curator/internal/swiftpmsource/capture.go:811.2,811.12 1 1
github.com/relux-works/curator/internal/swiftpmsource/capture.go:813.59,815.27 2 1
github.com/relux-works/curator/internal/swiftpmsource/capture.go:815.27,817.3 1 1
github.com/relux-works/curator/internal/swiftpmsource/capture.go:818.2,818.12 1 1
github.com/relux-works/curator/internal/swiftpmsource/errors.go:43.40,44.26 1 1
github.com/relux-works/curator/internal/swiftpmsource/errors.go:44.26,46.3 1 1
github.com/relux-works/curator/internal/swiftpmsource/errors.go:47.2,47.53 1 1
github.com/relux-works/curator/internal/swiftpmsource/errors.go:50.56,52.2 1 1
github.com/relux-works/curator/internal/swiftpmsource/errors.go:54.88,56.2 1 1
github.com/relux-works/curator/internal/swiftpmsource/errors.go:59.32,60.39 1 1
github.com/relux-works/curator/internal/swiftpmsource/errors.go:60.39,62.3 1 1
github.com/relux-works/curator/internal/swiftpmsource/errors.go:63.2,63.11 1 1
github.com/relux-works/curator/internal/swiftpmsource/executor_runtime.go:31.129,32.107 1 1
github.com/relux-works/curator/internal/swiftpmsource/executor_runtime.go:32.107,34.3 1 0
github.com/relux-works/curator/internal/swiftpmsource/executor_runtime.go:35.2,42.16 2 1
github.com/relux-works/curator/internal/swiftpmsource/executor_runtime.go:42.16,44.3 1 0
github.com/relux-works/curator/internal/swiftpmsource/executor_runtime.go:45.2,46.16 2 1
github.com/relux-works/curator/internal/swiftpmsource/executor_runtime.go:46.16,48.3 1 0
github.com/relux-works/curator/internal/swiftpmsource/executor_runtime.go:49.2,51.16 3 1
github.com/relux-works/curator/internal/swiftpmsource/executor_runtime.go:51.16,53.3 1 0
github.com/relux-works/curator/internal/swiftpmsource/executor_runtime.go:54.2,54.70 1 1
github.com/relux-works/curator/internal/swiftpmsource/executor_runtime.go:60.110,61.101 1 1
github.com/relux-works/curator/internal/swiftpmsource/executor_runtime.go:61.101,63.3 1 0
github.com/relux-works/curator/internal/swiftpmsource/executor_runtime.go:64.2,65.16 2 1
github.com/relux-works/curator/internal/swiftpmsource/executor_runtime.go:65.16,67.3 1 0
github.com/relux-works/curator/internal/swiftpmsource/executor_runtime.go:68.2,68.15 1 1
github.com/relux-works/curator/internal/swiftpmsource/executor_runtime.go:68.15,68.46 1 1
github.com/relux-works/curator/internal/swiftpmsource/executor_runtime.go:69.2,70.16 2 1
github.com/relux-works/curator/internal/swiftpmsource/executor_runtime.go:70.16,72.3 1 0
github.com/relux-works/curator/internal/swiftpmsource/executor_runtime.go:73.2,74.63 2 1
github.com/relux-works/curator/internal/swiftpmsource/executor_runtime.go:74.63,76.3 1 0
github.com/relux-works/curator/internal/swiftpmsource/executor_runtime.go:77.2,77.110 1 1
github.com/relux-works/curator/internal/swiftpmsource/executor_runtime.go:77.110,79.3 1 0
github.com/relux-works/curator/internal/swiftpmsource/executor_runtime.go:80.2,85.45 3 1
github.com/relux-works/curator/internal/swiftpmsource/executor_runtime.go:85.45,87.22 2 1
github.com/relux-works/curator/internal/swiftpmsource/executor_runtime.go:87.22,89.4 1 0
github.com/relux-works/curator/internal/swiftpmsource/executor_runtime.go:90.3,91.39 2 1
github.com/relux-works/curator/internal/swiftpmsource/executor_runtime.go:91.39,93.4 1 0
github.com/relux-works/curator/internal/swiftpmsource/executor_runtime.go:94.3,94.74 1 1
github.com/relux-works/curator/internal/swiftpmsource/executor_runtime.go:96.2,97.16 2 1
github.com/relux-works/curator/internal/swiftpmsource/executor_runtime.go:97.16,99.3 1 0
github.com/relux-works/curator/internal/swiftpmsource/executor_runtime.go:100.2,101.54 2 1
github.com/relux-works/curator/internal/swiftpmsource/executor_runtime.go:101.54,103.3 1 0
github.com/relux-works/curator/internal/swiftpmsource/executor_runtime.go:104.2,104.101 1 1
github.com/relux-works/curator/internal/swiftpmsource/executor_runtime.go:104.101,106.3 1 0
github.com/relux-works/curator/internal/swiftpmsource/executor_runtime.go:107.2,108.16 2 1
github.com/relux-works/curator/internal/swiftpmsource/executor_runtime.go:108.16,110.3 1 0
github.com/relux-works/curator/internal/swiftpmsource/executor_runtime.go:111.2,112.41 2 1
github.com/relux-works/curator/internal/swiftpmsource/executor_runtime.go:112.41,115.3 2 1
github.com/relux-works/curator/internal/swiftpmsource/executor_runtime.go:116.2,117.16 2 1
github.com/relux-works/curator/internal/swiftpmsource/executor_runtime.go:117.16,119.3 1 0
github.com/relux-works/curator/internal/swiftpmsource/executor_runtime.go:120.2,130.16 7 1
github.com/relux-works/curator/internal/swiftpmsource/executor_runtime.go:130.16,132.3 1 0
github.com/relux-works/curator/internal/swiftpmsource/executor_runtime.go:133.2,134.16 2 1
github.com/relux-works/curator/internal/swiftpmsource/executor_runtime.go:134.16,136.3 1 0
github.com/relux-works/curator/internal/swiftpmsource/executor_runtime.go:137.2,138.16 2 1
github.com/relux-works/curator/internal/swiftpmsource/executor_runtime.go:138.16,140.3 1 0
github.com/relux-works/curator/internal/swiftpmsource/executor_runtime.go:141.2,141.88 1 1
github.com/relux-works/curator/internal/swiftpmsource/executor_runtime.go:144.51,145.145 1 1
github.com/relux-works/curator/internal/swiftpmsource/executor_runtime.go:145.145,147.3 1 1
github.com/relux-works/curator/internal/swiftpmsource/executor_runtime.go:148.2,148.42 1 1
github.com/relux-works/curator/internal/swiftpmsource/executor_runtime.go:151.37,153.2 1 1
github.com/relux-works/curator/internal/swiftpmsource/executor_runtime.go:155.69,158.2 2 1
github.com/relux-works/curator/internal/swiftpmsource/executor_runtime.go:160.51,161.95 1 1
github.com/relux-works/curator/internal/swiftpmsource/executor_runtime.go:161.95,162.21 1 1
github.com/relux-works/curator/internal/swiftpmsource/executor_runtime.go:162.21,164.4 1 0
github.com/relux-works/curator/internal/swiftpmsource/executor_runtime.go:165.3,166.17 2 1
github.com/relux-works/curator/internal/swiftpmsource/executor_runtime.go:166.17,168.4 1 0
github.com/relux-works/curator/internal/swiftpmsource/executor_runtime.go:169.3,170.39 2 1
github.com/relux-works/curator/internal/swiftpmsource/executor_runtime.go:170.39,172.4 1 0
github.com/relux-works/curator/internal/swiftpmsource/executor_runtime.go:173.3,173.20 1 1
github.com/relux-works/curator/internal/swiftpmsource/executor_runtime.go:173.20,175.4 1 1
github.com/relux-works/curator/internal/swiftpmsource/executor_runtime.go:176.3,177.45 2 1
github.com/relux-works/curator/internal/swiftpmsource/executor_runtime.go:177.45,179.4 1 0
github.com/relux-works/curator/internal/swiftpmsource/executor_runtime.go:180.3,181.17 2 1
github.com/relux-works/curator/internal/swiftpmsource/executor_runtime.go:181.17,183.4 1 0
github.com/relux-works/curator/internal/swiftpmsource/executor_runtime.go:184.3,184.51 1 1
github.com/relux-works/curator/internal/swiftpmsource/executor_runtime.go:193.67,195.78 2 1
github.com/relux-works/curator/internal/swiftpmsource/executor_runtime.go:195.78,197.3 1 1
github.com/relux-works/curator/internal/swiftpmsource/executor_runtime.go:198.2,200.48 3 1
github.com/relux-works/curator/internal/swiftpmsource/executor_runtime.go:200.48,201.30 1 1
github.com/relux-works/curator/internal/swiftpmsource/executor_runtime.go:201.30,203.40 2 1
github.com/relux-works/curator/internal/swiftpmsource/executor_runtime.go:203.40,205.5 1 1
github.com/relux-works/curator/internal/swiftpmsource/executor_runtime.go:206.4,207.50 2 1
github.com/relux-works/curator/internal/swiftpmsource/executor_runtime.go:207.50,209.5 1 0
github.com/relux-works/curator/internal/swiftpmsource/executor_runtime.go:211.3,211.13 1 1
github.com/relux-works/curator/internal/swiftpmsource/executor_runtime.go:213.2,213.48 1 1
github.com/relux-works/curator/internal/swiftpmsource/executor_runtime.go:213.48,215.3 1 1
github.com/relux-works/curator/internal/swiftpmsource/executor_runtime.go:216.2,217.29 2 1
github.com/relux-works/curator/internal/swiftpmsource/executor_runtime.go:217.29,219.3 1 1
github.com/relux-works/curator/internal/swiftpmsource/executor_runtime.go:220.2,221.24 2 1
github.com/relux-works/curator/internal/swiftpmsource/executor_runtime.go:241.124,242.88 1 1
github.com/relux-works/curator/internal/swiftpmsource/executor_runtime.go:242.88,244.3 1 0
github.com/relux-works/curator/internal/swiftpmsource/executor_runtime.go:245.2,245.57 1 1
github.com/relux-works/curator/internal/swiftpmsource/executor_runtime.go:245.57,247.3 1 0
github.com/relux-works/curator/internal/swiftpmsource/executor_runtime.go:248.2,249.16 2 1
github.com/relux-works/curator/internal/swiftpmsource/executor_runtime.go:249.16,251.3 1 0
github.com/relux-works/curator/internal/swiftpmsource/executor_runtime.go:252.2,254.16 3 1
github.com/relux-works/curator/internal/swiftpmsource/executor_runtime.go:254.16,256.3 1 0
github.com/relux-works/curator/internal/swiftpmsource/executor_runtime.go:257.2,258.16 2 1
github.com/relux-works/curator/internal/swiftpmsource/executor_runtime.go:258.16,260.3 1 0
github.com/relux-works/curator/internal/swiftpmsource/executor_runtime.go:261.2,263.16 3 1
github.com/relux-works/curator/internal/swiftpmsource/executor_runtime.go:263.16,265.3 1 0
github.com/relux-works/curator/internal/swiftpmsource/executor_runtime.go:266.2,269.25 4 1
github.com/relux-works/curator/internal/swiftpmsource/executor_runtime.go:269.25,275.3 5 1
github.com/relux-works/curator/internal/swiftpmsource/executor_runtime.go:276.2,276.27 1 1
github.com/relux-works/curator/internal/swiftpmsource/executor_runtime.go:276.27,278.3 1 0
github.com/relux-works/curator/internal/swiftpmsource/executor_runtime.go:279.2,279.46 1 1
github.com/relux-works/curator/internal/swiftpmsource/executor_runtime.go:279.46,279.108 1 1
github.com/relux-works/curator/internal/swiftpmsource/executor_runtime.go:280.2,284.40 5 1
github.com/relux-works/curator/internal/swiftpmsource/executor_runtime.go:284.40,289.3 4 1
github.com/relux-works/curator/internal/swiftpmsource/executor_runtime.go:290.2,294.25 5 1
github.com/relux-works/curator/internal/swiftpmsource/executor_runtime.go:294.25,298.3 3 1
github.com/relux-works/curator/internal/swiftpmsource/executor_runtime.go:299.2,301.25 3 1
github.com/relux-works/curator/internal/swiftpmsource/executor_runtime.go:301.25,303.3 1 0
github.com/relux-works/curator/internal/swiftpmsource/executor_runtime.go:304.2,306.25 3 1
github.com/relux-works/curator/internal/swiftpmsource/executor_runtime.go:306.25,308.3 1 1
github.com/relux-works/curator/internal/swiftpmsource/executor_runtime.go:309.2,320.16 3 1
github.com/relux-works/curator/internal/swiftpmsource/executor_runtime.go:320.16,322.3 1 0
github.com/relux-works/curator/internal/swiftpmsource/executor_runtime.go:323.2,323.123 1 1
github.com/relux-works/curator/internal/swiftpmsource/executor_runtime.go:323.123,325.3 1 1
github.com/relux-works/curator/internal/swiftpmsource/executor_runtime.go:326.2,326.16 1 1
github.com/relux-works/curator/internal/swiftpmsource/executor_runtime.go:326.16,328.3 1 0
github.com/relux-works/curator/internal/swiftpmsource/executor_runtime.go:329.2,329.72 1 1
github.com/relux-works/curator/internal/swiftpmsource/executor_runtime.go:329.72,331.3 1 0
github.com/relux-works/curator/internal/swiftpmsource/executor_runtime.go:332.2,334.16 3 1
github.com/relux-works/curator/internal/swiftpmsource/executor_runtime.go:334.16,336.3 1 0
github.com/relux-works/curator/internal/swiftpmsource/executor_runtime.go:337.2,337.30 1 1
github.com/relux-works/curator/internal/swiftpmsource/executor_runtime.go:340.67,342.16 2 1
github.com/relux-works/curator/internal/swiftpmsource/executor_runtime.go:342.16,344.3 1 0
github.com/relux-works/curator/internal/swiftpmsource/executor_runtime.go:345.2,346.39 2 1
github.com/relux-works/curator/internal/swiftpmsource/executor_runtime.go:346.39,348.3 1 1
github.com/relux-works/curator/internal/swiftpmsource/executor_runtime.go:349.2,350.100 2 1
github.com/relux-works/curator/internal/swiftpmsource/executor_runtime.go:350.100,352.3 1 0
github.com/relux-works/curator/internal/swiftpmsource/executor_runtime.go:353.2,353.12 1 1
github.com/relux-works/curator/internal/swiftpmsource/executor_runtime.go:356.103,358.47 2 1
github.com/relux-works/curator/internal/swiftpmsource/executor_runtime.go:358.47,360.3 1 1
github.com/relux-works/curator/internal/swiftpmsource/executor_runtime.go:361.2,361.111 1 1
github.com/relux-works/curator/internal/swiftpmsource/executor_runtime.go:393.71,397.50 4 1
github.com/relux-works/curator/internal/swiftpmsource/executor_runtime.go:397.50,400.59 1 1
github.com/relux-works/curator/internal/swiftpmsource/executor_runtime.go:400.59,402.4 1 0
github.com/relux-works/curator/internal/swiftpmsource/executor_runtime.go:404.2,405.44 2 1
github.com/relux-works/curator/internal/swiftpmsource/executor_runtime.go:405.44,407.17 2 1
github.com/relux-works/curator/internal/swiftpmsource/executor_runtime.go:407.17,409.4 1 0
github.com/relux-works/curator/internal/swiftpmsource/executor_runtime.go:410.3,410.115 1 1
github.com/relux-works/curator/internal/swiftpmsource/executor_runtime.go:412.2,412.42 1 1
github.com/relux-works/curator/internal/swiftpmsource/executor_runtime.go:412.42,414.17 2 1
github.com/relux-works/curator/internal/swiftpmsource/executor_runtime.go:414.17,416.4 1 0
github.com/relux-works/curator/internal/swiftpmsource/executor_runtime.go:417.3,418.43 2 1
github.com/relux-works/curator/internal/swiftpmsource/executor_runtime.go:418.43,420.18 2 1
github.com/relux-works/curator/internal/swiftpmsource/executor_runtime.go:420.18,422.5 1 0
github.com/relux-works/curator/internal/swiftpmsource/executor_runtime.go:423.4,423.61 1 1
github.com/relux-works/curator/internal/swiftpmsource/executor_runtime.go:425.3,425.39 1 1
github.com/relux-works/curator/internal/swiftpmsource/executor_runtime.go:425.39,427.18 2 0
github.com/relux-works/curator/internal/swiftpmsource/executor_runtime.go:427.18,429.5 1 0
github.com/relux-works/curator/internal/swiftpmsource/executor_runtime.go:430.4,430.50 1 0
github.com/relux-works/curator/internal/swiftpmsource/executor_runtime.go:432.3,432.52 1 1
github.com/relux-works/curator/internal/swiftpmsource/executor_runtime.go:434.2,434.44 1 1
github.com/relux-works/curator/internal/swiftpmsource/executor_runtime.go:434.44,436.17 2 1
github.com/relux-works/curator/internal/swiftpmsource/executor_runtime.go:436.17,438.4 1 0
github.com/relux-works/curator/internal/swiftpmsource/executor_runtime.go:439.3,439.68 1 1
github.com/relux-works/curator/internal/swiftpmsource/executor_runtime.go:441.2,441.40 1 1
github.com/relux-works/curator/internal/swiftpmsource/executor_runtime.go:441.40,442.23 1 0
github.com/relux-works/curator/internal/swiftpmsource/executor_runtime.go:442.23,444.4 1 0
github.com/relux-works/curator/internal/swiftpmsource/executor_runtime.go:445.3,445.56 1 0
github.com/relux-works/curator/internal/swiftpmsource/executor_runtime.go:447.2,447.22 1 1
github.com/relux-works/curator/internal/swiftpmsource/executor_runtime.go:450.69,451.21 1 1
github.com/relux-works/curator/internal/swiftpmsource/executor_runtime.go:451.21,453.3 1 1
github.com/relux-works/curator/internal/swiftpmsource/executor_runtime.go:454.2,454.25 1 1
github.com/relux-works/curator/internal/swiftpmsource/executor_runtime.go:454.25,456.3 1 1
github.com/relux-works/curator/internal/swiftpmsource/executor_runtime.go:457.2,457.76 1 0
github.com/relux-works/curator/internal/swiftpmsource/executor_runtime.go:460.79,462.22 2 1
github.com/relux-works/curator/internal/swiftpmsource/executor_runtime.go:462.22,464.28 2 1
github.com/relux-works/curator/internal/swiftpmsource/executor_runtime.go:464.28,466.4 1 0
github.com/relux-works/curator/internal/swiftpmsource/executor_runtime.go:467.3,467.66 1 1
github.com/relux-works/curator/internal/swiftpmsource/executor_runtime.go:469.2,469.158 1 1
github.com/relux-works/curator/internal/swiftpmsource/executor_runtime.go:469.158,471.3 1 0
github.com/relux-works/curator/internal/swiftpmsource/executor_runtime.go:472.2,473.39 2 1
github.com/relux-works/curator/internal/swiftpmsource/executor_runtime.go:473.39,475.3 1 0
github.com/relux-works/curator/internal/swiftpmsource/executor_runtime.go:476.2,477.39 2 1
github.com/relux-works/curator/internal/swiftpmsource/executor_runtime.go:477.39,479.3 1 0
github.com/relux-works/curator/internal/swiftpmsource/executor_runtime.go:480.2,482.97 3 1
github.com/relux-works/curator/internal/swiftpmsource/executor_runtime.go:482.97,483.21 1 1
github.com/relux-works/curator/internal/swiftpmsource/executor_runtime.go:483.21,484.80 1 0
github.com/relux-works/curator/internal/swiftpmsource/executor_runtime.go:484.80,486.5 1 0
github.com/relux-works/curator/internal/swiftpmsource/executor_runtime.go:487.4,487.18 1 0
github.com/relux-works/curator/internal/swiftpmsource/executor_runtime.go:489.3,489.20 1 1
github.com/relux-works/curator/internal/swiftpmsource/executor_runtime.go:489.20,491.4 1 1
github.com/relux-works/curator/internal/swiftpmsource/executor_runtime.go:492.3,493.17 2 1
github.com/relux-works/curator/internal/swiftpmsource/executor_runtime.go:493.17,495.4 1 0
github.com/relux-works/curator/internal/swiftpmsource/executor_runtime.go:496.3,497.119 2 1
github.com/relux-works/curator/internal/swiftpmsource/executor_runtime.go:497.119,499.4 1 0
github.com/relux-works/curator/internal/swiftpmsource/executor_runtime.go:500.3,501.13 2 1
github.com/relux-works/curator/internal/swiftpmsource/executor_runtime.go:503.2,503.16 1 1
github.com/relux-works/curator/internal/swiftpmsource/executor_runtime.go:503.16,505.3 1 0
github.com/relux-works/curator/internal/swiftpmsource/executor_runtime.go:506.2,507.20 2 1
github.com/relux-works/curator/internal/swiftpmsource/executor_runtime.go:510.52,511.36 1 1
github.com/relux-works/curator/internal/swiftpmsource/executor_runtime.go:512.70,513.14 1 1
github.com/relux-works/curator/internal/swiftpmsource/executor_runtime.go:514.10,515.15 1 1
github.com/relux-works/curator/internal/swiftpmsource/executor_runtime.go:519.87,520.19 1 1
github.com/relux-works/curator/internal/swiftpmsource/executor_runtime.go:520.19,522.3 1 0
github.com/relux-works/curator/internal/swiftpmsource/executor_runtime.go:523.2,523.33 1 1
github.com/relux-works/curator/internal/swiftpmsource/executor_runtime.go:523.33,525.78 2 1
github.com/relux-works/curator/internal/swiftpmsource/executor_runtime.go:525.78,527.4 1 0
github.com/relux-works/curator/internal/swiftpmsource/executor_runtime.go:528.3,529.72 2 1
github.com/relux-works/curator/internal/swiftpmsource/executor_runtime.go:529.72,531.4 1 0
github.com/relux-works/curator/internal/swiftpmsource/executor_runtime.go:532.3,533.15 2 1
github.com/relux-works/curator/internal/swiftpmsource/executor_runtime.go:534.27,535.26 1 1
github.com/relux-works/curator/internal/swiftpmsource/executor_runtime.go:536.18,538.54 2 1
github.com/relux-works/curator/internal/swiftpmsource/executor_runtime.go:538.54,540.5 1 1
github.com/relux-works/curator/internal/swiftpmsource/executor_runtime.go:541.11,542.110 1 1
github.com/relux-works/curator/internal/swiftpmsource/executor_runtime.go:544.3,544.25 1 1
github.com/relux-works/curator/internal/swiftpmsource/executor_runtime.go:546.2,546.89 1 0
github.com/relux-works/curator/internal/swiftpmsource/executor_runtime.go:549.79,551.16 2 1
github.com/relux-works/curator/internal/swiftpmsource/executor_runtime.go:551.16,553.3 1 0
github.com/relux-works/curator/internal/swiftpmsource/executor_runtime.go:554.2,555.21 2 1
github.com/relux-works/curator/internal/swiftpmsource/executor_runtime.go:558.59,560.2 1 1
github.com/relux-works/curator/internal/swiftpmsource/executor_runtime.go:562.92,563.69 1 1
github.com/relux-works/curator/internal/swiftpmsource/executor_runtime.go:563.69,565.10 2 1
github.com/relux-works/curator/internal/swiftpmsource/executor_runtime.go:565.10,567.4 1 0
github.com/relux-works/curator/internal/swiftpmsource/executor_runtime.go:568.3,571.137 4 1
github.com/relux-works/curator/internal/swiftpmsource/executor_runtime.go:571.137,573.4 1 1
github.com/relux-works/curator/internal/swiftpmsource/executor_runtime.go:574.3,574.148 1 1
github.com/relux-works/curator/internal/swiftpmsource/executor_runtime.go:576.2,577.29 2 1
github.com/relux-works/curator/internal/swiftpmsource/executor_runtime.go:577.29,579.3 1 0
github.com/relux-works/curator/internal/swiftpmsource/executor_runtime.go:580.2,581.9 2 1
github.com/relux-works/curator/internal/swiftpmsource/executor_runtime.go:581.9,583.3 1 0
github.com/relux-works/curator/internal/swiftpmsource/executor_runtime.go:584.2,586.50 3 1
github.com/relux-works/curator/internal/swiftpmsource/executor_runtime.go:586.50,588.3 1 0
github.com/relux-works/curator/internal/swiftpmsource/executor_runtime.go:589.2,591.52 3 1
github.com/relux-works/curator/internal/swiftpmsource/executor_runtime.go:591.52,593.32 2 1
github.com/relux-works/curator/internal/swiftpmsource/executor_runtime.go:593.32,595.4 1 0
github.com/relux-works/curator/internal/swiftpmsource/executor_runtime.go:596.3,597.64 2 1
github.com/relux-works/curator/internal/swiftpmsource/executor_runtime.go:597.64,599.22 2 0
github.com/relux-works/curator/internal/swiftpmsource/executor_runtime.go:599.22,601.5 1 0
github.com/relux-works/curator/internal/swiftpmsource/executor_runtime.go:603.3,603.21 1 1
github.com/relux-works/curator/internal/swiftpmsource/executor_runtime.go:603.21,605.4 1 0
github.com/relux-works/curator/internal/swiftpmsource/executor_runtime.go:606.3,606.23 1 1
github.com/relux-works/curator/internal/swiftpmsource/executor_runtime.go:607.17,608.23 1 1
github.com/relux-works/curator/internal/swiftpmsource/executor_runtime.go:609.16,610.22 1 1
github.com/relux-works/curator/internal/swiftpmsource/executor_runtime.go:611.11,612.125 1 0
github.com/relux-works/curator/internal/swiftpmsource/executor_runtime.go:615.2,616.16 2 1
github.com/relux-works/curator/internal/swiftpmsource/executor_runtime.go:616.16,618.3 1 0
github.com/relux-works/curator/internal/swiftpmsource/executor_runtime.go:619.2,619.127 1 1
github.com/relux-works/curator/internal/swiftpmsource/executor_runtime.go:622.49,624.28 2 1
github.com/relux-works/curator/internal/swiftpmsource/executor_runtime.go:624.28,626.3 1 1
github.com/relux-works/curator/internal/swiftpmsource/executor_runtime.go:627.2,627.37 1 1
github.com/relux-works/curator/internal/swiftpmsource/executor_runtime.go:627.37,629.30 2 1
github.com/relux-works/curator/internal/swiftpmsource/executor_runtime.go:629.30,631.4 1 1
github.com/relux-works/curator/internal/swiftpmsource/executor_runtime.go:632.3,633.35 2 1
github.com/relux-works/curator/internal/swiftpmsource/executor_runtime.go:633.35,635.33 2 1
github.com/relux-works/curator/internal/swiftpmsource/executor_runtime.go:635.33,637.5 1 1
github.com/relux-works/curator/internal/swiftpmsource/executor_runtime.go:639.3,639.15 1 1
github.com/relux-works/curator/internal/swiftpmsource/executor_runtime.go:640.38,641.23 1 1
github.com/relux-works/curator/internal/swiftpmsource/executor_runtime.go:641.23,643.5 1 0
github.com/relux-works/curator/internal/swiftpmsource/executor_runtime.go:644.4,644.37 1 1
github.com/relux-works/curator/internal/swiftpmsource/executor_runtime.go:645.16,646.23 1 1
github.com/relux-works/curator/internal/swiftpmsource/executor_runtime.go:646.23,648.5 1 1
github.com/relux-works/curator/internal/swiftpmsource/executor_runtime.go:649.4,649.54 1 1
github.com/relux-works/curator/internal/swiftpmsource/executor_runtime.go:650.11,651.104 1 1
github.com/relux-works/curator/internal/swiftpmsource/executor_runtime.go:654.2,654.83 1 0
github.com/relux-works/curator/internal/swiftpmsource/git.go:65.124,67.16 2 1
github.com/relux-works/curator/internal/swiftpmsource/git.go:67.16,69.3 1 0
github.com/relux-works/curator/internal/swiftpmsource/git.go:70.2,71.56 2 1
github.com/relux-works/curator/internal/swiftpmsource/git.go:71.56,73.3 1 0
github.com/relux-works/curator/internal/swiftpmsource/git.go:74.2,74.280 1 1
github.com/relux-works/curator/internal/swiftpmsource/git.go:77.218,78.88 1 1
github.com/relux-works/curator/internal/swiftpmsource/git.go:78.88,80.3 1 0
github.com/relux-works/curator/internal/swiftpmsource/git.go:81.2,92.130 11 1
github.com/relux-works/curator/internal/swiftpmsource/git.go:92.130,96.17 4 0
github.com/relux-works/curator/internal/swiftpmsource/git.go:96.17,98.4 1 0
github.com/relux-works/curator/internal/swiftpmsource/git.go:99.3,99.97 1 0
github.com/relux-works/curator/internal/swiftpmsource/git.go:101.2,101.18 1 1
github.com/relux-works/curator/internal/swiftpmsource/git.go:101.18,103.3 1 1
github.com/relux-works/curator/internal/swiftpmsource/git.go:104.2,109.50 6 1
github.com/relux-works/curator/internal/swiftpmsource/git.go:109.50,111.3 1 0
github.com/relux-works/curator/internal/swiftpmsource/git.go:112.2,112.16 1 1
github.com/relux-works/curator/internal/swiftpmsource/git.go:112.16,114.3 1 0
github.com/relux-works/curator/internal/swiftpmsource/git.go:115.2,116.35 2 1
github.com/relux-works/curator/internal/swiftpmsource/git.go:116.35,117.17 1 0
github.com/relux-works/curator/internal/swiftpmsource/git.go:117.17,119.4 1 0
github.com/relux-works/curator/internal/swiftpmsource/git.go:120.3,120.101 1 0
github.com/relux-works/curator/internal/swiftpmsource/git.go:122.2,129.43 8 1
github.com/relux-works/curator/internal/swiftpmsource/git.go:132.93,133.82 1 1
github.com/relux-works/curator/internal/swiftpmsource/git.go:133.82,135.3 1 0
github.com/relux-works/curator/internal/swiftpmsource/git.go:136.2,138.43 3 1
github.com/relux-works/curator/internal/swiftpmsource/git.go:138.43,141.291 3 1
github.com/relux-works/curator/internal/swiftpmsource/git.go:141.291,143.4 1 0
github.com/relux-works/curator/internal/swiftpmsource/git.go:145.2,145.12 1 1
github.com/relux-works/curator/internal/swiftpmsource/git.go:148.50,151.2 2 1
github.com/relux-works/curator/internal/swiftpmsource/git.go:153.81,154.87 1 1
github.com/relux-works/curator/internal/swiftpmsource/git.go:154.87,156.3 1 1
github.com/relux-works/curator/internal/swiftpmsource/git.go:157.2,158.12 2 1
github.com/relux-works/curator/internal/swiftpmsource/git.go:164.102,167.2 2 1
github.com/relux-works/curator/internal/swiftpmsource/git.go:171.139,173.71 2 1
github.com/relux-works/curator/internal/swiftpmsource/git.go:173.71,175.3 1 0
github.com/relux-works/curator/internal/swiftpmsource/git.go:176.2,177.16 2 1
github.com/relux-works/curator/internal/swiftpmsource/git.go:177.16,179.3 1 0
github.com/relux-works/curator/internal/swiftpmsource/git.go:180.2,181.16 2 1
github.com/relux-works/curator/internal/swiftpmsource/git.go:181.16,183.3 1 0
github.com/relux-works/curator/internal/swiftpmsource/git.go:184.2,184.52 1 1
github.com/relux-works/curator/internal/swiftpmsource/git.go:184.52,186.3 1 0
github.com/relux-works/curator/internal/swiftpmsource/git.go:187.2,188.24 2 1
github.com/relux-works/curator/internal/swiftpmsource/git.go:188.24,190.3 1 0
github.com/relux-works/curator/internal/swiftpmsource/git.go:191.2,192.26 2 1
github.com/relux-works/curator/internal/swiftpmsource/git.go:192.26,193.28 1 1
github.com/relux-works/curator/internal/swiftpmsource/git.go:193.28,195.4 1 0
github.com/relux-works/curator/internal/swiftpmsource/git.go:196.3,197.27 2 1
github.com/relux-works/curator/internal/swiftpmsource/git.go:199.2,200.16 2 1
github.com/relux-works/curator/internal/swiftpmsource/git.go:200.16,202.3 1 0
github.com/relux-works/curator/internal/swiftpmsource/git.go:203.2,204.16 2 1
github.com/relux-works/curator/internal/swiftpmsource/git.go:205.15,207.22 2 1
github.com/relux-works/curator/internal/swiftpmsource/git.go:208.16,210.21 2 1
github.com/relux-works/curator/internal/swiftpmsource/git.go:211.15,213.13 2 1
github.com/relux-works/curator/internal/swiftpmsource/git.go:213.13,215.4 1 0
github.com/relux-works/curator/internal/swiftpmsource/git.go:216.3,216.68 1 1
github.com/relux-works/curator/internal/swiftpmsource/git.go:217.10,218.171 1 0
github.com/relux-works/curator/internal/swiftpmsource/git.go:220.2,220.34 1 1
github.com/relux-works/curator/internal/swiftpmsource/git.go:220.34,222.3 1 0
github.com/relux-works/curator/internal/swiftpmsource/git.go:223.2,223.26 1 1
github.com/relux-works/curator/internal/swiftpmsource/git.go:228.82,229.19 1 1
github.com/relux-works/curator/internal/swiftpmsource/git.go:229.19,231.3 1 0
github.com/relux-works/curator/internal/swiftpmsource/git.go:232.2,233.16 2 1
github.com/relux-works/curator/internal/swiftpmsource/git.go:233.16,235.3 1 0
github.com/relux-works/curator/internal/swiftpmsource/git.go:236.2,237.16 2 1
github.com/relux-works/curator/internal/swiftpmsource/git.go:237.16,239.3 1 0
github.com/relux-works/curator/internal/swiftpmsource/git.go:240.2,241.52 2 1
github.com/relux-works/curator/internal/swiftpmsource/git.go:241.52,243.3 1 0
github.com/relux-works/curator/internal/swiftpmsource/git.go:244.2,245.16 2 1
github.com/relux-works/curator/internal/swiftpmsource/git.go:245.16,247.3 1 0
github.com/relux-works/curator/internal/swiftpmsource/git.go:248.2,251.107 4 1
github.com/relux-works/curator/internal/swiftpmsource/git.go:251.107,253.3 1 0
github.com/relux-works/curator/internal/swiftpmsource/git.go:254.2,257.16 4 1
github.com/relux-works/curator/internal/swiftpmsource/git.go:257.16,259.3 1 0
github.com/relux-works/curator/internal/swiftpmsource/git.go:260.2,262.22 3 1
github.com/relux-works/curator/internal/swiftpmsource/git.go:262.22,264.3 1 0
github.com/relux-works/curator/internal/swiftpmsource/git.go:265.2,267.86 3 1
github.com/relux-works/curator/internal/swiftpmsource/git.go:267.86,269.3 1 0
github.com/relux-works/curator/internal/swiftpmsource/git.go:270.2,271.16 2 1
github.com/relux-works/curator/internal/swiftpmsource/git.go:271.16,273.3 1 0
github.com/relux-works/curator/internal/swiftpmsource/git.go:274.2,274.67 1 1
github.com/relux-works/curator/internal/swiftpmsource/git.go:274.67,276.3 1 0
github.com/relux-works/curator/internal/swiftpmsource/git.go:277.2,277.61 1 1
github.com/relux-works/curator/internal/swiftpmsource/git.go:277.61,279.3 1 0
github.com/relux-works/curator/internal/swiftpmsource/git.go:280.2,280.86 1 1
github.com/relux-works/curator/internal/swiftpmsource/git.go:280.86,282.3 1 0
github.com/relux-works/curator/internal/swiftpmsource/git.go:283.2,284.16 2 1
github.com/relux-works/curator/internal/swiftpmsource/git.go:284.16,286.3 1 0
github.com/relux-works/curator/internal/swiftpmsource/git.go:287.2,288.16 2 1
github.com/relux-works/curator/internal/swiftpmsource/git.go:288.16,290.3 1 0
github.com/relux-works/curator/internal/swiftpmsource/git.go:291.2,292.16 2 1
github.com/relux-works/curator/internal/swiftpmsource/git.go:292.16,294.3 1 0
github.com/relux-works/curator/internal/swiftpmsource/git.go:295.2,295.324 1 1
github.com/relux-works/curator/internal/swiftpmsource/git.go:300.75,301.140 1 1
github.com/relux-works/curator/internal/swiftpmsource/git.go:301.140,303.3 1 0
github.com/relux-works/curator/internal/swiftpmsource/git.go:304.2,305.16 2 1
github.com/relux-works/curator/internal/swiftpmsource/git.go:305.16,307.3 1 0
github.com/relux-works/curator/internal/swiftpmsource/git.go:308.2,309.16 2 1
github.com/relux-works/curator/internal/swiftpmsource/git.go:309.16,311.3 1 0
github.com/relux-works/curator/internal/swiftpmsource/git.go:312.2,313.52 2 1
github.com/relux-works/curator/internal/swiftpmsource/git.go:313.52,315.3 1 0
github.com/relux-works/curator/internal/swiftpmsource/git.go:316.2,316.12 1 1
github.com/relux-works/curator/internal/swiftpmsource/git.go:319.157,320.114 1 1
github.com/relux-works/curator/internal/swiftpmsource/git.go:320.114,321.41 1 1
github.com/relux-works/curator/internal/swiftpmsource/git.go:321.41,323.4 1 1
github.com/relux-works/curator/internal/swiftpmsource/git.go:324.28,331.20 7 1
github.com/relux-works/curator/internal/swiftpmsource/git.go:331.20,333.4 1 0
github.com/relux-works/curator/internal/swiftpmsource/git.go:334.3,334.20 1 1
github.com/relux-works/curator/internal/swiftpmsource/git.go:336.2,336.22 1 1
github.com/relux-works/curator/internal/swiftpmsource/git.go:336.22,338.3 1 1
github.com/relux-works/curator/internal/swiftpmsource/git.go:339.2,339.23 1 1
github.com/relux-works/curator/internal/swiftpmsource/git.go:339.23,341.3 1 1
github.com/relux-works/curator/internal/swiftpmsource/git.go:342.2,342.20 1 1
github.com/relux-works/curator/internal/swiftpmsource/git.go:354.91,355.91 1 1
github.com/relux-works/curator/internal/swiftpmsource/git.go:355.91,357.3 1 0
github.com/relux-works/curator/internal/swiftpmsource/git.go:358.2,359.12 2 1
github.com/relux-works/curator/internal/swiftpmsource/git.go:363.143,366.16 3 1
github.com/relux-works/curator/internal/swiftpmsource/git.go:366.16,368.3 1 0
github.com/relux-works/curator/internal/swiftpmsource/git.go:369.2,370.61 2 1
github.com/relux-works/curator/internal/swiftpmsource/git.go:370.61,372.3 1 0
github.com/relux-works/curator/internal/swiftpmsource/git.go:373.2,373.157 1 1
github.com/relux-works/curator/internal/swiftpmsource/git.go:373.157,375.3 1 0
github.com/relux-works/curator/internal/swiftpmsource/git.go:376.2,377.16 2 1
github.com/relux-works/curator/internal/swiftpmsource/git.go:377.16,379.3 1 0
github.com/relux-works/curator/internal/swiftpmsource/git.go:380.2,380.47 1 1
github.com/relux-works/curator/internal/swiftpmsource/git.go:380.47,382.3 1 1
github.com/relux-works/curator/internal/swiftpmsource/git.go:383.2,383.153 1 1
github.com/relux-works/curator/internal/swiftpmsource/git.go:383.153,385.3 1 0
github.com/relux-works/curator/internal/swiftpmsource/git.go:386.2,386.88 1 1
github.com/relux-works/curator/internal/swiftpmsource/git.go:386.88,388.3 1 0
github.com/relux-works/curator/internal/swiftpmsource/git.go:389.2,389.21 1 1
github.com/relux-works/curator/internal/swiftpmsource/git.go:392.140,394.16 2 1
github.com/relux-works/curator/internal/swiftpmsource/git.go:394.16,396.3 1 0
github.com/relux-works/curator/internal/swiftpmsource/git.go:397.2,398.16 2 1
github.com/relux-works/curator/internal/swiftpmsource/git.go:398.16,400.3 1 0
github.com/relux-works/curator/internal/swiftpmsource/git.go:401.2,402.26 2 1
github.com/relux-works/curator/internal/swiftpmsource/git.go:402.26,404.3 1 0
github.com/relux-works/curator/internal/swiftpmsource/git.go:405.2,405.18 1 1
github.com/relux-works/curator/internal/swiftpmsource/git.go:408.157,409.115 1 1
github.com/relux-works/curator/internal/swiftpmsource/git.go:409.115,410.43 1 1
github.com/relux-works/curator/internal/swiftpmsource/git.go:410.43,412.4 1 1
github.com/relux-works/curator/internal/swiftpmsource/git.go:413.28,417.17 4 1
github.com/relux-works/curator/internal/swiftpmsource/git.go:417.17,419.4 1 0
github.com/relux-works/curator/internal/swiftpmsource/git.go:420.3,424.20 5 1
github.com/relux-works/curator/internal/swiftpmsource/git.go:424.20,426.4 1 0
github.com/relux-works/curator/internal/swiftpmsource/git.go:427.3,427.20 1 1
github.com/relux-works/curator/internal/swiftpmsource/git.go:429.2,429.22 1 1
github.com/relux-works/curator/internal/swiftpmsource/git.go:429.22,431.3 1 1
github.com/relux-works/curator/internal/swiftpmsource/git.go:432.2,432.23 1 1
github.com/relux-works/curator/internal/swiftpmsource/git.go:432.23,434.3 1 1
github.com/relux-works/curator/internal/swiftpmsource/git.go:435.2,435.20 1 1
github.com/relux-works/curator/internal/swiftpmsource/git.go:438.62,439.46 1 1
github.com/relux-works/curator/internal/swiftpmsource/git.go:439.46,441.3 1 0
github.com/relux-works/curator/internal/swiftpmsource/git.go:442.2,443.6 2 1
github.com/relux-works/curator/internal/swiftpmsource/git.go:443.6,445.20 2 1
github.com/relux-works/curator/internal/swiftpmsource/git.go:445.20,447.4 1 1
github.com/relux-works/curator/internal/swiftpmsource/git.go:448.3,448.17 1 1
github.com/relux-works/curator/internal/swiftpmsource/git.go:448.17,450.4 1 0
github.com/relux-works/curator/internal/swiftpmsource/git.go:451.3,452.120 2 1
github.com/relux-works/curator/internal/swiftpmsource/git.go:452.120,454.4 1 0
github.com/relux-works/curator/internal/swiftpmsource/git.go:455.3,457.104 3 1
github.com/relux-works/curator/internal/swiftpmsource/git.go:457.104,459.4 1 0
github.com/relux-works/curator/internal/swiftpmsource/git.go:460.3,460.26 1 1
github.com/relux-works/curator/internal/swiftpmsource/git.go:461.47,462.12 1 1
github.com/relux-works/curator/internal/swiftpmsource/git.go:463.20,464.57 1 1
github.com/relux-works/curator/internal/swiftpmsource/git.go:464.57,466.5 1 0
github.com/relux-works/curator/internal/swiftpmsource/git.go:467.20,468.71 1 1
github.com/relux-works/curator/internal/swiftpmsource/git.go:468.71,470.5 1 0
github.com/relux-works/curator/internal/swiftpmsource/git.go:471.4,472.22 2 1
github.com/relux-works/curator/internal/swiftpmsource/git.go:472.22,474.5 1 0
github.com/relux-works/curator/internal/swiftpmsource/git.go:475.4,477.22 3 1
github.com/relux-works/curator/internal/swiftpmsource/git.go:477.22,479.5 1 0
github.com/relux-works/curator/internal/swiftpmsource/git.go:480.4,480.23 1 1
github.com/relux-works/curator/internal/swiftpmsource/git.go:480.23,482.5 1 0
github.com/relux-works/curator/internal/swiftpmsource/git.go:483.11,484.97 1 0
github.com/relux-works/curator/internal/swiftpmsource/git.go:489.55,493.2 3 1
github.com/relux-works/curator/internal/swiftpmsource/git.go:495.54,497.68 2 1
github.com/relux-works/curator/internal/swiftpmsource/git.go:497.68,499.3 1 0
github.com/relux-works/curator/internal/swiftpmsource/git.go:500.2,501.79 2 1
github.com/relux-works/curator/internal/swiftpmsource/git.go:501.79,503.3 1 0
github.com/relux-works/curator/internal/swiftpmsource/git.go:504.2,504.22 1 1
github.com/relux-works/curator/internal/swiftpmsource/git.go:507.47,508.33 1 1
github.com/relux-works/curator/internal/swiftpmsource/git.go:508.33,509.50 1 1
github.com/relux-works/curator/internal/swiftpmsource/git.go:509.50,511.4 1 1
github.com/relux-works/curator/internal/swiftpmsource/git.go:513.2,513.12 1 1
github.com/relux-works/curator/internal/swiftpmsource/git.go:516.56,518.79 2 1
github.com/relux-works/curator/internal/swiftpmsource/git.go:518.79,520.51 2 1
github.com/relux-works/curator/internal/swiftpmsource/git.go:520.51,522.4 1 1
github.com/relux-works/curator/internal/swiftpmsource/git.go:524.2,524.13 1 1
github.com/relux-works/curator/internal/swiftpmsource/git.go:527.65,528.55 1 1
github.com/relux-works/curator/internal/swiftpmsource/git.go:528.55,529.59 1 1
github.com/relux-works/curator/internal/swiftpmsource/git.go:529.59,531.4 1 0
github.com/relux-works/curator/internal/swiftpmsource/git.go:532.3,532.57 1 1
github.com/relux-works/curator/internal/swiftpmsource/git.go:532.57,534.4 1 1
github.com/relux-works/curator/internal/swiftpmsource/git.go:536.2,536.11 1 0
github.com/relux-works/curator/internal/swiftpmsource/git.go:539.86,542.26 3 1
github.com/relux-works/curator/internal/swiftpmsource/git.go:542.26,544.3 1 0
github.com/relux-works/curator/internal/swiftpmsource/git.go:545.2,547.24 3 1
github.com/relux-works/curator/internal/swiftpmsource/git.go:547.24,548.77 1 1
github.com/relux-works/curator/internal/swiftpmsource/git.go:548.77,549.12 1 1
github.com/relux-works/curator/internal/swiftpmsource/git.go:551.3,554.143 4 1
github.com/relux-works/curator/internal/swiftpmsource/git.go:554.143,555.12 1 1
github.com/relux-works/curator/internal/swiftpmsource/git.go:557.3,557.98 1 1
github.com/relux-works/curator/internal/swiftpmsource/git.go:559.2,559.39 1 1
github.com/relux-works/curator/internal/swiftpmsource/graph.go:22.110,24.16 2 1
github.com/relux-works/curator/internal/swiftpmsource/graph.go:24.16,26.3 1 0
github.com/relux-works/curator/internal/swiftpmsource/graph.go:27.2,29.22 3 1
github.com/relux-works/curator/internal/swiftpmsource/graph.go:32.143,41.42 9 1
github.com/relux-works/curator/internal/swiftpmsource/graph.go:41.42,43.20 2 1
github.com/relux-works/curator/internal/swiftpmsource/graph.go:43.20,45.4 1 1
github.com/relux-works/curator/internal/swiftpmsource/graph.go:46.3,46.37 1 1
github.com/relux-works/curator/internal/swiftpmsource/graph.go:46.37,48.4 1 0
github.com/relux-works/curator/internal/swiftpmsource/graph.go:49.3,51.17 3 1
github.com/relux-works/curator/internal/swiftpmsource/graph.go:51.17,53.4 1 0
github.com/relux-works/curator/internal/swiftpmsource/graph.go:54.3,58.17 5 1
github.com/relux-works/curator/internal/swiftpmsource/graph.go:58.17,60.4 1 0
github.com/relux-works/curator/internal/swiftpmsource/graph.go:61.3,65.47 5 1
github.com/relux-works/curator/internal/swiftpmsource/graph.go:65.47,70.18 5 1
github.com/relux-works/curator/internal/swiftpmsource/graph.go:70.18,72.5 1 0
github.com/relux-works/curator/internal/swiftpmsource/graph.go:73.4,75.330 3 1
github.com/relux-works/curator/internal/swiftpmsource/graph.go:77.3,77.49 1 1
github.com/relux-works/curator/internal/swiftpmsource/graph.go:77.49,79.116 2 1
github.com/relux-works/curator/internal/swiftpmsource/graph.go:79.116,81.5 1 1
github.com/relux-works/curator/internal/swiftpmsource/graph.go:81.10,84.5 2 1
github.com/relux-works/curator/internal/swiftpmsource/graph.go:85.4,86.18 2 1
github.com/relux-works/curator/internal/swiftpmsource/graph.go:86.18,88.5 1 0
github.com/relux-works/curator/internal/swiftpmsource/graph.go:89.4,89.143 1 1
github.com/relux-works/curator/internal/swiftpmsource/graph.go:89.143,91.5 1 0
github.com/relux-works/curator/internal/swiftpmsource/graph.go:92.4,94.25 3 1
github.com/relux-works/curator/internal/swiftpmsource/graph.go:94.25,96.5 1 1
github.com/relux-works/curator/internal/swiftpmsource/graph.go:97.4,97.47 1 1
github.com/relux-works/curator/internal/swiftpmsource/graph.go:97.47,99.12 2 1
github.com/relux-works/curator/internal/swiftpmsource/graph.go:99.12,101.6 1 0
github.com/relux-works/curator/internal/swiftpmsource/graph.go:102.5,102.425 1 1
github.com/relux-works/curator/internal/swiftpmsource/graph.go:106.2,107.31 2 1
github.com/relux-works/curator/internal/swiftpmsource/graph.go:107.31,109.60 2 1
github.com/relux-works/curator/internal/swiftpmsource/graph.go:109.60,111.11 2 1
github.com/relux-works/curator/internal/swiftpmsource/graph.go:111.11,113.5 1 0
github.com/relux-works/curator/internal/swiftpmsource/graph.go:114.4,116.37 3 1
github.com/relux-works/curator/internal/swiftpmsource/graph.go:116.37,119.5 2 1
github.com/relux-works/curator/internal/swiftpmsource/graph.go:120.4,120.395 1 1
github.com/relux-works/curator/internal/swiftpmsource/graph.go:122.3,122.47 1 1
github.com/relux-works/curator/internal/swiftpmsource/graph.go:122.47,124.55 2 1
github.com/relux-works/curator/internal/swiftpmsource/graph.go:124.55,126.33 2 1
github.com/relux-works/curator/internal/swiftpmsource/graph.go:126.33,128.6 1 1
github.com/relux-works/curator/internal/swiftpmsource/graph.go:129.5,129.33 1 1
github.com/relux-works/curator/internal/swiftpmsource/graph.go:129.33,131.17 2 1
github.com/relux-works/curator/internal/swiftpmsource/graph.go:131.17,133.7 1 0
github.com/relux-works/curator/internal/swiftpmsource/graph.go:134.6,135.17 2 1
github.com/relux-works/curator/internal/swiftpmsource/graph.go:135.17,137.7 1 0
github.com/relux-works/curator/internal/swiftpmsource/graph.go:138.6,138.60 1 1
github.com/relux-works/curator/internal/swiftpmsource/graph.go:138.60,140.19 2 1
github.com/relux-works/curator/internal/swiftpmsource/graph.go:140.19,142.8 1 0
github.com/relux-works/curator/internal/swiftpmsource/graph.go:143.7,145.38 3 1
github.com/relux-works/curator/internal/swiftpmsource/graph.go:145.38,148.8 2 0
github.com/relux-works/curator/internal/swiftpmsource/graph.go:150.6,150.14 1 1
github.com/relux-works/curator/internal/swiftpmsource/graph.go:152.5,153.12 2 0
github.com/relux-works/curator/internal/swiftpmsource/graph.go:153.12,155.6 1 0
github.com/relux-works/curator/internal/swiftpmsource/graph.go:156.5,158.36 3 0
github.com/relux-works/curator/internal/swiftpmsource/graph.go:158.36,161.6 2 0
github.com/relux-works/curator/internal/swiftpmsource/graph.go:165.2,166.16 2 1
github.com/relux-works/curator/internal/swiftpmsource/graph.go:166.16,168.3 1 0
github.com/relux-works/curator/internal/swiftpmsource/graph.go:169.2,170.31 2 1
github.com/relux-works/curator/internal/swiftpmsource/graph.go:170.31,171.32 1 1
github.com/relux-works/curator/internal/swiftpmsource/graph.go:171.32,173.4 1 1
github.com/relux-works/curator/internal/swiftpmsource/graph.go:175.2,175.164 1 1
github.com/relux-works/curator/internal/swiftpmsource/graph.go:178.120,181.16 3 1
github.com/relux-works/curator/internal/swiftpmsource/graph.go:181.16,183.3 1 0
github.com/relux-works/curator/internal/swiftpmsource/graph.go:184.2,187.33 4 1
github.com/relux-works/curator/internal/swiftpmsource/graph.go:187.33,189.21 2 1
github.com/relux-works/curator/internal/swiftpmsource/graph.go:189.21,191.4 1 0
github.com/relux-works/curator/internal/swiftpmsource/graph.go:192.3,193.21 2 1
github.com/relux-works/curator/internal/swiftpmsource/graph.go:193.21,195.4 1 0
github.com/relux-works/curator/internal/swiftpmsource/graph.go:196.3,196.38 1 1
github.com/relux-works/curator/internal/swiftpmsource/graph.go:198.2,198.46 1 1
github.com/relux-works/curator/internal/swiftpmsource/graph.go:201.67,205.2 3 1
github.com/relux-works/curator/internal/swiftpmsource/graph.go:207.301,214.33 7 1
github.com/relux-works/curator/internal/swiftpmsource/graph.go:214.33,216.3 1 1
github.com/relux-works/curator/internal/swiftpmsource/graph.go:217.2,217.37 1 1
github.com/relux-works/curator/internal/swiftpmsource/graph.go:217.37,219.3 1 1
github.com/relux-works/curator/internal/swiftpmsource/graph.go:220.2,221.16 2 1
github.com/relux-works/curator/internal/swiftpmsource/graph.go:221.16,223.3 1 0
github.com/relux-works/curator/internal/swiftpmsource/graph.go:224.2,226.29 3 1
github.com/relux-works/curator/internal/swiftpmsource/graph.go:226.29,228.3 1 1
github.com/relux-works/curator/internal/swiftpmsource/graph.go:229.2,229.55 1 1
github.com/relux-works/curator/internal/swiftpmsource/graph.go:229.55,229.129 1 1
github.com/relux-works/curator/internal/swiftpmsource/graph.go:230.2,230.46 1 1
github.com/relux-works/curator/internal/swiftpmsource/graph.go:233.125,234.31 1 1
github.com/relux-works/curator/internal/swiftpmsource/graph.go:234.31,243.24 9 1
github.com/relux-works/curator/internal/swiftpmsource/graph.go:243.24,250.4 6 1
github.com/relux-works/curator/internal/swiftpmsource/graph.go:251.3,252.36 2 1
github.com/relux-works/curator/internal/swiftpmsource/graph.go:254.2,254.133 1 1
github.com/relux-works/curator/internal/swiftpmsource/graph.go:257.91,259.2 1 1
github.com/relux-works/curator/internal/swiftpmsource/graph.go:260.46,262.40 2 1
github.com/relux-works/curator/internal/swiftpmsource/graph.go:262.40,263.48 1 1
github.com/relux-works/curator/internal/swiftpmsource/graph.go:264.17,265.36 1 1
github.com/relux-works/curator/internal/swiftpmsource/graph.go:266.13,267.32 1 1
github.com/relux-works/curator/internal/swiftpmsource/graph.go:268.30,269.34 1 1
github.com/relux-works/curator/internal/swiftpmsource/graph.go:270.13,271.42 1 1
github.com/relux-works/curator/internal/swiftpmsource/graph.go:272.14,273.44 1 1
github.com/relux-works/curator/internal/swiftpmsource/graph.go:276.2,276.29 1 1
github.com/relux-works/curator/internal/swiftpmsource/graph.go:278.63,279.55 1 1
github.com/relux-works/curator/internal/swiftpmsource/graph.go:279.55,281.3 1 1
github.com/relux-works/curator/internal/swiftpmsource/graph.go:282.2,282.37 1 1
github.com/relux-works/curator/internal/swiftpmsource/graph.go:284.66,285.56 1 1
github.com/relux-works/curator/internal/swiftpmsource/graph.go:285.56,287.3 1 1
github.com/relux-works/curator/internal/swiftpmsource/graph.go:288.2,288.36 1 1
github.com/relux-works/curator/internal/swiftpmsource/graph.go:291.86,292.35 1 1
github.com/relux-works/curator/internal/swiftpmsource/graph.go:292.35,293.31 1 1
github.com/relux-works/curator/internal/swiftpmsource/graph.go:293.31,295.4 1 1
github.com/relux-works/curator/internal/swiftpmsource/graph.go:297.2,297.17 1 0
github.com/relux-works/curator/internal/swiftpmsource/lock.go:67.50,68.23 1 1
github.com/relux-works/curator/internal/swiftpmsource/lock.go:68.23,70.3 1 0
github.com/relux-works/curator/internal/swiftpmsource/lock.go:71.2,72.54 2 1
github.com/relux-works/curator/internal/swiftpmsource/lock.go:72.54,74.3 1 0
github.com/relux-works/curator/internal/swiftpmsource/lock.go:75.2,75.66 1 1
github.com/relux-works/curator/internal/swiftpmsource/lock.go:75.66,77.3 1 1
github.com/relux-works/curator/internal/swiftpmsource/lock.go:78.2,81.102 4 1
github.com/relux-works/curator/internal/swiftpmsource/lock.go:81.102,83.3 1 0
github.com/relux-works/curator/internal/swiftpmsource/lock.go:84.2,85.37 2 1
github.com/relux-works/curator/internal/swiftpmsource/lock.go:85.37,87.21 2 1
github.com/relux-works/curator/internal/swiftpmsource/lock.go:87.21,89.4 1 0
github.com/relux-works/curator/internal/swiftpmsource/lock.go:90.3,91.21 2 1
github.com/relux-works/curator/internal/swiftpmsource/lock.go:91.21,93.4 1 0
github.com/relux-works/curator/internal/swiftpmsource/lock.go:94.3,95.42 2 1
github.com/relux-works/curator/internal/swiftpmsource/lock.go:95.42,97.4 1 0
github.com/relux-works/curator/internal/swiftpmsource/lock.go:98.3,98.104 1 1
github.com/relux-works/curator/internal/swiftpmsource/lock.go:98.104,100.4 1 1
github.com/relux-works/curator/internal/swiftpmsource/lock.go:101.3,102.17 2 1
github.com/relux-works/curator/internal/swiftpmsource/lock.go:102.17,104.4 1 0
github.com/relux-works/curator/internal/swiftpmsource/lock.go:105.3,105.216 1 1
github.com/relux-works/curator/internal/swiftpmsource/lock.go:107.2,107.39 1 1
github.com/relux-works/curator/internal/swiftpmsource/lock.go:107.39,107.85 1 1
github.com/relux-works/curator/internal/swiftpmsource/lock.go:108.2,108.26 1 1
github.com/relux-works/curator/internal/swiftpmsource/lock.go:108.26,109.66 1 1
github.com/relux-works/curator/internal/swiftpmsource/lock.go:109.66,111.4 1 1
github.com/relux-works/curator/internal/swiftpmsource/lock.go:113.2,114.164 2 1
github.com/relux-works/curator/internal/swiftpmsource/lock.go:117.39,118.42 1 1
github.com/relux-works/curator/internal/swiftpmsource/lock.go:118.42,120.3 1 1
github.com/relux-works/curator/internal/swiftpmsource/lock.go:121.2,122.19 2 1
github.com/relux-works/curator/internal/swiftpmsource/lock.go:125.44,125.98 1 1
github.com/relux-works/curator/internal/swiftpmsource/lock.go:127.74,128.47 1 1
github.com/relux-works/curator/internal/swiftpmsource/lock.go:128.47,130.3 1 0
github.com/relux-works/curator/internal/swiftpmsource/lock.go:131.2,131.14 1 1
github.com/relux-works/curator/internal/swiftpmsource/lock.go:132.20,133.83 1 1
github.com/relux-works/curator/internal/swiftpmsource/lock.go:133.83,135.4 1 0
github.com/relux-works/curator/internal/swiftpmsource/lock.go:136.3,136.48 1 1
github.com/relux-works/curator/internal/swiftpmsource/lock.go:137.19,138.40 1 1
github.com/relux-works/curator/internal/swiftpmsource/lock.go:138.40,140.4 1 0
github.com/relux-works/curator/internal/swiftpmsource/lock.go:141.3,141.48 1 1
github.com/relux-works/curator/internal/swiftpmsource/lock.go:142.10,143.95 1 0
github.com/relux-works/curator/internal/swiftpmsource/lock.go:147.55,149.36 2 1
[...]
github.com/relux-works/curator/internal/swiftpmsource/manifest.go:270.45,272.6 1 1
github.com/relux-works/curator/internal/swiftpmsource/manifest.go:273.5,273.13 1 1
github.com/relux-works/curator/internal/swiftpmsource/manifest.go:275.4,275.48 1 0
github.com/relux-works/curator/internal/swiftpmsource/manifest.go:278.2,279.20 2 1
github.com/relux-works/curator/internal/swiftpmsource/manifest.go:282.100,284.41 2 1
github.com/relux-works/curator/internal/swiftpmsource/manifest.go:284.41,286.3 1 1
github.com/relux-works/curator/internal/swiftpmsource/manifest.go:287.2,289.21 3 1
github.com/relux-works/curator/internal/swiftpmsource/manifest.go:289.21,292.17 3 1
github.com/relux-works/curator/internal/swiftpmsource/manifest.go:292.17,293.12 1 0
github.com/relux-works/curator/internal/swiftpmsource/manifest.go:295.3,297.14 3 1
github.com/relux-works/curator/internal/swiftpmsource/manifest.go:297.14,299.4 1 0
github.com/relux-works/curator/internal/swiftpmsource/manifest.go:300.3,300.22 1 1
github.com/relux-works/curator/internal/swiftpmsource/manifest.go:301.17,302.114 1 1
github.com/relux-works/curator/internal/swiftpmsource/manifest.go:303.16,304.112 1 1
github.com/relux-works/curator/internal/swiftpmsource/manifest.go:306.3,306.43 1 1
github.com/relux-works/curator/internal/swiftpmsource/manifest.go:306.43,307.71 1 1
github.com/relux-works/curator/internal/swiftpmsource/manifest.go:307.71,309.5 1 1
github.com/relux-works/curator/internal/swiftpmsource/manifest.go:311.3,311.50 1 1
github.com/relux-works/curator/internal/swiftpmsource/manifest.go:311.50,312.84 1 1
github.com/relux-works/curator/internal/swiftpmsource/manifest.go:312.84,313.33 1 0
github.com/relux-works/curator/internal/swiftpmsource/manifest.go:313.33,314.81 1 0
github.com/relux-works/curator/internal/swiftpmsource/manifest.go:314.81,316.7 1 0
github.com/relux-works/curator/internal/swiftpmsource/manifest.go:317.11,319.6 1 0
github.com/relux-works/curator/internal/swiftpmsource/manifest.go:323.2,323.12 1 1
github.com/relux-works/curator/internal/swiftpmsource/manifest.go:326.51,327.119 1 1
github.com/relux-works/curator/internal/swiftpmsource/manifest.go:327.119,328.150 1 1
github.com/relux-works/curator/internal/swiftpmsource/manifest.go:328.150,330.4 1 1
github.com/relux-works/curator/internal/swiftpmsource/manifest.go:332.2,332.30 1 1
github.com/relux-works/curator/internal/swiftpmsource/manifest.go:332.30,334.3 1 0
github.com/relux-works/curator/internal/swiftpmsource/manifest.go:335.2,335.12 1 1
github.com/relux-works/curator/internal/swiftpmsource/manifest.go:337.57,338.187 1 1
github.com/relux-works/curator/internal/swiftpmsource/manifest.go:338.187,340.3 1 1
github.com/relux-works/curator/internal/swiftpmsource/manifest.go:341.2,341.12 1 1
github.com/relux-works/curator/internal/swiftpmsource/manifest.go:343.89,345.122 2 1
github.com/relux-works/curator/internal/swiftpmsource/manifest.go:345.122,347.3 1 1
github.com/relux-works/curator/internal/swiftpmsource/manifest.go:348.2,348.12 1 1
github.com/relux-works/curator/internal/swiftpmsource/manifest.go:350.66,351.42 1 1
github.com/relux-works/curator/internal/swiftpmsource/manifest.go:351.42,352.25 1 1
github.com/relux-works/curator/internal/swiftpmsource/manifest.go:352.25,354.4 1 1
github.com/relux-works/curator/internal/swiftpmsource/manifest.go:356.2,356.25 1 1
github.com/relux-works/curator/internal/swiftpmsource/manifest.go:358.64,359.41 1 1
github.com/relux-works/curator/internal/swiftpmsource/manifest.go:359.41,360.25 1 1
github.com/relux-works/curator/internal/swiftpmsource/manifest.go:360.25,362.4 1 1
github.com/relux-works/curator/internal/swiftpmsource/manifest.go:364.2,364.24 1 0
github.com/relux-works/curator/internal/swiftpmsource/manifest.go:366.91,367.22 1 1
github.com/relux-works/curator/internal/swiftpmsource/manifest.go:367.22,369.3 1 1
github.com/relux-works/curator/internal/swiftpmsource/manifest.go:370.2,371.31 2 1
github.com/relux-works/curator/internal/swiftpmsource/manifest.go:373.45,377.24 4 1
github.com/relux-works/curator/internal/swiftpmsource/manifest.go:377.24,378.66 1 1
github.com/relux-works/curator/internal/swiftpmsource/manifest.go:378.66,380.4 1 1
github.com/relux-works/curator/internal/swiftpmsource/manifest.go:382.2,382.15 1 1
github.com/relux-works/curator/internal/swiftpmsource/manifest.go:384.57,386.2 1 1
github.com/relux-works/curator/internal/swiftpmsource/manifest.go:387.57,389.28 2 1
github.com/relux-works/curator/internal/swiftpmsource/manifest.go:389.28,391.3 1 0
github.com/relux-works/curator/internal/swiftpmsource/manifest.go:392.2,392.90 1 1
github.com/relux-works/curator/internal/swiftpmsource/manifest.go:394.44,396.28 2 1
github.com/relux-works/curator/internal/swiftpmsource/manifest.go:396.28,398.3 1 0
github.com/relux-works/curator/internal/swiftpmsource/manifest.go:399.2,399.63 1 1
github.com/relux-works/curator/internal/swiftpmsource/manifest.go:401.72,403.31 2 1
github.com/relux-works/curator/internal/swiftpmsource/manifest.go:403.31,405.3 1 1
github.com/relux-works/curator/internal/swiftpmsource/manifest.go:406.2,406.26 1 1
github.com/relux-works/curator/internal/swiftpmsource/manifest.go:411.46,411.77 1 1
github.com/relux-works/curator/internal/swiftpmsource/manifest.go:412.125,413.51 1 0
github.com/relux-works/curator/internal/swiftpmsource/manifest.go:413.51,415.3 1 0
github.com/relux-works/curator/internal/swiftpmsource/manifest.go:416.2,416.59 1 0
github.com/relux-works/curator/internal/swiftpmsource/manifest.go:418.84,420.57 2 1
github.com/relux-works/curator/internal/swiftpmsource/manifest.go:420.57,422.3 1 0
github.com/relux-works/curator/internal/swiftpmsource/manifest.go:423.2,424.13 2 1
github.com/relux-works/curator/internal/swiftpmsource/manifest.go:425.51,426.53 1 1
github.com/relux-works/curator/internal/swiftpmsource/manifest.go:427.15,428.48 1 1
github.com/relux-works/curator/internal/swiftpmsource/manifest.go:429.10,430.93 1 1
github.com/relux-works/curator/internal/swiftpmsource/replay.go:15.66,16.20 1 1
github.com/relux-works/curator/internal/swiftpmsource/replay.go:16.20,18.3 1 0
github.com/relux-works/curator/internal/swiftpmsource/replay.go:19.2,20.16 2 1
github.com/relux-works/curator/internal/swiftpmsource/replay.go:20.16,22.3 1 0
github.com/relux-works/curator/internal/swiftpmsource/replay.go:23.2,23.183 1 1
github.com/relux-works/curator/internal/swiftpmsource/replay.go:23.183,24.77 1 1
github.com/relux-works/curator/internal/swiftpmsource/replay.go:24.77,26.4 1 0
github.com/relux-works/curator/internal/swiftpmsource/replay.go:28.2,29.38 2 1
github.com/relux-works/curator/internal/swiftpmsource/replay.go:29.38,31.53 2 1
github.com/relux-works/curator/internal/swiftpmsource/replay.go:31.53,33.4 1 0
github.com/relux-works/curator/internal/swiftpmsource/replay.go:34.3,35.66 2 1
github.com/relux-works/curator/internal/swiftpmsource/replay.go:35.66,37.4 1 0
github.com/relux-works/curator/internal/swiftpmsource/replay.go:38.3,39.70 2 1
github.com/relux-works/curator/internal/swiftpmsource/replay.go:39.70,41.4 1 0
github.com/relux-works/curator/internal/swiftpmsource/replay.go:42.3,43.23 2 1
github.com/relux-works/curator/internal/swiftpmsource/replay.go:43.23,45.4 1 0
github.com/relux-works/curator/internal/swiftpmsource/replay.go:46.3,46.105 1 1
github.com/relux-works/curator/internal/swiftpmsource/replay.go:46.105,48.4 1 1
github.com/relux-works/curator/internal/swiftpmsource/replay.go:49.3,52.81 4 1
github.com/relux-works/curator/internal/swiftpmsource/replay.go:54.2,55.42 2 1
github.com/relux-works/curator/internal/swiftpmsource/replay.go:55.42,55.94 1 1
github.com/relux-works/curator/internal/swiftpmsource/replay.go:56.2,56.44 1 1
github.com/relux-works/curator/internal/swiftpmsource/replay.go:56.44,58.3 1 0
github.com/relux-works/curator/internal/swiftpmsource/replay.go:59.2,59.37 1 1
github.com/relux-works/curator/internal/swiftpmsource/replay.go:59.37,61.339 2 1
github.com/relux-works/curator/internal/swiftpmsource/replay.go:61.339,63.4 1 1
github.com/relux-works/curator/internal/swiftpmsource/replay.go:64.3,64.56 1 1
github.com/relux-works/curator/internal/swiftpmsource/replay.go:64.56,66.4 1 1
github.com/relux-works/curator/internal/swiftpmsource/replay.go:67.3,70.136 4 1
github.com/relux-works/curator/internal/swiftpmsource/replay.go:70.136,72.4 1 0
github.com/relux-works/curator/internal/swiftpmsource/replay.go:73.3,74.90 2 1
github.com/relux-works/curator/internal/swiftpmsource/replay.go:74.90,76.4 1 0
github.com/relux-works/curator/internal/swiftpmsource/replay.go:77.3,79.23 3 1
github.com/relux-works/curator/internal/swiftpmsource/replay.go:79.23,81.4 1 0
github.com/relux-works/curator/internal/swiftpmsource/replay.go:82.3,82.59 1 1
github.com/relux-works/curator/internal/swiftpmsource/replay.go:82.59,84.4 1 0
github.com/relux-works/curator/internal/swiftpmsource/replay.go:85.3,85.35 1 1
github.com/relux-works/curator/internal/swiftpmsource/replay.go:87.2,88.19 2 1
github.com/relux-works/curator/internal/swiftpmsource/replay.go:88.19,90.3 1 0
github.com/relux-works/curator/internal/swiftpmsource/replay.go:91.2,92.16 2 1
github.com/relux-works/curator/internal/swiftpmsource/replay.go:92.16,94.3 1 0
github.com/relux-works/curator/internal/swiftpmsource/replay.go:95.2,96.52 2 1
github.com/relux-works/curator/internal/swiftpmsource/replay.go:96.52,98.3 1 1
github.com/relux-works/curator/internal/swiftpmsource/replay.go:99.2,100.16 2 1
github.com/relux-works/curator/internal/swiftpmsource/replay.go:100.16,102.3 1 0
github.com/relux-works/curator/internal/swiftpmsource/replay.go:103.2,104.39 2 1
github.com/relux-works/curator/internal/swiftpmsource/replay.go:104.39,106.14 2 1
github.com/relux-works/curator/internal/swiftpmsource/replay.go:106.14,108.4 1 0
github.com/relux-works/curator/internal/swiftpmsource/replay.go:109.3,109.46 1 1
github.com/relux-works/curator/internal/swiftpmsource/replay.go:111.2,111.81 1 1
github.com/relux-works/curator/internal/swiftpmsource/replay.go:111.81,113.3 1 0
github.com/relux-works/curator/internal/swiftpmsource/replay.go:114.2,115.58 2 1
github.com/relux-works/curator/internal/swiftpmsource/replay.go:115.58,117.3 1 1
github.com/relux-works/curator/internal/swiftpmsource/replay.go:118.2,118.41 1 1
github.com/relux-works/curator/internal/swiftpmsource/replay.go:118.41,120.3 1 0
github.com/relux-works/curator/internal/swiftpmsource/replay.go:121.2,122.16 2 1
github.com/relux-works/curator/internal/swiftpmsource/replay.go:122.16,124.3 1 0
github.com/relux-works/curator/internal/swiftpmsource/replay.go:125.2,125.33 1 1
github.com/relux-works/curator/internal/swiftpmsource/replay.go:125.33,127.3 1 0
github.com/relux-works/curator/internal/swiftpmsource/replay.go:128.2,129.44 2 1
github.com/relux-works/curator/internal/swiftpmsource/replay.go:129.44,131.3 1 1
github.com/relux-works/curator/internal/swiftpmsource/replay.go:132.2,133.67 2 1
github.com/relux-works/curator/internal/swiftpmsource/replay.go:133.67,135.3 1 0
github.com/relux-works/curator/internal/swiftpmsource/replay.go:136.2,136.12 1 1
github.com/relux-works/curator/internal/swiftpmsource/replay.go:139.82,140.52 1 1
github.com/relux-works/curator/internal/swiftpmsource/replay.go:140.52,142.33 2 1
github.com/relux-works/curator/internal/swiftpmsource/replay.go:142.33,144.4 1 1
github.com/relux-works/curator/internal/swiftpmsource/replay.go:146.2,146.35 1 0
github.com/relux-works/curator/internal/swiftpmsource/replay.go:149.55,150.29 1 1
github.com/relux-works/curator/internal/swiftpmsource/replay.go:150.29,152.3 1 1
github.com/relux-works/curator/internal/swiftpmsource/replay.go:153.2,153.26 1 1
github.com/relux-works/curator/internal/swiftpmsource/replay.go:153.26,154.34 1 1
github.com/relux-works/curator/internal/swiftpmsource/replay.go:154.34,156.4 1 1
github.com/relux-works/curator/internal/swiftpmsource/replay.go:158.2,158.13 1 1
github.com/relux-works/curator/internal/swiftpmsource/replay.go:161.46,162.29 1 1
github.com/relux-works/curator/internal/swiftpmsource/replay.go:162.29,164.3 1 1
github.com/relux-works/curator/internal/swiftpmsource/replay.go:165.2,165.26 1 1
github.com/relux-works/curator/internal/swiftpmsource/replay.go:165.26,166.34 1 1
github.com/relux-works/curator/internal/swiftpmsource/replay.go:166.34,168.4 1 1
github.com/relux-works/curator/internal/swiftpmsource/replay.go:170.2,170.13 1 1
github.com/relux-works/curator/internal/swiftpmsource/replay.go:173.109,174.31 1 1
github.com/relux-works/curator/internal/swiftpmsource/replay.go:174.31,175.31 1 1
github.com/relux-works/curator/internal/swiftpmsource/replay.go:175.31,177.4 1 1
github.com/relux-works/curator/internal/swiftpmsource/replay.go:179.2,179.14 1 0
github.com/relux-works/curator/internal/swiftpmsource/replay.go:183.51,184.20 1 1
github.com/relux-works/curator/internal/swiftpmsource/replay.go:184.20,186.3 1 0
github.com/relux-works/curator/internal/swiftpmsource/replay.go:187.2,187.52 1 1
github.com/relux-works/curator/internal/swiftpmsource/replay.go:187.52,189.34 2 1
github.com/relux-works/curator/internal/swiftpmsource/replay.go:189.34,190.76 1 1
github.com/relux-works/curator/internal/swiftpmsource/replay.go:190.76,192.5 1 1
github.com/relux-works/curator/internal/swiftpmsource/replay.go:195.2,195.11 1 0
github.com/relux-works/curator/internal/swiftpmsource/resolver.go:38.151,39.184 1 1
github.com/relux-works/curator/internal/swiftpmsource/resolver.go:39.184,41.3 1 0
github.com/relux-works/curator/internal/swiftpmsource/resolver.go:42.2,42.220 1 1
github.com/relux-works/curator/internal/swiftpmsource/resolver.go:42.220,44.3 1 0
github.com/relux-works/curator/internal/swiftpmsource/resolver.go:45.2,47.16 3 1
github.com/relux-works/curator/internal/swiftpmsource/resolver.go:47.16,49.3 1 0
github.com/relux-works/curator/internal/swiftpmsource/resolver.go:50.2,51.16 2 1
github.com/relux-works/curator/internal/swiftpmsource/resolver.go:51.16,53.3 1 0
github.com/relux-works/curator/internal/swiftpmsource/resolver.go:54.2,55.16 2 1
github.com/relux-works/curator/internal/swiftpmsource/resolver.go:55.16,57.3 1 0
github.com/relux-works/curator/internal/swiftpmsource/resolver.go:58.2,62.160 5 1
github.com/relux-works/curator/internal/swiftpmsource/resolver.go:62.160,64.3 1 0
github.com/relux-works/curator/internal/swiftpmsource/resolver.go:65.2,70.49 6 1
github.com/relux-works/curator/internal/swiftpmsource/resolver.go:70.49,72.3 1 0
github.com/relux-works/curator/internal/swiftpmsource/resolver.go:73.2,73.37 1 1
github.com/relux-works/curator/internal/swiftpmsource/resolver.go:73.37,76.56 3 1
github.com/relux-works/curator/internal/swiftpmsource/resolver.go:76.56,77.37 1 1
github.com/relux-works/curator/internal/swiftpmsource/resolver.go:77.37,78.13 1 0
github.com/relux-works/curator/internal/swiftpmsource/resolver.go:80.4,80.63 1 1
github.com/relux-works/curator/internal/swiftpmsource/resolver.go:80.63,81.154 1 0
github.com/relux-works/curator/internal/swiftpmsource/resolver.go:81.154,83.6 1 0
github.com/relux-works/curator/internal/swiftpmsource/resolver.go:84.5,84.13 1 0
github.com/relux-works/curator/internal/swiftpmsource/resolver.go:86.4,86.86 1 1
github.com/relux-works/curator/internal/swiftpmsource/resolver.go:86.86,88.5 1 0
github.com/relux-works/curator/internal/swiftpmsource/resolver.go:89.4,90.25 2 1
github.com/relux-works/curator/internal/swiftpmsource/resolver.go:90.25,92.5 1 0
github.com/relux-works/curator/internal/swiftpmsource/resolver.go:93.4,98.25 6 1
github.com/relux-works/curator/internal/swiftpmsource/resolver.go:98.25,100.5 1 0
github.com/relux-works/curator/internal/swiftpmsource/resolver.go:101.4,101.57 1 1
github.com/relux-works/curator/internal/swiftpmsource/resolver.go:101.57,103.5 1 0
github.com/relux-works/curator/internal/swiftpmsource/resolver.go:104.4,104.73 1 1
github.com/relux-works/curator/internal/swiftpmsource/resolver.go:104.73,105.65 1 1
github.com/relux-works/curator/internal/swiftpmsource/resolver.go:105.65,107.6 1 0
github.com/relux-works/curator/internal/swiftpmsource/resolver.go:109.4,114.23 6 1
github.com/relux-works/curator/internal/swiftpmsource/resolver.go:114.23,116.5 1 0
github.com/relux-works/curator/internal/swiftpmsource/resolver.go:117.4,118.26 2 1
github.com/relux-works/curator/internal/swiftpmsource/resolver.go:118.26,120.5 1 0
github.com/relux-works/curator/internal/swiftpmsource/resolver.go:121.4,121.70 1 1
github.com/relux-works/curator/internal/swiftpmsource/resolver.go:121.70,123.5 1 0
github.com/relux-works/curator/internal/swiftpmsource/resolver.go:124.4,132.157 9 1
github.com/relux-works/curator/internal/swiftpmsource/resolver.go:132.157,134.5 1 0
github.com/relux-works/curator/internal/swiftpmsource/resolver.go:135.4,136.62 2 1
github.com/relux-works/curator/internal/swiftpmsource/resolver.go:136.62,138.5 1 0
github.com/relux-works/curator/internal/swiftpmsource/resolver.go:141.2,142.33 2 1
github.com/relux-works/curator/internal/swiftpmsource/resolver.go:142.33,144.3 1 1
github.com/relux-works/curator/internal/swiftpmsource/resolver.go:145.2,147.16 3 1
github.com/relux-works/curator/internal/swiftpmsource/resolver.go:147.16,149.3 1 0
github.com/relux-works/curator/internal/swiftpmsource/resolver.go:150.2,151.16 2 1
github.com/relux-works/curator/internal/swiftpmsource/resolver.go:151.16,153.3 1 0
github.com/relux-works/curator/internal/swiftpmsource/resolver.go:154.2,157.16 4 1
github.com/relux-works/curator/internal/swiftpmsource/resolver.go:157.16,159.3 1 0
github.com/relux-works/curator/internal/swiftpmsource/resolver.go:160.2,161.35 2 1
github.com/relux-works/curator/internal/swiftpmsource/resolver.go:161.35,163.3 1 1
github.com/relux-works/curator/internal/swiftpmsource/resolver.go:164.2,167.28 4 1
github.com/relux-works/curator/internal/swiftpmsource/resolver.go:167.28,169.3 1 1
github.com/relux-works/curator/internal/swiftpmsource/resolver.go:170.2,172.20 3 1
github.com/relux-works/curator/internal/swiftpmsource/resolver.go:175.102,178.31 3 1
github.com/relux-works/curator/internal/swiftpmsource/resolver.go:178.31,180.3 1 1
github.com/relux-works/curator/internal/swiftpmsource/resolver.go:181.2,181.40 1 1
github.com/relux-works/curator/internal/swiftpmsource/resolver.go:181.40,181.84 1 1
github.com/relux-works/curator/internal/swiftpmsource/resolver.go:182.2,184.34 3 1
github.com/relux-works/curator/internal/swiftpmsource/resolver.go:184.34,186.3 1 1
github.com/relux-works/curator/internal/swiftpmsource/resolver.go:187.2,187.26 1 1
github.com/relux-works/curator/internal/swiftpmsource/resolver.go:192.104,193.50 1 1
github.com/relux-works/curator/internal/swiftpmsource/resolver.go:193.50,195.3 1 0
github.com/relux-works/curator/internal/swiftpmsource/resolver.go:196.2,199.47 4 1
github.com/relux-works/curator/internal/swiftpmsource/resolver.go:199.47,201.3 1 0
github.com/relux-works/curator/internal/swiftpmsource/resolver.go:202.2,203.16 2 1
github.com/relux-works/curator/internal/swiftpmsource/resolver.go:203.16,205.3 1 0
github.com/relux-works/curator/internal/swiftpmsource/resolver.go:206.2,207.44 2 1
github.com/relux-works/curator/internal/swiftpmsource/resolver.go:207.44,209.3 1 0
github.com/relux-works/curator/internal/swiftpmsource/resolver.go:210.2,210.157 1 1
github.com/relux-works/curator/internal/swiftpmsource/resolver.go:210.157,212.3 1 0
github.com/relux-works/curator/internal/swiftpmsource/resolver.go:213.2,213.12 1 1
github.com/relux-works/curator/internal/swiftpmsource/resolver.go:218.111,220.2 1 0
github.com/relux-works/curator/internal/swiftpmsource/resolver.go:240.52,242.31 2 1
github.com/relux-works/curator/internal/swiftpmsource/resolver.go:242.31,244.3 1 1
github.com/relux-works/curator/internal/swiftpmsource/resolver.go:245.2,245.67 1 1
github.com/relux-works/curator/internal/swiftpmsource/resolver.go:248.27,249.45 1 1
github.com/relux-works/curator/internal/swiftpmsource/resolver.go:249.45,250.96 1 1
github.com/relux-works/curator/internal/swiftpmsource/resolver.go:250.96,252.4 1 0
