mode: set
github.com/relux-works/curator/internal/transaction/digest.go:20.46,22.24 2 1
github.com/relux-works/curator/internal/transaction/digest.go:22.24,24.3 1 1
github.com/relux-works/curator/internal/transaction/digest.go:25.2,25.16 1 1
github.com/relux-works/curator/internal/transaction/digest.go:25.16,27.3 1 0
github.com/relux-works/curator/internal/transaction/digest.go:28.2,30.29 3 1
github.com/relux-works/curator/internal/transaction/digest.go:30.29,31.58 1 1
github.com/relux-works/curator/internal/transaction/digest.go:31.58,33.4 1 0
github.com/relux-works/curator/internal/transaction/digest.go:34.8,34.60 1 1
github.com/relux-works/curator/internal/transaction/digest.go:34.60,35.59 1 1
github.com/relux-works/curator/internal/transaction/digest.go:35.59,37.4 1 0
github.com/relux-works/curator/internal/transaction/digest.go:38.8,40.3 1 1
github.com/relux-works/curator/internal/transaction/digest.go:41.2,41.59 1 1
github.com/relux-works/curator/internal/transaction/digest.go:44.77,47.91 3 1
github.com/relux-works/curator/internal/transaction/digest.go:47.91,49.3 1 0
github.com/relux-works/curator/internal/transaction/digest.go:50.2,51.59 2 1
github.com/relux-works/curator/internal/transaction/digest.go:54.79,55.83 1 1
github.com/relux-works/curator/internal/transaction/digest.go:55.83,57.3 1 0
github.com/relux-works/curator/internal/transaction/digest.go:58.2,59.86 2 1
github.com/relux-works/curator/internal/transaction/digest.go:59.86,60.21 1 1
github.com/relux-works/curator/internal/transaction/digest.go:60.21,62.4 1 0
github.com/relux-works/curator/internal/transaction/digest.go:63.3,63.19 1 1
github.com/relux-works/curator/internal/transaction/digest.go:63.19,65.4 1 1
github.com/relux-works/curator/internal/transaction/digest.go:66.3,66.85 1 1
github.com/relux-works/curator/internal/transaction/digest.go:66.85,68.4 1 0
github.com/relux-works/curator/internal/transaction/digest.go:69.3,70.17 2 1
github.com/relux-works/curator/internal/transaction/digest.go:70.17,72.4 1 0
github.com/relux-works/curator/internal/transaction/digest.go:73.3,74.13 2 1
github.com/relux-works/curator/internal/transaction/digest.go:76.2,76.16 1 1
github.com/relux-works/curator/internal/transaction/digest.go:76.16,78.3 1 0
github.com/relux-works/curator/internal/transaction/digest.go:79.2,79.40 1 1
github.com/relux-works/curator/internal/transaction/digest.go:79.40,79.104 1 1
github.com/relux-works/curator/internal/transaction/digest.go:80.2,80.28 1 1
github.com/relux-works/curator/internal/transaction/digest.go:80.28,83.17 3 1
github.com/relux-works/curator/internal/transaction/digest.go:83.17,85.4 1 0
github.com/relux-works/curator/internal/transaction/digest.go:86.3,86.19 1 1
github.com/relux-works/curator/internal/transaction/digest.go:86.19,87.82 1 1
github.com/relux-works/curator/internal/transaction/digest.go:87.82,89.5 1 0
github.com/relux-works/curator/internal/transaction/digest.go:90.4,90.12 1 1
github.com/relux-works/curator/internal/transaction/digest.go:92.3,92.59 1 1
github.com/relux-works/curator/internal/transaction/digest.go:92.59,94.4 1 0
github.com/relux-works/curator/internal/transaction/digest.go:96.2,97.16 2 1
github.com/relux-works/curator/internal/transaction/digest.go:97.16,99.3 1 0
github.com/relux-works/curator/internal/transaction/digest.go:100.2,100.138 1 1
github.com/relux-works/curator/internal/transaction/digest.go:100.138,102.3 1 0
github.com/relux-works/curator/internal/transaction/digest.go:103.2,103.12 1 1
github.com/relux-works/curator/internal/transaction/digest.go:106.84,108.16 2 1
github.com/relux-works/curator/internal/transaction/digest.go:108.16,110.3 1 0
github.com/relux-works/curator/internal/transaction/digest.go:111.2,111.15 1 1
github.com/relux-works/curator/internal/transaction/digest.go:111.15,111.61 1 1
github.com/relux-works/curator/internal/transaction/digest.go:112.2,112.21 1 1
github.com/relux-works/curator/internal/transaction/digest.go:112.21,114.3 1 0
github.com/relux-works/curator/internal/transaction/digest.go:116.2,116.98 1 1
github.com/relux-works/curator/internal/transaction/digest.go:116.98,118.3 1 0
github.com/relux-works/curator/internal/transaction/digest.go:119.2,119.47 1 1
github.com/relux-works/curator/internal/transaction/digest.go:119.47,121.3 1 0
github.com/relux-works/curator/internal/transaction/digest.go:122.2,123.16 2 1
github.com/relux-works/curator/internal/transaction/digest.go:123.16,125.3 1 0
github.com/relux-works/curator/internal/transaction/digest.go:126.2,126.107 1 1
github.com/relux-works/curator/internal/transaction/digest.go:126.107,128.3 1 0
github.com/relux-works/curator/internal/transaction/digest.go:129.2,129.12 1 1
github.com/relux-works/curator/internal/transaction/digest.go:132.101,133.54 1 1
github.com/relux-works/curator/internal/transaction/digest.go:133.54,135.3 1 0
github.com/relux-works/curator/internal/transaction/digest.go:136.2,136.89 1 1
github.com/relux-works/curator/internal/transaction/digest.go:136.89,138.3 1 0
github.com/relux-works/curator/internal/transaction/digest.go:139.2,139.53 1 1
github.com/relux-works/curator/internal/transaction/digest.go:139.53,141.3 1 0
github.com/relux-works/curator/internal/transaction/digest.go:142.2,142.84 1 1
github.com/relux-works/curator/internal/transaction/digest.go:142.84,144.3 1 0
github.com/relux-works/curator/internal/transaction/digest.go:145.2,145.53 1 1
github.com/relux-works/curator/internal/transaction/digest.go:148.41,151.2 2 1
github.com/relux-works/curator/internal/transaction/durability_unix.go:13.39,15.16 2 1
github.com/relux-works/curator/internal/transaction/durability_unix.go:15.16,17.3 1 0
github.com/relux-works/curator/internal/transaction/durability_unix.go:18.2,18.52 1 1
github.com/relux-works/curator/internal/transaction/durability_unix.go:21.43,22.44 1 1
github.com/relux-works/curator/internal/transaction/durability_unix.go:22.44,24.3 1 0
github.com/relux-works/curator/internal/transaction/durability_unix.go:25.2,25.56 1 1
github.com/relux-works/curator/internal/transaction/durability_unix.go:25.56,27.3 1 0
github.com/relux-works/curator/internal/transaction/durability_unix.go:28.2,28.44 1 1
github.com/relux-works/curator/internal/transaction/durability_unix.go:28.44,30.3 1 0
github.com/relux-works/curator/internal/transaction/durability_unix.go:31.2,31.12 1 1
github.com/relux-works/curator/internal/transaction/engine.go:25.59,26.16 1 1
github.com/relux-works/curator/internal/transaction/engine.go:26.16,28.3 1 0
github.com/relux-works/curator/internal/transaction/engine.go:29.2,30.16 2 1
github.com/relux-works/curator/internal/transaction/engine.go:30.16,32.3 1 0
github.com/relux-works/curator/internal/transaction/engine.go:33.2,37.33 2 1
github.com/relux-works/curator/internal/transaction/engine.go:37.33,38.20 1 1
github.com/relux-works/curator/internal/transaction/engine.go:38.20,40.4 1 1
github.com/relux-works/curator/internal/transaction/engine.go:42.2,42.20 1 1
github.com/relux-works/curator/internal/transaction/engine.go:48.75,49.46 1 1
github.com/relux-works/curator/internal/transaction/engine.go:49.46,51.3 1 1
github.com/relux-works/curator/internal/transaction/engine.go:52.2,56.16 4 1
github.com/relux-works/curator/internal/transaction/engine.go:56.16,58.3 1 0
github.com/relux-works/curator/internal/transaction/engine.go:59.2,59.79 1 1
github.com/relux-works/curator/internal/transaction/engine.go:59.79,61.3 1 0
github.com/relux-works/curator/internal/transaction/engine.go:61.8,61.32 1 1
github.com/relux-works/curator/internal/transaction/engine.go:61.32,63.3 1 0
github.com/relux-works/curator/internal/transaction/engine.go:64.2,64.52 1 1
github.com/relux-works/curator/internal/transaction/engine.go:64.52,66.3 1 0
github.com/relux-works/curator/internal/transaction/engine.go:67.2,68.15 2 1
github.com/relux-works/curator/internal/transaction/engine.go:68.15,69.16 1 1
github.com/relux-works/curator/internal/transaction/engine.go:69.16,71.4 1 1
github.com/relux-works/curator/internal/transaction/engine.go:73.2,73.37 1 1
github.com/relux-works/curator/internal/transaction/engine.go:73.37,75.30 2 1
github.com/relux-works/curator/internal/transaction/engine.go:75.30,76.12 1 1
github.com/relux-works/curator/internal/transaction/engine.go:78.3,78.60 1 1
github.com/relux-works/curator/internal/transaction/engine.go:78.60,80.4 1 0
github.com/relux-works/curator/internal/transaction/engine.go:81.3,82.48 2 1
github.com/relux-works/curator/internal/transaction/engine.go:82.48,83.18 1 0
github.com/relux-works/curator/internal/transaction/engine.go:83.18,85.5 1 0
github.com/relux-works/curator/internal/transaction/engine.go:86.4,86.53 1 0
github.com/relux-works/curator/internal/transaction/engine.go:88.3,88.82 1 1
github.com/relux-works/curator/internal/transaction/engine.go:88.82,90.4 1 1
github.com/relux-works/curator/internal/transaction/engine.go:92.2,92.37 1 1
github.com/relux-works/curator/internal/transaction/engine.go:92.37,103.3 10 1
github.com/relux-works/curator/internal/transaction/engine.go:104.2,105.52 2 1
github.com/relux-works/curator/internal/transaction/engine.go:105.52,107.3 1 0
github.com/relux-works/curator/internal/transaction/engine.go:108.2,108.64 1 1
github.com/relux-works/curator/internal/transaction/engine.go:108.64,110.3 1 1
github.com/relux-works/curator/internal/transaction/engine.go:111.2,112.35 2 1
github.com/relux-works/curator/internal/transaction/engine.go:115.75,116.59 1 1
github.com/relux-works/curator/internal/transaction/engine.go:116.59,118.3 1 1
github.com/relux-works/curator/internal/transaction/engine.go:119.2,119.68 1 1
github.com/relux-works/curator/internal/transaction/engine.go:119.68,121.3 1 1
github.com/relux-works/curator/internal/transaction/engine.go:122.2,122.28 1 1
github.com/relux-works/curator/internal/transaction/engine.go:122.28,124.3 1 1
github.com/relux-works/curator/internal/transaction/engine.go:125.2,126.39 2 1
github.com/relux-works/curator/internal/transaction/engine.go:126.39,126.101 1 1
github.com/relux-works/curator/internal/transaction/engine.go:127.2,127.49 1 1
github.com/relux-works/curator/internal/transaction/engine.go:127.49,129.3 1 1
github.com/relux-works/curator/internal/transaction/engine.go:130.2,131.42 2 1
github.com/relux-works/curator/internal/transaction/engine.go:131.42,132.99 1 1
github.com/relux-works/curator/internal/transaction/engine.go:132.99,134.4 1 1
github.com/relux-works/curator/internal/transaction/engine.go:135.3,135.89 1 1
github.com/relux-works/curator/internal/transaction/engine.go:137.2,147.37 4 1
github.com/relux-works/curator/internal/transaction/engine.go:147.37,148.113 1 1
github.com/relux-works/curator/internal/transaction/engine.go:148.113,150.4 1 1
github.com/relux-works/curator/internal/transaction/engine.go:151.3,151.110 1 1
github.com/relux-works/curator/internal/transaction/engine.go:151.110,153.4 1 1
github.com/relux-works/curator/internal/transaction/engine.go:154.3,154.73 1 1
github.com/relux-works/curator/internal/transaction/engine.go:154.73,156.4 1 1
github.com/relux-works/curator/internal/transaction/engine.go:157.3,157.73 1 1
github.com/relux-works/curator/internal/transaction/engine.go:157.73,159.4 1 1
github.com/relux-works/curator/internal/transaction/engine.go:160.3,161.42 2 1
github.com/relux-works/curator/internal/transaction/engine.go:161.42,163.4 1 1
github.com/relux-works/curator/internal/transaction/engine.go:164.3,165.49 2 1
github.com/relux-works/curator/internal/transaction/engine.go:165.49,167.4 1 1
github.com/relux-works/curator/internal/transaction/engine.go:168.3,169.71 2 1
github.com/relux-works/curator/internal/transaction/engine.go:169.71,171.4 1 1
github.com/relux-works/curator/internal/transaction/engine.go:172.3,176.32 5 1
github.com/relux-works/curator/internal/transaction/engine.go:176.32,178.18 2 1
github.com/relux-works/curator/internal/transaction/engine.go:178.18,180.5 1 0
github.com/relux-works/curator/internal/transaction/engine.go:181.4,182.22 2 1
github.com/relux-works/curator/internal/transaction/engine.go:182.22,184.5 1 1
github.com/relux-works/curator/internal/transaction/engine.go:185.4,186.51 2 1
github.com/relux-works/curator/internal/transaction/engine.go:186.51,187.19 1 1
github.com/relux-works/curator/internal/transaction/engine.go:187.19,189.6 1 1
github.com/relux-works/curator/internal/transaction/engine.go:190.5,190.90 1 1
github.com/relux-works/curator/internal/transaction/engine.go:192.4,196.18 5 1
github.com/relux-works/curator/internal/transaction/engine.go:196.18,198.5 1 0
github.com/relux-works/curator/internal/transaction/engine.go:200.3,215.95 2 1
github.com/relux-works/curator/internal/transaction/engine.go:215.95,216.21 1 1
github.com/relux-works/curator/internal/transaction/engine.go:216.21,217.13 1 1
github.com/relux-works/curator/internal/transaction/engine.go:219.4,219.47 1 1
github.com/relux-works/curator/internal/transaction/engine.go:219.47,221.5 1 1
github.com/relux-works/curator/internal/transaction/engine.go:221.10,221.34 1 1
github.com/relux-works/curator/internal/transaction/engine.go:221.34,223.5 1 0
github.com/relux-works/curator/internal/transaction/engine.go:225.3,225.34 1 1
github.com/relux-works/curator/internal/transaction/engine.go:227.2,227.56 1 1
github.com/relux-works/curator/internal/transaction/engine.go:227.56,229.3 1 1
github.com/relux-works/curator/internal/transaction/engine.go:230.2,230.30 1 1
github.com/relux-works/curator/internal/transaction/engine.go:233.48,234.16 1 1
github.com/relux-works/curator/internal/transaction/engine.go:234.16,236.3 1 1
github.com/relux-works/curator/internal/transaction/engine.go:237.2,238.105 2 1
github.com/relux-works/curator/internal/transaction/engine.go:238.105,240.3 1 1
github.com/relux-works/curator/internal/transaction/engine.go:241.2,241.12 1 1
github.com/relux-works/curator/internal/transaction/engine.go:244.77,245.37 1 1
github.com/relux-works/curator/internal/transaction/engine.go:245.37,246.58 1 1
github.com/relux-works/curator/internal/transaction/engine.go:246.58,248.4 1 0
github.com/relux-works/curator/internal/transaction/engine.go:249.3,249.15 1 1
github.com/relux-works/curator/internal/transaction/engine.go:251.2,252.52 2 1
github.com/relux-works/curator/internal/transaction/engine.go:252.52,254.3 1 0
github.com/relux-works/curator/internal/transaction/engine.go:255.2,255.49 1 1
github.com/relux-works/curator/internal/transaction/engine.go:255.49,257.3 1 0
github.com/relux-works/curator/internal/transaction/engine.go:258.2,258.14 1 1
github.com/relux-works/curator/internal/transaction/engine.go:263.73,264.46 1 1
github.com/relux-works/curator/internal/transaction/engine.go:264.46,266.3 1 1
github.com/relux-works/curator/internal/transaction/engine.go:267.2,270.16 4 1
github.com/relux-works/curator/internal/transaction/engine.go:270.16,272.3 1 0
github.com/relux-works/curator/internal/transaction/engine.go:273.2,273.31 1 1
github.com/relux-works/curator/internal/transaction/engine.go:278.52,279.46 1 1
github.com/relux-works/curator/internal/transaction/engine.go:279.46,281.3 1 1
github.com/relux-works/curator/internal/transaction/engine.go:282.2,285.16 4 1
github.com/relux-works/curator/internal/transaction/engine.go:285.16,287.3 1 0
github.com/relux-works/curator/internal/transaction/engine.go:288.2,288.25 1 1
github.com/relux-works/curator/internal/transaction/engine.go:288.25,290.17 2 1
github.com/relux-works/curator/internal/transaction/engine.go:290.17,292.4 1 0
github.com/relux-works/curator/internal/transaction/engine.go:293.3,293.48 1 1
github.com/relux-works/curator/internal/transaction/engine.go:293.48,295.4 1 1
github.com/relux-works/curator/internal/transaction/engine.go:297.2,297.12 1 1
github.com/relux-works/curator/internal/transaction/engine.go:300.54,301.23 1 1
github.com/relux-works/curator/internal/transaction/engine.go:302.22,303.42 1 1
github.com/relux-works/curator/internal/transaction/engine.go:304.38,305.32 1 1
github.com/relux-works/curator/internal/transaction/engine.go:306.20,307.42 1 1
github.com/relux-works/curator/internal/transaction/engine.go:308.46,309.34 1 1
github.com/relux-works/curator/internal/transaction/engine.go:310.10,311.66 1 0
github.com/relux-works/curator/internal/transaction/engine.go:315.54,316.36 1 1
github.com/relux-works/curator/internal/transaction/engine.go:316.36,318.53 2 1
github.com/relux-works/curator/internal/transaction/engine.go:318.53,320.4 1 0
github.com/relux-works/curator/internal/transaction/engine.go:322.2,322.37 1 1
github.com/relux-works/curator/internal/transaction/engine.go:322.37,323.61 1 1
github.com/relux-works/curator/internal/transaction/engine.go:323.61,325.62 2 1
github.com/relux-works/curator/internal/transaction/engine.go:325.62,327.5 1 0
github.com/relux-works/curator/internal/transaction/engine.go:328.4,328.53 1 1
github.com/relux-works/curator/internal/transaction/engine.go:331.2,332.52 2 1
github.com/relux-works/curator/internal/transaction/engine.go:332.52,334.3 1 0
github.com/relux-works/curator/internal/transaction/engine.go:335.2,335.69 1 1
github.com/relux-works/curator/internal/transaction/engine.go:335.69,337.3 1 1
github.com/relux-works/curator/internal/transaction/engine.go:338.2,338.41 1 1
github.com/relux-works/curator/internal/transaction/engine.go:341.71,343.22 2 1
github.com/relux-works/curator/internal/transaction/engine.go:344.20,345.61 1 1
github.com/relux-works/curator/internal/transaction/engine.go:345.61,347.4 1 1
github.com/relux-works/curator/internal/transaction/engine.go:348.3,348.36 1 1
github.com/relux-works/curator/internal/transaction/engine.go:348.36,352.54 1 1
github.com/relux-works/curator/internal/transaction/engine.go:352.54,354.5 1 0
github.com/relux-works/curator/internal/transaction/engine.go:356.3,356.35 1 1
github.com/relux-works/curator/internal/transaction/engine.go:356.35,357.73 1 1
github.com/relux-works/curator/internal/transaction/engine.go:357.73,359.5 1 1
github.com/relux-works/curator/internal/transaction/engine.go:360.4,360.49 1 1
github.com/relux-works/curator/internal/transaction/engine.go:360.49,362.5 1 0
github.com/relux-works/curator/internal/transaction/engine.go:363.4,364.18 2 1
github.com/relux-works/curator/internal/transaction/engine.go:364.18,366.5 1 0
github.com/relux-works/curator/internal/transaction/engine.go:367.4,367.70 1 1
github.com/relux-works/curator/internal/transaction/engine.go:367.70,369.5 1 0
github.com/relux-works/curator/internal/transaction/engine.go:370.4,370.30 1 1
github.com/relux-works/curator/internal/transaction/engine.go:370.30,371.86 1 1
github.com/relux-works/curator/internal/transaction/engine.go:371.86,373.6 1 0
github.com/relux-works/curator/internal/transaction/engine.go:374.5,374.55 1 1
github.com/relux-works/curator/internal/transaction/engine.go:374.55,376.6 1 0
github.com/relux-works/curator/internal/transaction/engine.go:377.5,378.19 2 1
github.com/relux-works/curator/internal/transaction/engine.go:378.19,380.6 1 0
github.com/relux-works/curator/internal/transaction/engine.go:381.5,381.27 1 1
github.com/relux-works/curator/internal/transaction/engine.go:381.27,382.101 1 0
github.com/relux-works/curator/internal/transaction/engine.go:382.101,384.7 1 0
github.com/relux-works/curator/internal/transaction/engine.go:385.6,385.98 1 0
github.com/relux-works/curator/internal/transaction/engine.go:387.5,387.22 1 1
github.com/relux-works/curator/internal/transaction/engine.go:389.4,390.72 2 1
github.com/relux-works/curator/internal/transaction/engine.go:390.72,392.5 1 1
github.com/relux-works/curator/internal/transaction/engine.go:393.4,394.54 2 1
github.com/relux-works/curator/internal/transaction/engine.go:394.54,396.5 1 0
github.com/relux-works/curator/internal/transaction/engine.go:398.3,398.14 1 1
github.com/relux-works/curator/internal/transaction/engine.go:399.21,401.17 2 1
github.com/relux-works/curator/internal/transaction/engine.go:401.17,403.4 1 0
github.com/relux-works/curator/internal/transaction/engine.go:404.3,404.38 1 1
github.com/relux-works/curator/internal/transaction/engine.go:404.38,406.54 2 1
github.com/relux-works/curator/internal/transaction/engine.go:406.54,408.5 1 0
github.com/relux-works/curator/internal/transaction/engine.go:409.4,409.60 1 1
github.com/relux-works/curator/internal/transaction/engine.go:411.3,411.30 1 1
github.com/relux-works/curator/internal/transaction/engine.go:411.30,413.4 1 0
github.com/relux-works/curator/internal/transaction/engine.go:414.3,414.73 1 1
github.com/relux-works/curator/internal/transaction/engine.go:414.73,416.4 1 1
github.com/relux-works/curator/internal/transaction/engine.go:417.3,417.43 1 1
github.com/relux-works/curator/internal/transaction/engine.go:417.43,419.58 2 1
github.com/relux-works/curator/internal/transaction/engine.go:419.58,420.19 1 0
github.com/relux-works/curator/internal/transaction/engine.go:420.19,422.6 1 0
github.com/relux-works/curator/internal/transaction/engine.go:423.5,423.15 1 0
github.com/relux-works/curator/internal/transaction/engine.go:425.4,425.85 1 1
github.com/relux-works/curator/internal/transaction/engine.go:425.85,427.5 1 0
github.com/relux-works/curator/internal/transaction/engine.go:428.4,428.52 1 1
github.com/relux-works/curator/internal/transaction/engine.go:428.52,430.5 1 0
github.com/relux-works/curator/internal/transaction/engine.go:432.3,432.72 1 1
github.com/relux-works/curator/internal/transaction/engine.go:432.72,434.4 1 1
github.com/relux-works/curator/internal/transaction/engine.go:435.3,436.53 2 1
github.com/relux-works/curator/internal/transaction/engine.go:436.53,438.4 1 0
github.com/relux-works/curator/internal/transaction/engine.go:439.3,439.59 1 1
github.com/relux-works/curator/internal/transaction/engine.go:440.22,442.17 2 0
github.com/relux-works/curator/internal/transaction/engine.go:442.17,444.4 1 0
github.com/relux-works/curator/internal/transaction/engine.go:445.3,445.38 1 0
github.com/relux-works/curator/internal/transaction/engine.go:445.38,447.4 1 0
github.com/relux-works/curator/internal/transaction/engine.go:448.3,448.13 1 0
github.com/relux-works/curator/internal/transaction/engine.go:449.10,450.108 1 0
github.com/relux-works/curator/internal/transaction/engine.go:454.72,456.16 2 1
github.com/relux-works/curator/internal/transaction/engine.go:456.16,458.3 1 0
github.com/relux-works/curator/internal/transaction/engine.go:459.2,459.34 1 1
github.com/relux-works/curator/internal/transaction/engine.go:459.34,461.3 1 1
github.com/relux-works/curator/internal/transaction/engine.go:462.2,463.16 2 1
github.com/relux-works/curator/internal/transaction/engine.go:463.16,465.3 1 0
github.com/relux-works/curator/internal/transaction/engine.go:466.2,466.32 1 1
github.com/relux-works/curator/internal/transaction/engine.go:466.32,468.3 1 1
github.com/relux-works/curator/internal/transaction/engine.go:469.2,469.74 1 1
github.com/relux-works/curator/internal/transaction/engine.go:469.74,471.3 1 1
github.com/relux-works/curator/internal/transaction/engine.go:472.2,472.37 1 1
github.com/relux-works/curator/internal/transaction/engine.go:472.37,473.71 1 0
github.com/relux-works/curator/internal/transaction/engine.go:473.71,475.4 1 0
github.com/relux-works/curator/internal/transaction/engine.go:477.2,479.12 3 1
github.com/relux-works/curator/internal/transaction/engine.go:482.49,483.33 1 1
github.com/relux-works/curator/internal/transaction/engine.go:483.33,485.17 2 1
github.com/relux-works/curator/internal/transaction/engine.go:485.17,487.4 1 0
github.com/relux-works/curator/internal/transaction/engine.go:488.3,488.39 1 1
github.com/relux-works/curator/internal/transaction/engine.go:488.39,490.4 1 0
github.com/relux-works/curator/internal/transaction/engine.go:491.3,491.13 1 1
github.com/relux-works/curator/internal/transaction/engine.go:493.2,493.52 1 1
github.com/relux-works/curator/internal/transaction/engine.go:496.66,498.33 2 1
github.com/relux-works/curator/internal/transaction/engine.go:498.33,500.3 1 1
github.com/relux-works/curator/internal/transaction/engine.go:501.2,502.106 2 1
github.com/relux-works/curator/internal/transaction/engine.go:502.106,504.3 1 0
github.com/relux-works/curator/internal/transaction/engine.go:505.2,506.16 2 1
github.com/relux-works/curator/internal/transaction/engine.go:506.16,508.3 1 0
github.com/relux-works/curator/internal/transaction/engine.go:509.2,510.74 2 1
github.com/relux-works/curator/internal/transaction/engine.go:510.74,513.3 2 0
github.com/relux-works/curator/internal/transaction/engine.go:514.2,516.39 3 1
github.com/relux-works/curator/internal/transaction/engine.go:516.39,518.3 1 0
github.com/relux-works/curator/internal/transaction/engine.go:519.2,519.30 1 1
github.com/relux-works/curator/internal/transaction/engine.go:519.30,521.3 1 0
github.com/relux-works/curator/internal/transaction/engine.go:522.2,522.50 1 1
github.com/relux-works/curator/internal/transaction/engine.go:522.50,524.3 1 0
github.com/relux-works/curator/internal/transaction/engine.go:525.2,525.12 1 1
github.com/relux-works/curator/internal/transaction/engine.go:528.56,529.43 1 1
github.com/relux-works/curator/internal/transaction/engine.go:529.43,531.53 2 1
github.com/relux-works/curator/internal/transaction/engine.go:531.53,533.4 1 0
github.com/relux-works/curator/internal/transaction/engine.go:534.3,534.62 1 1
github.com/relux-works/curator/internal/transaction/engine.go:534.62,535.64 1 1
github.com/relux-works/curator/internal/transaction/engine.go:535.64,537.5 1 1
github.com/relux-works/curator/internal/transaction/engine.go:539.3,540.53 2 1
github.com/relux-works/curator/internal/transaction/engine.go:540.53,542.4 1 0
github.com/relux-works/curator/internal/transaction/engine.go:544.2,544.63 1 1
github.com/relux-works/curator/internal/transaction/engine.go:544.63,546.3 1 1
github.com/relux-works/curator/internal/transaction/engine.go:547.2,547.45 1 1
github.com/relux-works/curator/internal/transaction/engine.go:550.73,552.34 2 1
github.com/relux-works/curator/internal/transaction/engine.go:552.34,553.63 1 1
github.com/relux-works/curator/internal/transaction/engine.go:553.63,555.4 1 0
github.com/relux-works/curator/internal/transaction/engine.go:555.9,555.36 1 1
github.com/relux-works/curator/internal/transaction/engine.go:555.36,557.4 1 1
github.com/relux-works/curator/internal/transaction/engine.go:558.3,558.31 1 1
github.com/relux-works/curator/internal/transaction/engine.go:560.2,560.37 1 1
github.com/relux-works/curator/internal/transaction/engine.go:560.37,562.3 1 0
github.com/relux-works/curator/internal/transaction/engine.go:563.2,564.16 2 1
github.com/relux-works/curator/internal/transaction/engine.go:564.16,566.3 1 0
github.com/relux-works/curator/internal/transaction/engine.go:567.2,568.16 2 1
github.com/relux-works/curator/internal/transaction/engine.go:568.16,570.3 1 0
github.com/relux-works/curator/internal/transaction/engine.go:571.2,572.16 2 1
github.com/relux-works/curator/internal/transaction/engine.go:572.16,574.3 1 0
github.com/relux-works/curator/internal/transaction/engine.go:578.2,578.124 1 1
github.com/relux-works/curator/internal/transaction/engine.go:578.124,579.121 1 1
github.com/relux-works/curator/internal/transaction/engine.go:579.121,581.54 2 1
github.com/relux-works/curator/internal/transaction/engine.go:581.54,583.5 1 0
github.com/relux-works/curator/internal/transaction/engine.go:584.4,584.61 1 1
github.com/relux-works/curator/internal/transaction/engine.go:587.2,587.36 1 1
github.com/relux-works/curator/internal/transaction/engine.go:587.36,588.30 1 1
github.com/relux-works/curator/internal/transaction/engine.go:588.30,590.4 1 1
github.com/relux-works/curator/internal/transaction/engine.go:591.3,591.45 1 1
github.com/relux-works/curator/internal/transaction/engine.go:591.45,592.64 1 1
github.com/relux-works/curator/internal/transaction/engine.go:592.64,594.5 1 0
github.com/relux-works/curator/internal/transaction/engine.go:594.10,594.39 1 1
github.com/relux-works/curator/internal/transaction/engine.go:594.39,596.5 1 0
github.com/relux-works/curator/internal/transaction/engine.go:597.4,597.87 1 1
github.com/relux-works/curator/internal/transaction/engine.go:597.87,599.5 1 0
github.com/relux-works/curator/internal/transaction/engine.go:600.4,600.104 1 1
github.com/relux-works/curator/internal/transaction/engine.go:602.8,602.36 1 1
github.com/relux-works/curator/internal/transaction/engine.go:602.36,603.38 1 1
github.com/relux-works/curator/internal/transaction/engine.go:603.38,605.4 1 1
github.com/relux-works/curator/internal/transaction/engine.go:606.3,606.86 1 1
github.com/relux-works/curator/internal/transaction/engine.go:606.86,608.4 1 0
github.com/relux-works/curator/internal/transaction/engine.go:609.3,610.17 2 1
github.com/relux-works/curator/internal/transaction/engine.go:610.17,612.4 1 0
github.com/relux-works/curator/internal/transaction/engine.go:613.3,613.45 1 1
github.com/relux-works/curator/internal/transaction/engine.go:613.45,614.80 1 0
github.com/relux-works/curator/internal/transaction/engine.go:614.80,616.5 1 0
github.com/relux-works/curator/internal/transaction/engine.go:616.10,616.39 1 0
github.com/relux-works/curator/internal/transaction/engine.go:616.39,618.5 1 0
github.com/relux-works/curator/internal/transaction/engine.go:619.4,619.101 1 0
github.com/relux-works/curator/internal/transaction/engine.go:619.101,621.5 1 0
github.com/relux-works/curator/internal/transaction/engine.go:622.4,622.100 1 0
github.com/relux-works/curator/internal/transaction/engine.go:624.8,624.83 1 1
github.com/relux-works/curator/internal/transaction/engine.go:624.83,626.3 1 1
github.com/relux-works/curator/internal/transaction/engine.go:628.2,628.31 1 1
github.com/relux-works/curator/internal/transaction/engine.go:628.31,630.3 1 1
github.com/relux-works/curator/internal/transaction/engine.go:631.2,631.41 1 1
github.com/relux-works/curator/internal/transaction/engine.go:631.41,633.3 1 1
github.com/relux-works/curator/internal/transaction/engine.go:634.2,634.34 1 1
github.com/relux-works/curator/internal/transaction/engine.go:634.34,635.63 1 1
github.com/relux-works/curator/internal/transaction/engine.go:635.63,637.4 1 0
github.com/relux-works/curator/internal/transaction/engine.go:637.9,637.38 1 1
github.com/relux-works/curator/internal/transaction/engine.go:637.38,639.4 1 0
github.com/relux-works/curator/internal/transaction/engine.go:640.3,640.84 1 1
github.com/relux-works/curator/internal/transaction/engine.go:640.84,642.4 1 0
github.com/relux-works/curator/internal/transaction/engine.go:643.3,643.51 1 1
github.com/relux-works/curator/internal/transaction/engine.go:643.51,645.4 1 0
github.com/relux-works/curator/internal/transaction/engine.go:647.2,647.71 1 1
github.com/relux-works/curator/internal/transaction/engine.go:647.71,649.3 1 1
github.com/relux-works/curator/internal/transaction/engine.go:650.2,651.52 2 1
github.com/relux-works/curator/internal/transaction/engine.go:651.52,653.3 1 0
github.com/relux-works/curator/internal/transaction/engine.go:654.2,654.59 1 1
github.com/relux-works/curator/internal/transaction/engine.go:657.64,658.37 1 1
github.com/relux-works/curator/internal/transaction/engine.go:658.37,661.17 3 1
github.com/relux-works/curator/internal/transaction/engine.go:661.17,663.4 1 0
github.com/relux-works/curator/internal/transaction/engine.go:664.3,664.38 1 1
github.com/relux-works/curator/internal/transaction/engine.go:664.38,666.4 1 1
github.com/relux-works/curator/internal/transaction/engine.go:668.2,668.62 1 1
github.com/relux-works/curator/internal/transaction/engine.go:668.62,670.3 1 1
github.com/relux-works/curator/internal/transaction/engine.go:671.2,671.62 1 1
github.com/relux-works/curator/internal/transaction/engine.go:671.62,672.72 1 1
github.com/relux-works/curator/internal/transaction/engine.go:672.72,674.4 1 1
github.com/relux-works/curator/internal/transaction/engine.go:676.2,676.45 1 1
github.com/relux-works/curator/internal/transaction/engine.go:679.70,680.62 1 1
github.com/relux-works/curator/internal/transaction/engine.go:680.62,682.3 1 1
github.com/relux-works/curator/internal/transaction/engine.go:683.2,683.61 1 1
github.com/relux-works/curator/internal/transaction/engine.go:683.61,684.72 1 1
github.com/relux-works/curator/internal/transaction/engine.go:684.72,686.4 1 1
github.com/relux-works/curator/internal/transaction/engine.go:688.2,688.12 1 1
github.com/relux-works/curator/internal/transaction/engine.go:697.70,699.61 2 1
github.com/relux-works/curator/internal/transaction/engine.go:699.61,704.3 4 1
github.com/relux-works/curator/internal/transaction/engine.go:705.2,705.17 1 1
github.com/relux-works/curator/internal/transaction/engine.go:708.69,710.61 2 1
github.com/relux-works/curator/internal/transaction/engine.go:710.61,715.3 4 1
github.com/relux-works/curator/internal/transaction/engine.go:716.2,716.17 1 1
github.com/relux-works/curator/internal/transaction/engine.go:719.115,720.16 1 1
github.com/relux-works/curator/internal/transaction/engine.go:720.16,722.3 1 1
github.com/relux-works/curator/internal/transaction/engine.go:723.2,723.97 1 1
github.com/relux-works/curator/internal/transaction/engine.go:726.83,727.62 1 1
github.com/relux-works/curator/internal/transaction/engine.go:727.62,728.27 1 1
github.com/relux-works/curator/internal/transaction/engine.go:728.27,730.4 1 1
github.com/relux-works/curator/internal/transaction/engine.go:732.2,732.34 1 1
github.com/relux-works/curator/internal/transaction/engine.go:735.69,736.31 1 1
github.com/relux-works/curator/internal/transaction/engine.go:736.31,738.3 1 1
github.com/relux-works/curator/internal/transaction/engine.go:739.2,740.12 2 1
github.com/relux-works/curator/internal/transaction/engine.go:740.12,742.3 1 0
github.com/relux-works/curator/internal/transaction/engine.go:743.2,743.55 1 1
github.com/relux-works/curator/internal/transaction/engine.go:746.95,747.31 1 1
github.com/relux-works/curator/internal/transaction/engine.go:747.31,749.3 1 0
github.com/relux-works/curator/internal/transaction/engine.go:750.2,751.16 2 1
github.com/relux-works/curator/internal/transaction/engine.go:751.16,753.3 1 1
github.com/relux-works/curator/internal/transaction/engine.go:754.2,754.14 1 1
github.com/relux-works/curator/internal/transaction/engine.go:754.14,756.3 1 1
github.com/relux-works/curator/internal/transaction/engine.go:757.2,758.16 2 1
github.com/relux-works/curator/internal/transaction/engine.go:758.16,760.3 1 0
github.com/relux-works/curator/internal/transaction/engine.go:761.2,764.52 4 1
github.com/relux-works/curator/internal/transaction/engine.go:764.52,769.3 4 0
github.com/relux-works/curator/internal/transaction/engine.go:770.2,770.55 1 1
github.com/relux-works/curator/internal/transaction/engine.go:773.95,774.41 1 1
github.com/relux-works/curator/internal/transaction/engine.go:774.41,776.3 1 0
github.com/relux-works/curator/internal/transaction/engine.go:777.2,781.16 1 1
github.com/relux-works/curator/internal/transaction/engine.go:781.16,781.93 1 1
github.com/relux-works/curator/internal/transaction/engine.go:782.16,782.95 1 1
github.com/relux-works/curator/internal/transaction/engine.go:783.16,785.3 1 1
github.com/relux-works/curator/internal/transaction/engine.go:786.2,795.37 10 1
github.com/relux-works/curator/internal/transaction/engine.go:795.37,810.3 14 1
github.com/relux-works/curator/internal/transaction/engine.go:811.2,814.52 4 1
github.com/relux-works/curator/internal/transaction/engine.go:814.52,815.38 1 0
github.com/relux-works/curator/internal/transaction/engine.go:815.38,823.4 7 0
github.com/relux-works/curator/internal/transaction/engine.go:824.3,827.13 4 0
github.com/relux-works/curator/internal/transaction/engine.go:829.2,829.12 1 1
github.com/relux-works/curator/internal/transaction/engine.go:832.82,834.22 2 1
github.com/relux-works/curator/internal/transaction/engine.go:834.22,837.3 2 1
github.com/relux-works/curator/internal/transaction/engine.go:838.2,838.33 1 1
github.com/relux-works/curator/internal/transaction/engine.go:838.33,840.3 1 1
github.com/relux-works/curator/internal/transaction/engine.go:841.2,841.31 1 1
github.com/relux-works/curator/internal/transaction/engine.go:841.31,843.3 1 1
github.com/relux-works/curator/internal/transaction/engine.go:844.2,844.12 1 1
github.com/relux-works/curator/internal/transaction/engine.go:849.76,850.46 1 1
github.com/relux-works/curator/internal/transaction/engine.go:850.46,852.3 1 1
github.com/relux-works/curator/internal/transaction/engine.go:853.2,856.16 4 1
github.com/relux-works/curator/internal/transaction/engine.go:856.16,858.3 1 0
github.com/relux-works/curator/internal/transaction/engine.go:859.2,860.25 2 1
github.com/relux-works/curator/internal/transaction/engine.go:860.25,862.17 2 1
github.com/relux-works/curator/internal/transaction/engine.go:862.17,864.4 1 0
github.com/relux-works/curator/internal/transaction/engine.go:865.3,865.51 1 1
github.com/relux-works/curator/internal/transaction/engine.go:865.51,867.4 1 1
github.com/relux-works/curator/internal/transaction/engine.go:869.2,870.23 2 1
github.com/relux-works/curator/internal/transaction/engine.go:870.23,872.3 1 1
github.com/relux-works/curator/internal/transaction/engine.go:873.2,873.39 1 1
github.com/relux-works/curator/internal/transaction/engine.go:873.39,873.101 1 1
github.com/relux-works/curator/internal/transaction/engine.go:874.2,874.18 1 1
github.com/relux-works/curator/internal/transaction/engine.go:877.46,882.35 5 1
github.com/relux-works/curator/internal/transaction/engine.go:882.35,884.3 1 1
github.com/relux-works/curator/internal/transaction/engine.go:885.2,885.15 1 1
github.com/relux-works/curator/internal/transaction/files.go:11.51,13.16 2 1
github.com/relux-works/curator/internal/transaction/files.go:13.16,15.3 1 0
github.com/relux-works/curator/internal/transaction/files.go:16.2,16.49 1 1
github.com/relux-works/curator/internal/transaction/files.go:16.49,18.3 1 1
github.com/relux-works/curator/internal/transaction/files.go:18.8,18.32 1 1
github.com/relux-works/curator/internal/transaction/files.go:18.32,20.3 1 0
github.com/relux-works/curator/internal/transaction/files.go:21.2,21.29 1 1
github.com/relux-works/curator/internal/transaction/files.go:21.29,23.3 1 1
github.com/relux-works/curator/internal/transaction/files.go:24.2,24.54 1 1
github.com/relux-works/curator/internal/transaction/files.go:24.54,26.3 1 1
github.com/relux-works/curator/internal/transaction/files.go:27.2,27.66 1 0
github.com/relux-works/curator/internal/transaction/files.go:27.66,29.3 1 0
github.com/relux-works/curator/internal/transaction/files.go:30.2,30.59 1 0
github.com/relux-works/curator/internal/transaction/files.go:30.59,33.3 2 0
github.com/relux-works/curator/internal/transaction/files.go:34.2,34.66 1 0
github.com/relux-works/curator/internal/transaction/files.go:34.66,37.3 2 0
github.com/relux-works/curator/internal/transaction/files.go:38.2,38.30 1 0
github.com/relux-works/curator/internal/transaction/files.go:41.54,43.16 2 0
github.com/relux-works/curator/internal/transaction/files.go:43.16,45.3 1 0
github.com/relux-works/curator/internal/transaction/files.go:46.2,46.32 1 0
github.com/relux-works/curator/internal/transaction/files.go:46.32,50.17 4 0
github.com/relux-works/curator/internal/transaction/files.go:50.17,52.4 1 0
github.com/relux-works/curator/internal/transaction/files.go:53.3,53.10 1 0
github.com/relux-works/curator/internal/transaction/files.go:54.32,55.87 1 0
github.com/relux-works/curator/internal/transaction/files.go:55.87,57.5 1 0
github.com/relux-works/curator/internal/transaction/files.go:58.56,59.72 1 0
github.com/relux-works/curator/internal/transaction/files.go:59.72,61.5 1 0
github.com/relux-works/curator/internal/transaction/files.go:62.4,62.69 1 0
github.com/relux-works/curator/internal/transaction/files.go:62.69,64.5 1 0
github.com/relux-works/curator/internal/transaction/files.go:65.4,65.72 1 0
github.com/relux-works/curator/internal/transaction/files.go:65.72,67.5 1 0
github.com/relux-works/curator/internal/transaction/files.go:68.11,69.72 1 0
github.com/relux-works/curator/internal/transaction/files.go:72.2,72.30 1 0
github.com/relux-works/curator/internal/transaction/files.go:75.79,77.16 2 1
github.com/relux-works/curator/internal/transaction/files.go:77.16,79.3 1 0
github.com/relux-works/curator/internal/transaction/files.go:80.2,80.15 1 1
github.com/relux-works/curator/internal/transaction/files.go:80.15,80.62 1 1
github.com/relux-works/curator/internal/transaction/files.go:81.2,82.16 2 1
github.com/relux-works/curator/internal/transaction/files.go:82.16,84.3 1 0
github.com/relux-works/curator/internal/transaction/files.go:85.2,86.15 2 1
github.com/relux-works/curator/internal/transaction/files.go:86.15,88.10 2 1
github.com/relux-works/curator/internal/transaction/files.go:88.10,90.4 1 0
github.com/relux-works/curator/internal/transaction/files.go:92.2,92.50 1 1
github.com/relux-works/curator/internal/transaction/files.go:92.50,94.3 1 0
github.com/relux-works/curator/internal/transaction/files.go:95.2,95.43 1 1
github.com/relux-works/curator/internal/transaction/files.go:95.43,97.3 1 0
github.com/relux-works/curator/internal/transaction/files.go:98.2,98.38 1 1
github.com/relux-works/curator/internal/transaction/files.go:98.38,100.3 1 0
github.com/relux-works/curator/internal/transaction/files.go:101.2,101.39 1 1
github.com/relux-works/curator/internal/transaction/files.go:101.39,103.3 1 0
github.com/relux-works/curator/internal/transaction/files.go:104.2,105.12 2 1
github.com/relux-works/curator/internal/transaction/files.go:108.34,110.16 2 1
github.com/relux-works/curator/internal/transaction/files.go:110.16,112.3 1 0
github.com/relux-works/curator/internal/transaction/files.go:113.2,113.29 1 1
github.com/relux-works/curator/internal/transaction/files.go:113.29,115.17 2 1
github.com/relux-works/curator/internal/transaction/files.go:115.17,117.4 1 0
github.com/relux-works/curator/internal/transaction/files.go:118.3,118.48 1 1
github.com/relux-works/curator/internal/transaction/files.go:120.2,120.54 1 1
github.com/relux-works/curator/internal/transaction/files.go:120.54,122.3 1 0
github.com/relux-works/curator/internal/transaction/files.go:123.2,124.16 2 1
github.com/relux-works/curator/internal/transaction/files.go:124.16,126.3 1 0
github.com/relux-works/curator/internal/transaction/files.go:127.2,127.32 1 1
github.com/relux-works/curator/internal/transaction/files.go:127.32,128.69 1 1
github.com/relux-works/curator/internal/transaction/files.go:128.69,130.4 1 0
github.com/relux-works/curator/internal/transaction/files.go:132.2,132.28 1 1
github.com/relux-works/curator/internal/transaction/journal.go:19.64,21.2 1 1
github.com/relux-works/curator/internal/transaction/journal.go:23.43,24.17 1 1
github.com/relux-works/curator/internal/transaction/journal.go:24.17,26.3 1 1
github.com/relux-works/curator/internal/transaction/journal.go:27.2,28.22 2 1
github.com/relux-works/curator/internal/transaction/journal.go:29.98,30.20 1 1
github.com/relux-works/curator/internal/transaction/journal.go:30.20,32.4 1 1
github.com/relux-works/curator/internal/transaction/journal.go:34.2,34.42 1 1
github.com/relux-works/curator/internal/transaction/journal.go:34.42,36.3 1 1
github.com/relux-works/curator/internal/transaction/journal.go:37.2,37.12 1 1
github.com/relux-works/curator/internal/transaction/journal.go:40.49,42.2 1 1
github.com/relux-works/curator/internal/transaction/journal.go:44.48,46.16 2 1
github.com/relux-works/curator/internal/transaction/journal.go:46.16,47.55 1 1
github.com/relux-works/curator/internal/transaction/journal.go:47.55,49.4 1 0
github.com/relux-works/curator/internal/transaction/journal.go:50.3,50.13 1 1
github.com/relux-works/curator/internal/transaction/journal.go:52.2,52.25 1 1
github.com/relux-works/curator/internal/transaction/journal.go:52.25,54.3 1 0
github.com/relux-works/curator/internal/transaction/journal.go:55.2,56.20 2 1
github.com/relux-works/curator/internal/transaction/journal.go:56.20,58.3 1 0
github.com/relux-works/curator/internal/transaction/journal.go:59.2,59.55 1 1
github.com/relux-works/curator/internal/transaction/journal.go:59.55,61.3 1 0
github.com/relux-works/curator/internal/transaction/journal.go:62.2,62.66 1 1
github.com/relux-works/curator/internal/transaction/journal.go:62.66,64.3 1 0
github.com/relux-works/curator/internal/transaction/journal.go:65.2,65.44 1 1
github.com/relux-works/curator/internal/transaction/journal.go:65.44,67.3 1 0
github.com/relux-works/curator/internal/transaction/journal.go:68.2,68.30 1 1
github.com/relux-works/curator/internal/transaction/journal.go:71.59,72.56 1 1
github.com/relux-works/curator/internal/transaction/journal.go:72.56,74.3 1 0
github.com/relux-works/curator/internal/transaction/journal.go:75.2,75.51 1 1
github.com/relux-works/curator/internal/transaction/journal.go:75.51,77.3 1 0
github.com/relux-works/curator/internal/transaction/journal.go:78.2,79.16 2 1
github.com/relux-works/curator/internal/transaction/journal.go:79.16,81.3 1 0
github.com/relux-works/curator/internal/transaction/journal.go:82.2,83.54 2 1
github.com/relux-works/curator/internal/transaction/journal.go:83.54,85.3 1 0
github.com/relux-works/curator/internal/transaction/journal.go:85.8,85.32 1 1
github.com/relux-works/curator/internal/transaction/journal.go:85.32,87.3 1 0
github.com/relux-works/curator/internal/transaction/journal.go:88.2,89.16 2 1
github.com/relux-works/curator/internal/transaction/journal.go:89.16,91.3 1 0
github.com/relux-works/curator/internal/transaction/journal.go:92.2,94.15 3 1
github.com/relux-works/curator/internal/transaction/journal.go:94.15,96.10 2 1
github.com/relux-works/curator/internal/transaction/journal.go:96.10,98.4 1 0
github.com/relux-works/curator/internal/transaction/journal.go:100.2,100.47 1 1
github.com/relux-works/curator/internal/transaction/journal.go:100.47,102.3 1 0
github.com/relux-works/curator/internal/transaction/journal.go:103.2,103.52 1 1
github.com/relux-works/curator/internal/transaction/journal.go:103.52,105.3 1 0
github.com/relux-works/curator/internal/transaction/journal.go:106.2,106.41 1 1
github.com/relux-works/curator/internal/transaction/journal.go:106.41,108.3 1 0
github.com/relux-works/curator/internal/transaction/journal.go:109.2,109.42 1 1
github.com/relux-works/curator/internal/transaction/journal.go:109.42,111.3 1 0
github.com/relux-works/curator/internal/transaction/journal.go:112.2,112.42 1 1
github.com/relux-works/curator/internal/transaction/journal.go:112.42,113.65 1 1
github.com/relux-works/curator/internal/transaction/journal.go:113.65,115.4 1 0
github.com/relux-works/curator/internal/transaction/journal.go:116.8,116.31 1 1
github.com/relux-works/curator/internal/transaction/journal.go:116.31,117.69 1 1
github.com/relux-works/curator/internal/transaction/journal.go:117.69,119.4 1 0
github.com/relux-works/curator/internal/transaction/journal.go:120.8,122.3 1 0
github.com/relux-works/curator/internal/transaction/journal.go:123.2,124.12 2 1
github.com/relux-works/curator/internal/transaction/journal.go:127.55,129.16 2 1
github.com/relux-works/curator/internal/transaction/journal.go:129.16,131.3 1 0
github.com/relux-works/curator/internal/transaction/journal.go:132.2,132.35 1 1
github.com/relux-works/curator/internal/transaction/journal.go:135.75,136.54 1 1
github.com/relux-works/curator/internal/transaction/journal.go:136.54,138.3 1 0
github.com/relux-works/curator/internal/transaction/journal.go:139.2,140.16 2 1
github.com/relux-works/curator/internal/transaction/journal.go:140.16,142.3 1 0
github.com/relux-works/curator/internal/transaction/journal.go:143.2,144.16 2 1
github.com/relux-works/curator/internal/transaction/journal.go:144.16,146.3 1 0
github.com/relux-works/curator/internal/transaction/journal.go:147.2,147.101 1 1
github.com/relux-works/curator/internal/transaction/journal.go:147.101,149.3 1 1
github.com/relux-works/curator/internal/transaction/journal.go:150.2,151.16 2 1
github.com/relux-works/curator/internal/transaction/journal.go:151.16,153.3 1 0
github.com/relux-works/curator/internal/transaction/journal.go:154.2,155.76 2 1
github.com/relux-works/curator/internal/transaction/journal.go:155.76,158.3 2 0
github.com/relux-works/curator/internal/transaction/journal.go:159.2,161.39 3 1
github.com/relux-works/curator/internal/transaction/journal.go:161.39,163.3 1 0
github.com/relux-works/curator/internal/transaction/journal.go:164.2,164.33 1 1
github.com/relux-works/curator/internal/transaction/journal.go:164.33,166.3 1 0
github.com/relux-works/curator/internal/transaction/journal.go:167.2,170.49 4 1
github.com/relux-works/curator/internal/transaction/journal.go:170.49,172.3 1 1
github.com/relux-works/curator/internal/transaction/journal.go:173.2,173.47 1 1
github.com/relux-works/curator/internal/transaction/journal.go:173.47,175.3 1 1
github.com/relux-works/curator/internal/transaction/journal.go:176.2,176.57 1 1
github.com/relux-works/curator/internal/transaction/journal.go:176.57,178.3 1 0
github.com/relux-works/curator/internal/transaction/journal.go:179.2,179.84 1 1
github.com/relux-works/curator/internal/transaction/journal.go:179.84,181.3 1 0
github.com/relux-works/curator/internal/transaction/journal.go:182.2,183.16 2 1
github.com/relux-works/curator/internal/transaction/journal.go:183.16,185.3 1 0
github.com/relux-works/curator/internal/transaction/journal.go:186.2,186.38 1 1
github.com/relux-works/curator/internal/transaction/journal.go:186.38,188.3 1 1
github.com/relux-works/curator/internal/transaction/journal.go:189.2,189.22 1 1
github.com/relux-works/curator/internal/transaction/journal.go:192.85,199.47 7 1
github.com/relux-works/curator/internal/transaction/journal.go:199.47,201.3 1 0
github.com/relux-works/curator/internal/transaction/journal.go:202.2,202.47 1 1
github.com/relux-works/curator/internal/transaction/journal.go:202.47,204.3 1 0
github.com/relux-works/curator/internal/transaction/journal.go:205.2,205.30 1 1
github.com/relux-works/curator/internal/transaction/journal.go:205.30,207.3 1 0
github.com/relux-works/curator/internal/transaction/journal.go:208.2,208.16 1 1
github.com/relux-works/curator/internal/transaction/journal.go:208.16,210.3 1 1
github.com/relux-works/curator/internal/transaction/journal.go:211.2,211.16 1 1
github.com/relux-works/curator/internal/transaction/journal.go:211.16,213.3 1 1
github.com/relux-works/curator/internal/transaction/journal.go:214.2,214.34 1 0
github.com/relux-works/curator/internal/transaction/journal.go:217.49,220.28 3 1
github.com/relux-works/curator/internal/transaction/journal.go:220.28,222.3 1 1
github.com/relux-works/curator/internal/transaction/journal.go:223.2,223.16 1 1
github.com/relux-works/curator/internal/transaction/journal.go:223.16,225.3 1 1
github.com/relux-works/curator/internal/transaction/journal.go:226.2,226.12 1 0
github.com/relux-works/curator/internal/transaction/journal.go:229.46,230.115 1 1
github.com/relux-works/curator/internal/transaction/journal.go:230.115,232.3 1 1
github.com/relux-works/curator/internal/transaction/journal.go:233.2,233.74 1 1
github.com/relux-works/curator/internal/transaction/journal.go:233.74,235.3 1 1
github.com/relux-works/curator/internal/transaction/journal.go:236.2,236.23 1 1
github.com/relux-works/curator/internal/transaction/journal.go:237.108,237.108 0 1
github.com/relux-works/curator/internal/transaction/journal.go:238.10,239.56 1 1
github.com/relux-works/curator/internal/transaction/journal.go:241.2,241.31 1 1
github.com/relux-works/curator/internal/transaction/journal.go:241.31,242.112 1 1
github.com/relux-works/curator/internal/transaction/journal.go:242.112,244.4 1 1
github.com/relux-works/curator/internal/transaction/journal.go:245.3,246.13 2 1
github.com/relux-works/curator/internal/transaction/journal.go:246.13,248.4 1 1
github.com/relux-works/curator/internal/transaction/journal.go:249.3,249.124 1 1
github.com/relux-works/curator/internal/transaction/journal.go:249.124,251.4 1 1
github.com/relux-works/curator/internal/transaction/journal.go:252.3,252.72 1 1
github.com/relux-works/curator/internal/transaction/journal.go:252.72,254.4 1 0
github.com/relux-works/curator/internal/transaction/journal.go:255.8,255.76 1 1
github.com/relux-works/curator/internal/transaction/journal.go:255.76,257.3 1 1
github.com/relux-works/curator/internal/transaction/journal.go:258.2,258.55 1 1
github.com/relux-works/curator/internal/transaction/journal.go:258.55,260.3 1 1
github.com/relux-works/curator/internal/transaction/journal.go:261.2,261.31 1 1
github.com/relux-works/curator/internal/transaction/journal.go:261.31,263.3 1 1
github.com/relux-works/curator/internal/transaction/journal.go:264.2,264.37 1 1
github.com/relux-works/curator/internal/transaction/journal.go:264.37,266.113 2 1
github.com/relux-works/curator/internal/transaction/journal.go:266.113,268.4 1 1
github.com/relux-works/curator/internal/transaction/journal.go:269.3,269.80 1 1
github.com/relux-works/curator/internal/transaction/journal.go:269.80,271.4 1 1
github.com/relux-works/curator/internal/transaction/journal.go:272.3,272.184 1 1
github.com/relux-works/curator/internal/transaction/journal.go:272.184,274.4 1 1
github.com/relux-works/curator/internal/transaction/journal.go:275.3,275.238 1 1
github.com/relux-works/curator/internal/transaction/journal.go:275.238,277.4 1 1
github.com/relux-works/curator/internal/transaction/journal.go:278.3,279.43 2 1
github.com/relux-works/curator/internal/transaction/journal.go:279.43,281.4 1 1
github.com/relux-works/curator/internal/transaction/journal.go:282.3,282.232 1 1
github.com/relux-works/curator/internal/transaction/journal.go:282.232,284.4 1 1
github.com/relux-works/curator/internal/transaction/journal.go:285.3,285.73 1 1
github.com/relux-works/curator/internal/transaction/journal.go:285.73,287.4 1 1
github.com/relux-works/curator/internal/transaction/journal.go:288.3,288.73 1 1
github.com/relux-works/curator/internal/transaction/journal.go:288.73,290.4 1 1
github.com/relux-works/curator/internal/transaction/journal.go:291.3,291.79 1 1
github.com/relux-works/curator/internal/transaction/journal.go:291.79,293.4 1 1
github.com/relux-works/curator/internal/transaction/journal.go:294.3,294.219 1 1
github.com/relux-works/curator/internal/transaction/journal.go:294.219,296.4 1 1
github.com/relux-works/curator/internal/transaction/journal.go:297.3,297.112 1 1
github.com/relux-works/curator/internal/transaction/journal.go:297.112,299.4 1 1
github.com/relux-works/curator/internal/transaction/journal.go:300.3,300.65 1 1
github.com/relux-works/curator/internal/transaction/journal.go:300.65,301.106 1 1
github.com/relux-works/curator/internal/transaction/journal.go:301.106,303.5 1 0
github.com/relux-works/curator/internal/transaction/journal.go:304.4,304.72 1 1
github.com/relux-works/curator/internal/transaction/journal.go:304.72,306.5 1 0
github.com/relux-works/curator/internal/transaction/journal.go:307.4,307.267 1 1
github.com/relux-works/curator/internal/transaction/journal.go:307.267,309.5 1 1
github.com/relux-works/curator/internal/transaction/journal.go:310.4,310.99 1 1
github.com/relux-works/curator/internal/transaction/journal.go:310.99,312.5 1 1
github.com/relux-works/curator/internal/transaction/journal.go:313.4,313.267 1 1
github.com/relux-works/curator/internal/transaction/journal.go:313.267,315.5 1 1
github.com/relux-works/curator/internal/transaction/journal.go:316.4,316.31 1 1
github.com/relux-works/curator/internal/transaction/journal.go:316.31,317.207 1 1
github.com/relux-works/curator/internal/transaction/journal.go:317.207,319.6 1 1
github.com/relux-works/curator/internal/transaction/journal.go:321.4,321.36 1 1
github.com/relux-works/curator/internal/transaction/journal.go:321.36,322.205 1 1
github.com/relux-works/curator/internal/transaction/journal.go:322.205,324.6 1 1
github.com/relux-works/curator/internal/transaction/journal.go:326.9,326.310 1 1
github.com/relux-works/curator/internal/transaction/journal.go:326.310,328.4 1 0
github.com/relux-works/curator/internal/transaction/journal.go:329.3,329.69 1 1
github.com/relux-works/curator/internal/transaction/journal.go:329.69,331.4 1 1
github.com/relux-works/curator/internal/transaction/journal.go:332.3,332.23 1 1
github.com/relux-works/curator/internal/transaction/journal.go:333.69,333.69 0 1
github.com/relux-works/curator/internal/transaction/journal.go:334.11,335.73 1 1
github.com/relux-works/curator/internal/transaction/journal.go:338.2,338.77 1 1
github.com/relux-works/curator/internal/transaction/journal.go:338.77,340.3 1 1
github.com/relux-works/curator/internal/transaction/journal.go:341.2,341.12 1 1
github.com/relux-works/curator/internal/transaction/journal.go:344.63,345.49 1 1
github.com/relux-works/curator/internal/transaction/journal.go:345.49,347.3 1 1
github.com/relux-works/curator/internal/transaction/journal.go:348.2,352.17 1 1
github.com/relux-works/curator/internal/transaction/journal.go:352.17,354.3 1 1
github.com/relux-works/curator/internal/transaction/journal.go:355.2,355.12 1 1
github.com/relux-works/curator/internal/transaction/journal.go:358.35,360.2 1 1
github.com/relux-works/curator/internal/transaction/journal.go:362.37,363.27 1 1
github.com/relux-works/curator/internal/transaction/journal.go:363.27,365.3 1 1
github.com/relux-works/curator/internal/transaction/journal.go:366.2,366.77 1 1
github.com/relux-works/curator/internal/transaction/journal.go:366.77,368.3 1 1
github.com/relux-works/curator/internal/transaction/journal.go:369.2,369.47 1 1
github.com/relux-works/curator/internal/transaction/journal.go:369.47,370.67 1 1
github.com/relux-works/curator/internal/transaction/journal.go:370.67,372.4 1 0
github.com/relux-works/curator/internal/transaction/journal.go:374.2,374.13 1 1
github.com/relux-works/curator/internal/transaction/journal.go:377.48,378.35 1 1
github.com/relux-works/curator/internal/transaction/journal.go:378.35,379.102 1 1
github.com/relux-works/curator/internal/transaction/journal.go:379.102,381.4 1 1
github.com/relux-works/curator/internal/transaction/journal.go:383.2,383.13 1 1
github.com/relux-works/curator/internal/transaction/journal.go:386.59,387.56 1 1
github.com/relux-works/curator/internal/transaction/journal.go:387.56,389.3 1 0
github.com/relux-works/curator/internal/transaction/journal.go:390.2,391.36 2 1
github.com/relux-works/curator/internal/transaction/journal.go:391.36,392.141 1 1
github.com/relux-works/curator/internal/transaction/journal.go:392.141,394.4 1 0
github.com/relux-works/curator/internal/transaction/journal.go:395.3,395.31 1 1
github.com/relux-works/curator/internal/transaction/journal.go:395.31,396.178 1 1
github.com/relux-works/curator/internal/transaction/journal.go:396.178,398.5 1 0
github.com/relux-works/curator/internal/transaction/journal.go:400.3,400.25 1 1
github.com/relux-works/curator/internal/transaction/journal.go:400.25,402.4 1 0
github.com/relux-works/curator/internal/transaction/journal.go:403.3,403.21 1 1
github.com/relux-works/curator/internal/transaction/journal.go:404.20,405.26 1 1
github.com/relux-works/curator/internal/transaction/journal.go:405.26,407.5 1 0
github.com/relux-works/curator/internal/transaction/journal.go:408.15,409.66 1 1
github.com/relux-works/curator/internal/transaction/journal.go:409.66,411.5 1 0
github.com/relux-works/curator/internal/transaction/journal.go:412.11,413.84 1 0
github.com/relux-works/curator/internal/transaction/journal.go:415.3,415.37 1 1
github.com/relux-works/curator/internal/transaction/journal.go:417.2,417.36 1 1
github.com/relux-works/curator/internal/transaction/journal.go:417.36,419.20 2 1
github.com/relux-works/curator/internal/transaction/journal.go:419.20,421.4 1 1
github.com/relux-works/curator/internal/transaction/journal.go:422.3,423.48 2 1
github.com/relux-works/curator/internal/transaction/journal.go:423.48,425.4 1 0
github.com/relux-works/curator/internal/transaction/journal.go:427.2,427.12 1 1
github.com/relux-works/curator/internal/transaction/journal.go:430.54,432.24 2 1
github.com/relux-works/curator/internal/transaction/journal.go:432.24,434.3 1 0
github.com/relux-works/curator/internal/transaction/journal.go:435.2,435.16 1 1
github.com/relux-works/curator/internal/transaction/journal.go:435.16,437.3 1 0
github.com/relux-works/curator/internal/transaction/journal.go:438.2,439.32 2 1
github.com/relux-works/curator/internal/transaction/journal.go:439.32,442.10 3 1
github.com/relux-works/curator/internal/transaction/journal.go:443.48,444.27 1 1
github.com/relux-works/curator/internal/transaction/journal.go:445.41,446.20 1 1
github.com/relux-works/curator/internal/transaction/journal.go:447.11,448.12 1 0
github.com/relux-works/curator/internal/transaction/journal.go:450.3,451.44 2 1
github.com/relux-works/curator/internal/transaction/journal.go:451.44,453.4 1 0
github.com/relux-works/curator/internal/transaction/journal.go:454.3,454.40 1 1
github.com/relux-works/curator/internal/transaction/journal.go:454.40,456.4 1 0
github.com/relux-works/curator/internal/transaction/journal.go:457.3,457.18 1 1
github.com/relux-works/curator/internal/transaction/journal.go:459.2,460.23 2 1
github.com/relux-works/curator/internal/transaction/journal.go:460.23,462.3 1 1
github.com/relux-works/curator/internal/transaction/journal.go:463.2,463.38 1 1
github.com/relux-works/curator/internal/transaction/journal.go:463.38,463.98 1 1
github.com/relux-works/curator/internal/transaction/journal.go:464.2,464.17 1 1
github.com/relux-works/curator/internal/transaction/journal.go:467.55,469.2 1 1
github.com/relux-works/curator/internal/transaction/journal.go:471.81,472.66 1 1
github.com/relux-works/curator/internal/transaction/journal.go:472.66,474.3 1 0
github.com/relux-works/curator/internal/transaction/journal.go:475.2,476.89 2 1
github.com/relux-works/curator/internal/transaction/journal.go:476.89,477.21 1 1
github.com/relux-works/curator/internal/transaction/journal.go:477.21,479.4 1 0
github.com/relux-works/curator/internal/transaction/journal.go:480.3,480.85 1 1
github.com/relux-works/curator/internal/transaction/journal.go:480.85,482.4 1 0
github.com/relux-works/curator/internal/transaction/journal.go:483.3,484.17 2 1
github.com/relux-works/curator/internal/transaction/journal.go:484.17,486.4 1 0
github.com/relux-works/curator/internal/transaction/journal.go:487.3,487.22 1 1
github.com/relux-works/curator/internal/transaction/journal.go:487.22,489.4 1 1
github.com/relux-works/curator/internal/transaction/journal.go:489.9,491.4 1 1
github.com/relux-works/curator/internal/transaction/journal.go:492.3,493.19 2 1
github.com/relux-works/curator/internal/transaction/journal.go:493.19,495.4 1 1
github.com/relux-works/curator/internal/transaction/journal.go:495.9,498.18 3 1
github.com/relux-works/curator/internal/transaction/journal.go:498.18,500.5 1 0
github.com/relux-works/curator/internal/transaction/journal.go:502.3,503.13 2 1
github.com/relux-works/curator/internal/transaction/journal.go:505.2,505.16 1 1
github.com/relux-works/curator/internal/transaction/journal.go:505.16,507.3 1 0
github.com/relux-works/curator/internal/transaction/journal.go:508.2,508.42 1 1
github.com/relux-works/curator/internal/transaction/journal.go:508.42,510.3 1 1
github.com/relux-works/curator/internal/transaction/journal.go:511.2,511.56 1 1
github.com/relux-works/curator/internal/transaction/journal.go:511.56,513.3 1 0
github.com/relux-works/curator/internal/transaction/journal.go:514.2,514.66 1 1
github.com/relux-works/curator/internal/transaction/journal.go:514.66,516.3 1 0
github.com/relux-works/curator/internal/transaction/journal.go:517.2,517.21 1 1
github.com/relux-works/curator/internal/transaction/journal.go:520.70,521.26 1 1
github.com/relux-works/curator/internal/transaction/journal.go:521.26,523.3 1 1
github.com/relux-works/curator/internal/transaction/journal.go:524.2,524.34 1 1
github.com/relux-works/curator/internal/transaction/journal.go:524.34,526.3 1 0
github.com/relux-works/curator/internal/transaction/journal.go:527.2,532.47 6 1
github.com/relux-works/curator/internal/transaction/journal.go:532.47,534.3 1 0
github.com/relux-works/curator/internal/transaction/journal.go:535.2,535.47 1 1
github.com/relux-works/curator/internal/transaction/journal.go:535.47,537.3 1 0
github.com/relux-works/curator/internal/transaction/journal.go:538.2,538.30 1 1
github.com/relux-works/curator/internal/transaction/journal.go:538.30,540.3 1 1
github.com/relux-works/curator/internal/transaction/journal.go:541.2,541.16 1 1
github.com/relux-works/curator/internal/transaction/journal.go:541.16,543.3 1 0
github.com/relux-works/curator/internal/transaction/journal.go:544.2,544.17 1 1
github.com/relux-works/curator/internal/transaction/journal.go:544.17,546.3 1 1
github.com/relux-works/curator/internal/transaction/journal.go:547.2,547.66 1 1
github.com/relux-works/curator/internal/transaction/journal.go:547.66,549.3 1 0
github.com/relux-works/curator/internal/transaction/journal.go:550.2,550.18 1 1
github.com/relux-works/curator/internal/transaction/journal.go:553.105,554.26 1 1
github.com/relux-works/curator/internal/transaction/journal.go:554.26,556.3 1 0
github.com/relux-works/curator/internal/transaction/journal.go:557.2,557.34 1 1
github.com/relux-works/curator/internal/transaction/journal.go:557.34,559.3 1 0
github.com/relux-works/curator/internal/transaction/journal.go:560.2,565.47 6 1
github.com/relux-works/curator/internal/transaction/journal.go:565.47,567.3 1 0
github.com/relux-works/curator/internal/transaction/journal.go:568.2,568.47 1 1
github.com/relux-works/curator/internal/transaction/journal.go:568.47,570.3 1 0
github.com/relux-works/curator/internal/transaction/journal.go:571.2,571.30 1 1
github.com/relux-works/curator/internal/transaction/journal.go:571.30,573.3 1 0
github.com/relux-works/curator/internal/transaction/journal.go:574.2,574.16 1 1
github.com/relux-works/curator/internal/transaction/journal.go:574.16,575.67 1 1
github.com/relux-works/curator/internal/transaction/journal.go:575.67,577.4 1 1
github.com/relux-works/curator/internal/transaction/journal.go:579.2,579.16 1 1
github.com/relux-works/curator/internal/transaction/journal.go:579.16,580.67 1 1
github.com/relux-works/curator/internal/transaction/journal.go:580.67,582.4 1 0
github.com/relux-works/curator/internal/transaction/journal.go:583.3,583.60 1 1
github.com/relux-works/curator/internal/transaction/journal.go:583.60,585.4 1 0
github.com/relux-works/curator/internal/transaction/journal.go:586.3,586.67 1 1
github.com/relux-works/curator/internal/transaction/journal.go:586.67,588.4 1 0
github.com/relux-works/curator/internal/transaction/journal.go:589.3,589.25 1 1
github.com/relux-works/curator/internal/transaction/journal.go:589.25,590.40 1 0
github.com/relux-works/curator/internal/transaction/journal.go:590.40,592.5 1 0
github.com/relux-works/curator/internal/transaction/journal.go:594.3,594.20 1 1
github.com/relux-works/curator/internal/transaction/journal.go:596.2,596.17 1 1
github.com/relux-works/curator/internal/transaction/journal.go:596.17,598.3 1 0
github.com/relux-works/curator/internal/transaction/journal.go:599.2,599.42 1 1
github.com/relux-works/curator/internal/transaction/journal.go:599.42,601.3 1 0
github.com/relux-works/curator/internal/transaction/journal.go:601.8,601.32 1 1
github.com/relux-works/curator/internal/transaction/journal.go:601.32,603.3 1 0
github.com/relux-works/curator/internal/transaction/journal.go:604.2,604.46 1 1
github.com/relux-works/curator/internal/transaction/journal.go:607.70,609.24 2 1
github.com/relux-works/curator/internal/transaction/journal.go:609.24,611.3 1 0
github.com/relux-works/curator/internal/transaction/journal.go:612.2,612.16 1 1
github.com/relux-works/curator/internal/transaction/journal.go:612.16,614.3 1 0
github.com/relux-works/curator/internal/transaction/journal.go:615.2,615.84 1 1
github.com/relux-works/curator/internal/transaction/journal.go:615.84,617.3 1 0
github.com/relux-works/curator/internal/transaction/journal.go:618.2,618.18 1 1
github.com/relux-works/curator/internal/transaction/journal.go:618.18,620.17 2 0
github.com/relux-works/curator/internal/transaction/journal.go:620.17,622.4 1 0
github.com/relux-works/curator/internal/transaction/journal.go:623.3,623.33 1 0
github.com/relux-works/curator/internal/transaction/journal.go:623.33,624.93 1 0
github.com/relux-works/curator/internal/transaction/journal.go:624.93,626.5 1 0
github.com/relux-works/curator/internal/transaction/journal.go:629.2,629.40 1 1
github.com/relux-works/curator/internal/transaction/journal.go:629.40,631.3 1 0
github.com/relux-works/curator/internal/transaction/journal.go:632.2,632.58 1 1
github.com/relux-works/curator/internal/transaction/journal.go:632.58,634.3 1 0
github.com/relux-works/curator/internal/transaction/journal.go:635.2,635.25 1 1
github.com/relux-works/curator/internal/transaction/journal.go:635.25,637.3 1 0
github.com/relux-works/curator/internal/transaction/journal.go:638.2,638.12 1 1
github.com/relux-works/curator/internal/transaction/journal.go:641.130,642.56 1 1
github.com/relux-works/curator/internal/transaction/journal.go:642.56,644.3 1 0
github.com/relux-works/curator/internal/transaction/journal.go:645.2,650.47 6 1
github.com/relux-works/curator/internal/transaction/journal.go:650.47,652.3 1 0
github.com/relux-works/curator/internal/transaction/journal.go:653.2,653.47 1 1
github.com/relux-works/curator/internal/transaction/journal.go:653.47,655.3 1 0
github.com/relux-works/curator/internal/transaction/journal.go:656.2,656.30 1 1
github.com/relux-works/curator/internal/transaction/journal.go:656.30,658.3 1 0
github.com/relux-works/curator/internal/transaction/journal.go:659.2,659.16 1 1
github.com/relux-works/curator/internal/transaction/journal.go:659.16,660.67 1 1
github.com/relux-works/curator/internal/transaction/journal.go:660.67,662.4 1 0
github.com/relux-works/curator/internal/transaction/journal.go:663.3,663.66 1 1
github.com/relux-works/curator/internal/transaction/journal.go:663.66,665.4 1 0
github.com/relux-works/curator/internal/transaction/journal.go:666.3,666.60 1 1
github.com/relux-works/curator/internal/transaction/journal.go:666.60,668.4 1 0
github.com/relux-works/curator/internal/transaction/journal.go:669.3,669.66 1 1
github.com/relux-works/curator/internal/transaction/journal.go:669.66,671.4 1 0
github.com/relux-works/curator/internal/transaction/journal.go:672.3,672.25 1 1
github.com/relux-works/curator/internal/transaction/journal.go:672.25,673.40 1 1
github.com/relux-works/curator/internal/transaction/journal.go:673.40,675.5 1 1
github.com/relux-works/curator/internal/transaction/journal.go:677.3,677.20 1 1
github.com/relux-works/curator/internal/transaction/journal.go:679.2,679.17 1 1
github.com/relux-works/curator/internal/transaction/journal.go:679.17,681.3 1 0
github.com/relux-works/curator/internal/transaction/journal.go:682.2,682.42 1 1
github.com/relux-works/curator/internal/transaction/journal.go:682.42,684.3 1 0
github.com/relux-works/curator/internal/transaction/journal.go:684.8,684.32 1 1
github.com/relux-works/curator/internal/transaction/journal.go:684.32,686.3 1 0
github.com/relux-works/curator/internal/transaction/journal.go:687.2,687.66 1 1
github.com/relux-works/curator/internal/transaction/journal.go:687.66,689.3 1 1
github.com/relux-works/curator/internal/transaction/journal.go:690.2,690.53 1 1
github.com/relux-works/curator/internal/transaction/journal.go:690.53,693.31 3 1
github.com/relux-works/curator/internal/transaction/journal.go:693.31,695.4 1 1
github.com/relux-works/curator/internal/transaction/journal.go:696.3,697.25 2 1
github.com/relux-works/curator/internal/transaction/journal.go:697.25,698.12 1 1
github.com/relux-works/curator/internal/transaction/journal.go:700.3,700.17 1 1
github.com/relux-works/curator/internal/transaction/journal.go:700.17,702.4 1 0
github.com/relux-works/curator/internal/transaction/journal.go:703.3,703.66 1 1
github.com/relux-works/curator/internal/transaction/journal.go:703.66,705.4 1 0
github.com/relux-works/curator/internal/transaction/journal.go:706.3,706.44 1 1
github.com/relux-works/curator/internal/transaction/journal.go:706.44,707.33 1 0
github.com/relux-works/curator/internal/transaction/journal.go:707.33,709.5 1 0
github.com/relux-works/curator/internal/transaction/journal.go:710.4,710.14 1 0
github.com/relux-works/curator/internal/transaction/journal.go:712.3,712.62 1 1
github.com/relux-works/curator/internal/transaction/journal.go:712.62,714.4 1 0
github.com/relux-works/curator/internal/transaction/journal.go:715.3,715.26 1 1
github.com/relux-works/curator/internal/transaction/journal.go:715.26,716.41 1 1
github.com/relux-works/curator/internal/transaction/journal.go:716.41,718.5 1 1
github.com/relux-works/curator/internal/transaction/journal.go:721.2,721.12 1 1
github.com/relux-works/curator/internal/transaction/journal.go:724.91,726.32 2 1
github.com/relux-works/curator/internal/transaction/journal.go:726.32,728.3 1 1
github.com/relux-works/curator/internal/transaction/journal.go:729.2,730.89 2 1
github.com/relux-works/curator/internal/transaction/journal.go:730.89,731.21 1 1
github.com/relux-works/curator/internal/transaction/journal.go:731.21,733.4 1 0
github.com/relux-works/curator/internal/transaction/journal.go:734.3,735.17 2 1
github.com/relux-works/curator/internal/transaction/journal.go:735.17,737.4 1 0
github.com/relux-works/curator/internal/transaction/journal.go:738.3,738.22 1 1
github.com/relux-works/curator/internal/transaction/journal.go:738.22,740.4 1 1
github.com/relux-works/curator/internal/transaction/journal.go:740.9,742.4 1 1
github.com/relux-works/curator/internal/transaction/journal.go:743.3,744.13 2 1
github.com/relux-works/curator/internal/transaction/journal.go:744.13,746.4 1 1
github.com/relux-works/curator/internal/transaction/journal.go:747.3,747.66 1 1
github.com/relux-works/curator/internal/transaction/journal.go:747.66,749.4 1 1
github.com/relux-works/curator/internal/transaction/journal.go:750.3,751.13 2 1
github.com/relux-works/curator/internal/transaction/journal.go:753.2,753.16 1 1
github.com/relux-works/curator/internal/transaction/journal.go:753.16,755.3 1 1
github.com/relux-works/curator/internal/transaction/journal.go:756.2,756.50 1 1
github.com/relux-works/curator/internal/transaction/journal.go:756.50,758.3 1 0
github.com/relux-works/curator/internal/transaction/journal.go:759.2,759.12 1 1
github.com/relux-works/curator/internal/transaction/journal.go:762.82,763.81 1 1
github.com/relux-works/curator/internal/transaction/journal.go:763.81,765.3 1 0
github.com/relux-works/curator/internal/transaction/journal.go:766.2,766.20 1 1
github.com/relux-works/curator/internal/transaction/journal.go:767.19,768.20 1 1
github.com/relux-works/curator/internal/transaction/journal.go:768.20,770.4 1 0
github.com/relux-works/curator/internal/transaction/journal.go:771.14,772.31 1 1
github.com/relux-works/curator/internal/transaction/journal.go:772.31,774.4 1 0
github.com/relux-works/curator/internal/transaction/journal.go:775.3,776.43 2 1
github.com/relux-works/curator/internal/transaction/journal.go:776.43,778.4 1 1
github.com/relux-works/curator/internal/transaction/journal.go:779.10,780.87 1 0
github.com/relux-works/curator/internal/transaction/journal.go:782.2,782.12 1 1
github.com/relux-works/curator/internal/transaction/journal.go:785.61,787.16 2 1
github.com/relux-works/curator/internal/transaction/journal.go:787.16,789.3 1 0
github.com/relux-works/curator/internal/transaction/journal.go:790.2,790.30 1 1
github.com/relux-works/curator/internal/transaction/journal.go:790.30,792.3 1 1
github.com/relux-works/curator/internal/transaction/journal.go:793.2,793.12 1 1
github.com/relux-works/curator/internal/transaction/journal.go:796.54,798.16 2 1
github.com/relux-works/curator/internal/transaction/journal.go:798.16,800.3 1 0
github.com/relux-works/curator/internal/transaction/journal.go:801.2,801.45 1 1
github.com/relux-works/curator/internal/transaction/journal.go:804.68,806.16 2 1
github.com/relux-works/curator/internal/transaction/journal.go:806.16,808.3 1 0
github.com/relux-works/curator/internal/transaction/journal.go:809.2,809.73 1 1
github.com/relux-works/curator/internal/transaction/journal.go:812.57,813.87 1 1
github.com/relux-works/curator/internal/transaction/journal.go:813.87,815.3 1 1
github.com/relux-works/curator/internal/transaction/journal.go:816.2,816.73 1 1
github.com/relux-works/curator/internal/transaction/namespace.go:22.105,24.29 2 1
github.com/relux-works/curator/internal/transaction/namespace.go:24.29,34.5 2 1
github.com/relux-works/curator/internal/transaction/namespace.go:34.5,35.28 1 1
github.com/relux-works/curator/internal/transaction/namespace.go:35.28,36.13 1 1
github.com/relux-works/curator/internal/transaction/namespace.go:38.4,39.18 2 1
github.com/relux-works/curator/internal/transaction/namespace.go:39.18,41.5 1 1
github.com/relux-works/curator/internal/transaction/namespace.go:42.4,43.18 2 1
github.com/relux-works/curator/internal/transaction/namespace.go:43.18,45.5 1 0
github.com/relux-works/curator/internal/transaction/namespace.go:46.4,47.18 2 1
github.com/relux-works/curator/internal/transaction/namespace.go:47.18,49.5 1 0
github.com/relux-works/curator/internal/transaction/namespace.go:50.4,58.32 2 1
github.com/relux-works/curator/internal/transaction/namespace.go:58.32,61.19 3 1
github.com/relux-works/curator/internal/transaction/namespace.go:61.19,63.6 1 0
github.com/relux-works/curator/internal/transaction/namespace.go:64.5,71.7 1 1
github.com/relux-works/curator/internal/transaction/namespace.go:75.2,75.37 1 1
github.com/relux-works/curator/internal/transaction/namespace.go:75.37,77.17 2 1
github.com/relux-works/curator/internal/transaction/namespace.go:77.17,79.4 1 0
github.com/relux-works/curator/internal/transaction/namespace.go:80.3,81.17 2 1
github.com/relux-works/curator/internal/transaction/namespace.go:81.17,83.4 1 0
github.com/relux-works/curator/internal/transaction/namespace.go:84.3,87.17 4 1
github.com/relux-works/curator/internal/transaction/namespace.go:87.17,89.4 1 0
github.com/relux-works/curator/internal/transaction/namespace.go:90.3,91.35 2 1
github.com/relux-works/curator/internal/transaction/namespace.go:93.2,93.31 1 1
github.com/relux-works/curator/internal/transaction/namespace.go:93.31,94.74 1 1
github.com/relux-works/curator/internal/transaction/namespace.go:94.74,98.18 4 1
github.com/relux-works/curator/internal/transaction/namespace.go:98.18,100.5 1 0
github.com/relux-works/curator/internal/transaction/namespace.go:101.4,101.15 1 1
github.com/relux-works/curator/internal/transaction/namespace.go:101.15,103.5 1 1
github.com/relux-works/curator/internal/transaction/namespace.go:106.2,106.12 1 1
github.com/relux-works/curator/internal/transaction/namespace.go:109.58,110.61 1 1
github.com/relux-works/curator/internal/transaction/namespace.go:110.61,112.3 1 0
github.com/relux-works/curator/internal/transaction/namespace.go:113.2,115.16 3 1
github.com/relux-works/curator/internal/transaction/namespace.go:115.16,117.3 1 1
github.com/relux-works/curator/internal/transaction/namespace.go:118.2,118.25 1 1
github.com/relux-works/curator/internal/transaction/namespace.go:118.25,120.3 1 1
github.com/relux-works/curator/internal/transaction/namespace.go:122.2,124.6 3 1
github.com/relux-works/curator/internal/transaction/namespace.go:124.6,126.23 2 1
github.com/relux-works/curator/internal/transaction/namespace.go:126.23,128.4 1 0
github.com/relux-works/curator/internal/transaction/namespace.go:129.3,132.17 4 1
github.com/relux-works/curator/internal/transaction/namespace.go:132.17,133.55 1 1
github.com/relux-works/curator/internal/transaction/namespace.go:133.55,135.5 1 1
github.com/relux-works/curator/internal/transaction/namespace.go:136.4,136.40 1 1
github.com/relux-works/curator/internal/transaction/namespace.go:138.3,138.26 1 1
github.com/relux-works/curator/internal/transaction/namespace.go:138.26,140.4 1 0
[...]
github.com/relux-works/curator/internal/transaction/namespace.go:175.58,179.63 4 1
github.com/relux-works/curator/internal/transaction/namespace.go:179.63,180.40 1 1
github.com/relux-works/curator/internal/transaction/namespace.go:180.40,182.4 1 1
github.com/relux-works/curator/internal/transaction/namespace.go:183.3,183.70 1 1
github.com/relux-works/curator/internal/transaction/namespace.go:185.2,185.22 1 1
github.com/relux-works/curator/internal/transaction/namespace.go:188.94,189.21 1 1
github.com/relux-works/curator/internal/transaction/namespace.go:189.21,192.3 2 1
github.com/relux-works/curator/internal/transaction/namespace.go:193.2,193.21 1 1
github.com/relux-works/curator/internal/transaction/namespace.go:193.21,195.3 1 1
github.com/relux-works/curator/internal/transaction/namespace.go:196.2,196.22 1 0
github.com/relux-works/curator/internal/transaction/namespace.go:199.61,201.6 2 1
github.com/relux-works/curator/internal/transaction/namespace.go:201.6,202.46 1 1
github.com/relux-works/curator/internal/transaction/namespace.go:202.46,204.4 1 1
github.com/relux-works/curator/internal/transaction/namespace.go:204.9,204.33 1 1
github.com/relux-works/curator/internal/transaction/namespace.go:204.33,206.4 1 0
github.com/relux-works/curator/internal/transaction/namespace.go:207.3,208.24 2 1
github.com/relux-works/curator/internal/transaction/namespace.go:208.24,210.4 1 0
github.com/relux-works/curator/internal/transaction/namespace.go:211.3,211.19 1 1
github.com/relux-works/curator/internal/transaction/namespace_case_darwin.go:13.58,15.16 2 1
github.com/relux-works/curator/internal/transaction/namespace_case_darwin.go:15.16,17.3 1 0
github.com/relux-works/curator/internal/transaction/namespace_case_darwin.go:18.2,19.16 2 1
github.com/relux-works/curator/internal/transaction/namespace_case_darwin.go:19.16,21.3 1 0
github.com/relux-works/curator/internal/transaction/namespace_case_darwin.go:22.2,22.32 1 1
github.com/relux-works/curator/internal/transaction/namespace_case_darwin.go:25.67,27.16 2 1
github.com/relux-works/curator/internal/transaction/namespace_case_darwin.go:27.16,29.3 1 0
github.com/relux-works/curator/internal/transaction/namespace_case_darwin.go:30.2,31.53 2 1
github.com/relux-works/curator/internal/transaction/namespace_case_darwin.go:31.53,33.3 1 0
github.com/relux-works/curator/internal/transaction/namespace_case_darwin.go:34.2,38.57 2 1
github.com/relux-works/curator/internal/transaction/rename_noreplace_darwin.go:11.52,12.67 1 1
github.com/relux-works/curator/internal/transaction/rename_noreplace_darwin.go:12.67,14.3 1 1
github.com/relux-works/curator/internal/transaction/rename_noreplace_darwin.go:15.2,15.56 1 1
github.com/relux-works/curator/internal/transaction/rename_noreplace_darwin.go:15.56,17.3 1 0
github.com/relux-works/curator/internal/transaction/rename_noreplace_darwin.go:18.2,18.44 1 1
github.com/relux-works/curator/internal/transaction/rename_noreplace_darwin.go:18.44,20.3 1 0
github.com/relux-works/curator/internal/transaction/rename_noreplace_darwin.go:21.2,21.12 1 1
github.com/relux-works/curator/internal/transaction/replace_unix.go:5.48,7.2 1 1
github.com/relux-works/curator/internal/transaction/staging.go:16.76,18.55 2 1
github.com/relux-works/curator/internal/transaction/staging.go:18.55,26.53 8 1
github.com/relux-works/curator/internal/transaction/staging.go:26.53,28.4 1 0
github.com/relux-works/curator/internal/transaction/staging.go:29.3,29.80 1 1
github.com/relux-works/curator/internal/transaction/staging.go:29.80,31.4 1 0
github.com/relux-works/curator/internal/transaction/staging.go:32.3,33.53 2 1
github.com/relux-works/curator/internal/transaction/staging.go:33.53,35.4 1 0
github.com/relux-works/curator/internal/transaction/staging.go:36.3,36.27 1 1
github.com/relux-works/curator/internal/transaction/staging.go:36.27,37.78 1 1
github.com/relux-works/curator/internal/transaction/staging.go:37.78,39.5 1 0
github.com/relux-works/curator/internal/transaction/staging.go:41.3,43.17 3 1
github.com/relux-works/curator/internal/transaction/staging.go:43.17,45.4 1 0
github.com/relux-works/curator/internal/transaction/staging.go:46.3,46.63 1 1
github.com/relux-works/curator/internal/transaction/staging.go:46.63,48.4 1 0
github.com/relux-works/curator/internal/transaction/staging.go:49.3,56.53 8 1
github.com/relux-works/curator/internal/transaction/staging.go:56.53,58.4 1 0
github.com/relux-works/curator/internal/transaction/staging.go:60.2,60.12 1 1
github.com/relux-works/curator/internal/transaction/staging.go:63.103,67.49 4 1
github.com/relux-works/curator/internal/transaction/staging.go:67.49,69.3 1 0
github.com/relux-works/curator/internal/transaction/staging.go:69.8,69.32 1 1
github.com/relux-works/curator/internal/transaction/staging.go:69.32,71.3 1 0
github.com/relux-works/curator/internal/transaction/staging.go:72.2,72.20 1 1
github.com/relux-works/curator/internal/transaction/staging.go:73.19,74.50 1 1
github.com/relux-works/curator/internal/transaction/staging.go:74.50,76.4 1 0
github.com/relux-works/curator/internal/transaction/staging.go:77.3,77.72 1 1
github.com/relux-works/curator/internal/transaction/staging.go:77.72,79.4 1 0
github.com/relux-works/curator/internal/transaction/staging.go:80.3,80.52 1 1
github.com/relux-works/curator/internal/transaction/staging.go:80.52,82.4 1 0
github.com/relux-works/curator/internal/transaction/staging.go:83.14,85.17 2 1
github.com/relux-works/curator/internal/transaction/staging.go:85.17,87.4 1 0
github.com/relux-works/curator/internal/transaction/staging.go:88.3,88.65 1 1
github.com/relux-works/curator/internal/transaction/staging.go:88.65,90.4 1 0
github.com/relux-works/curator/internal/transaction/staging.go:91.3,92.17 2 1
github.com/relux-works/curator/internal/transaction/staging.go:92.17,94.4 1 0
github.com/relux-works/curator/internal/transaction/staging.go:95.3,95.61 1 1
github.com/relux-works/curator/internal/transaction/staging.go:95.61,98.4 2 0
github.com/relux-works/curator/internal/transaction/staging.go:99.3,99.37 1 1
github.com/relux-works/curator/internal/transaction/staging.go:99.37,102.4 2 0
github.com/relux-works/curator/internal/transaction/staging.go:103.3,103.38 1 1
github.com/relux-works/curator/internal/transaction/staging.go:103.38,105.4 1 0
github.com/relux-works/curator/internal/transaction/staging.go:106.10,107.63 1 0
github.com/relux-works/curator/internal/transaction/staging.go:109.2,109.49 1 1
github.com/relux-works/curator/internal/transaction/staging.go:112.109,117.16 5 1
github.com/relux-works/curator/internal/transaction/staging.go:117.16,119.3 1 0
github.com/relux-works/curator/internal/transaction/staging.go:120.2,120.15 1 1
github.com/relux-works/curator/internal/transaction/staging.go:120.15,120.63 1 1
github.com/relux-works/curator/internal/transaction/staging.go:121.2,122.16 2 1
github.com/relux-works/curator/internal/transaction/staging.go:122.16,124.3 1 0
github.com/relux-works/curator/internal/transaction/staging.go:125.2,125.15 1 1
github.com/relux-works/curator/internal/transaction/staging.go:125.15,125.68 1 1
github.com/relux-works/curator/internal/transaction/staging.go:126.2,129.6 4 1
github.com/relux-works/curator/internal/transaction/staging.go:129.6,131.16 2 1
github.com/relux-works/curator/internal/transaction/staging.go:131.16,135.54 4 1
github.com/relux-works/curator/internal/transaction/staging.go:135.54,137.5 1 0
github.com/relux-works/curator/internal/transaction/staging.go:138.4,139.18 2 1
github.com/relux-works/curator/internal/transaction/staging.go:139.18,141.5 1 0
github.com/relux-works/curator/internal/transaction/staging.go:142.4,142.24 1 1
github.com/relux-works/curator/internal/transaction/staging.go:142.24,144.5 1 0
github.com/relux-works/curator/internal/transaction/staging.go:145.4,145.45 1 1
github.com/relux-works/curator/internal/transaction/staging.go:145.45,147.5 1 0
github.com/relux-works/curator/internal/transaction/staging.go:148.4,148.88 1 1
github.com/relux-works/curator/internal/transaction/staging.go:148.88,150.5 1 0
github.com/relux-works/curator/internal/transaction/staging.go:151.4,155.54 5 1
github.com/relux-works/curator/internal/transaction/staging.go:155.54,157.5 1 0
github.com/relux-works/curator/internal/transaction/staging.go:158.4,158.84 1 1
github.com/relux-works/curator/internal/transaction/staging.go:158.84,160.5 1 0
github.com/relux-works/curator/internal/transaction/staging.go:162.3,162.33 1 1
github.com/relux-works/curator/internal/transaction/staging.go:162.33,163.9 1 1
github.com/relux-works/curator/internal/transaction/staging.go:165.3,165.21 1 1
github.com/relux-works/curator/internal/transaction/staging.go:165.21,167.4 1 0
github.com/relux-works/curator/internal/transaction/staging.go:169.2,169.12 1 1
github.com/relux-works/curator/internal/transaction/staging.go:172.64,173.37 1 1
github.com/relux-works/curator/internal/transaction/staging.go:173.37,175.3 1 0
github.com/relux-works/curator/internal/transaction/staging.go:176.2,176.62 1 1
github.com/relux-works/curator/internal/transaction/staging.go:176.62,178.3 1 0
github.com/relux-works/curator/internal/transaction/staging.go:179.2,179.61 1 1
github.com/relux-works/curator/internal/transaction/staging.go:179.61,181.30 2 1
github.com/relux-works/curator/internal/transaction/staging.go:181.30,182.12 1 0
github.com/relux-works/curator/internal/transaction/staging.go:184.3,184.30 1 1
github.com/relux-works/curator/internal/transaction/staging.go:184.30,185.64 1 0
github.com/relux-works/curator/internal/transaction/staging.go:185.64,187.5 1 0
github.com/relux-works/curator/internal/transaction/staging.go:187.10,187.37 1 0
github.com/relux-works/curator/internal/transaction/staging.go:187.37,189.5 1 0
github.com/relux-works/curator/internal/transaction/staging.go:190.4,190.12 1 0
github.com/relux-works/curator/internal/transaction/staging.go:192.3,192.57 1 1
github.com/relux-works/curator/internal/transaction/staging.go:192.57,194.4 1 1
github.com/relux-works/curator/internal/transaction/staging.go:195.3,196.17 2 1
github.com/relux-works/curator/internal/transaction/staging.go:196.17,198.4 1 0
github.com/relux-works/curator/internal/transaction/staging.go:199.3,199.29 1 1
github.com/relux-works/curator/internal/transaction/staging.go:199.29,200.12 1 0
github.com/relux-works/curator/internal/transaction/staging.go:202.3,203.17 2 1
github.com/relux-works/curator/internal/transaction/staging.go:203.17,205.4 1 0
github.com/relux-works/curator/internal/transaction/staging.go:206.3,206.57 1 1
github.com/relux-works/curator/internal/transaction/staging.go:206.57,208.4 1 0
github.com/relux-works/curator/internal/transaction/staging.go:209.3,212.53 4 1
github.com/relux-works/curator/internal/transaction/staging.go:212.53,217.4 4 0
github.com/relux-works/curator/internal/transaction/staging.go:218.3,218.142 1 1
github.com/relux-works/curator/internal/transaction/staging.go:218.142,220.4 1 0
github.com/relux-works/curator/internal/transaction/staging.go:222.2,222.37 1 1
github.com/relux-works/curator/internal/transaction/staging.go:222.37,234.3 11 1
github.com/relux-works/curator/internal/transaction/staging.go:235.2,236.52 2 1
github.com/relux-works/curator/internal/transaction/staging.go:236.52,238.3 1 0
github.com/relux-works/curator/internal/transaction/staging.go:239.2,239.33 1 1
github.com/relux-works/curator/internal/transaction/staging.go:242.58,243.29 1 1
github.com/relux-works/curator/internal/transaction/staging.go:243.29,245.3 1 0
github.com/relux-works/curator/internal/transaction/staging.go:246.2,246.160 1 1
github.com/relux-works/curator/internal/transaction/staging.go:246.160,248.3 1 0
github.com/relux-works/curator/internal/transaction/staging.go:249.2,250.50 2 1
github.com/relux-works/curator/internal/transaction/staging.go:250.50,252.3 1 1
github.com/relux-works/curator/internal/transaction/staging.go:253.2,255.28 3 1
github.com/relux-works/curator/internal/transaction/staging.go:255.28,256.188 1 0
github.com/relux-works/curator/internal/transaction/staging.go:256.188,258.4 1 0
github.com/relux-works/curator/internal/transaction/staging.go:259.3,259.13 1 0
github.com/relux-works/curator/internal/transaction/staging.go:261.2,261.20 1 1
github.com/relux-works/curator/internal/transaction/staging.go:261.20,263.3 1 0
github.com/relux-works/curator/internal/transaction/staging.go:264.2,264.102 1 1
github.com/relux-works/curator/internal/transaction/staging.go:264.102,265.21 1 1
github.com/relux-works/curator/internal/transaction/staging.go:265.21,267.4 1 0
github.com/relux-works/curator/internal/transaction/staging.go:268.3,269.17 2 1
github.com/relux-works/curator/internal/transaction/staging.go:269.17,271.4 1 0
github.com/relux-works/curator/internal/transaction/staging.go:272.3,272.22 1 1
github.com/relux-works/curator/internal/transaction/staging.go:272.22,274.4 1 1
github.com/relux-works/curator/internal/transaction/staging.go:274.9,276.4 1 1
github.com/relux-works/curator/internal/transaction/staging.go:277.3,278.13 2 1
github.com/relux-works/curator/internal/transaction/staging.go:278.13,280.4 1 1
github.com/relux-works/curator/internal/transaction/staging.go:281.3,282.10 2 1
github.com/relux-works/curator/internal/transaction/staging.go:283.39,284.67 1 1
github.com/relux-works/curator/internal/transaction/staging.go:284.67,286.5 1 0
github.com/relux-works/curator/internal/transaction/staging.go:287.64,288.83 1 1
github.com/relux-works/curator/internal/transaction/staging.go:288.83,290.5 1 1
github.com/relux-works/curator/internal/transaction/staging.go:291.11,292.135 1 0
github.com/relux-works/curator/internal/transaction/staging.go:294.3,295.13 2 1
github.com/relux-works/curator/internal/transaction/staging.go:297.2,297.16 1 1
github.com/relux-works/curator/internal/transaction/staging.go:297.16,299.3 1 1
github.com/relux-works/curator/internal/transaction/staging.go:300.2,300.55 1 1
github.com/relux-works/curator/internal/transaction/staging.go:300.55,301.38 1 1
github.com/relux-works/curator/internal/transaction/staging.go:301.38,303.4 1 0
github.com/relux-works/curator/internal/transaction/staging.go:305.2,305.51 1 1
github.com/relux-works/curator/internal/transaction/staging.go:305.51,306.52 1 1
github.com/relux-works/curator/internal/transaction/staging.go:306.52,308.4 1 0
github.com/relux-works/curator/internal/transaction/staging.go:310.2,310.12 1 1
github.com/relux-works/curator/internal/transaction/staging.go:313.121,314.37 1 1
github.com/relux-works/curator/internal/transaction/staging.go:314.37,316.3 1 0
github.com/relux-works/curator/internal/transaction/staging.go:317.2,317.31 1 1
github.com/relux-works/curator/internal/transaction/staging.go:317.31,318.91 1 0
github.com/relux-works/curator/internal/transaction/staging.go:318.91,320.4 1 0
github.com/relux-works/curator/internal/transaction/staging.go:321.3,321.13 1 0
github.com/relux-works/curator/internal/transaction/staging.go:323.2,323.54 1 1
github.com/relux-works/curator/internal/transaction/staging.go:323.54,325.3 1 0
github.com/relux-works/curator/internal/transaction/staging.go:326.2,326.28 1 1
github.com/relux-works/curator/internal/transaction/staging.go:326.28,327.87 1 0
github.com/relux-works/curator/internal/transaction/staging.go:327.87,329.4 1 0
github.com/relux-works/curator/internal/transaction/staging.go:330.3,330.13 1 0
github.com/relux-works/curator/internal/transaction/staging.go:332.2,332.46 1 1
github.com/relux-works/curator/internal/transaction/staging.go:332.46,334.3 1 0
github.com/relux-works/curator/internal/transaction/staging.go:335.2,337.16 3 1
github.com/relux-works/curator/internal/transaction/staging.go:337.16,339.3 1 0
github.com/relux-works/curator/internal/transaction/staging.go:340.2,340.70 1 1
github.com/relux-works/curator/internal/transaction/staging.go:340.70,342.3 1 0
github.com/relux-works/curator/internal/transaction/staging.go:343.2,343.72 1 1
github.com/relux-works/curator/internal/transaction/staging.go:343.72,345.3 1 0
github.com/relux-works/curator/internal/transaction/staging.go:346.2,346.50 1 1
github.com/relux-works/curator/internal/transaction/staging.go:346.50,348.3 1 0
github.com/relux-works/curator/internal/transaction/staging.go:349.2,349.35 1 1
github.com/relux-works/curator/internal/transaction/staging.go:349.35,351.45 2 1
github.com/relux-works/curator/internal/transaction/staging.go:351.45,353.4 1 0
github.com/relux-works/curator/internal/transaction/staging.go:354.3,354.53 1 1
github.com/relux-works/curator/internal/transaction/staging.go:354.53,356.4 1 0
github.com/relux-works/curator/internal/transaction/staging.go:358.2,359.35 2 1
github.com/relux-works/curator/internal/transaction/staging.go:359.35,361.3 1 1
github.com/relux-works/curator/internal/transaction/staging.go:362.2,362.68 1 1
github.com/relux-works/curator/internal/transaction/staging.go:362.68,364.3 1 1
github.com/relux-works/curator/internal/transaction/staging.go:365.2,365.35 1 1
github.com/relux-works/curator/internal/transaction/staging.go:365.35,367.17 2 1
github.com/relux-works/curator/internal/transaction/staging.go:367.17,369.4 1 0
github.com/relux-works/curator/internal/transaction/staging.go:370.3,372.58 3 1
github.com/relux-works/curator/internal/transaction/staging.go:372.58,374.4 1 0
github.com/relux-works/curator/internal/transaction/staging.go:375.3,375.49 1 1
github.com/relux-works/curator/internal/transaction/staging.go:375.49,377.4 1 0
github.com/relux-works/curator/internal/transaction/staging.go:379.2,379.22 1 1
github.com/relux-works/curator/internal/transaction/staging.go:379.22,380.67 1 0
github.com/relux-works/curator/internal/transaction/staging.go:380.67,382.4 1 0
github.com/relux-works/curator/internal/transaction/staging.go:383.3,383.13 1 0
github.com/relux-works/curator/internal/transaction/staging.go:385.2,386.16 2 1
github.com/relux-works/curator/internal/transaction/staging.go:386.16,388.3 1 0
github.com/relux-works/curator/internal/transaction/staging.go:389.2,389.15 1 1
github.com/relux-works/curator/internal/transaction/staging.go:389.15,389.67 1 1
github.com/relux-works/curator/internal/transaction/staging.go:390.2,391.16 2 1
github.com/relux-works/curator/internal/transaction/staging.go:391.16,393.3 1 0
github.com/relux-works/curator/internal/transaction/staging.go:394.2,394.15 1 1
github.com/relux-works/curator/internal/transaction/staging.go:394.15,394.67 1 1
github.com/relux-works/curator/internal/transaction/staging.go:395.2,396.16 2 1
github.com/relux-works/curator/internal/transaction/staging.go:396.16,398.3 1 0
github.com/relux-works/curator/internal/transaction/staging.go:399.2,400.16 2 1
github.com/relux-works/curator/internal/transaction/staging.go:400.16,402.3 1 0
github.com/relux-works/curator/internal/transaction/staging.go:403.2,403.34 1 1
github.com/relux-works/curator/internal/transaction/staging.go:403.34,405.3 1 1
github.com/relux-works/curator/internal/transaction/staging.go:406.2,406.86 1 1
github.com/relux-works/curator/internal/transaction/staging.go:406.86,408.3 1 0
github.com/relux-works/curator/internal/transaction/staging.go:409.2,409.12 1 1
github.com/relux-works/curator/internal/transaction/staging.go:412.60,415.49 3 1
github.com/relux-works/curator/internal/transaction/staging.go:415.49,417.3 1 0
github.com/relux-works/curator/internal/transaction/staging.go:418.2,418.59 1 1
github.com/relux-works/curator/internal/transaction/staging.go:421.53,422.20 1 1
github.com/relux-works/curator/internal/transaction/staging.go:422.20,424.3 1 1
github.com/relux-works/curator/internal/transaction/staging.go:425.2,425.58 1 1
github.com/relux-works/curator/internal/transaction/types.go:196.36,197.30 1 1
github.com/relux-works/curator/internal/transaction/types.go:197.30,197.54 1 1
github.com/relux-works/curator/internal/transaction/types.go:200.52,202.2 1 1
github.com/relux-works/curator/internal/transaction/types.go:204.49,206.2 1 1
github.com/relux-works/curator/internal/transaction/types.go:208.83,211.2 2 1
